2023-04-10 22:40:40,424 - Logs/Atharva Savdhan Far - INFO - Logger Logs/Atharva Savdhan Far created, with level 20
2023-04-10 22:40:47,308 - Logs/Atharva Savdhan Far - INFO - Incorrect Front Savdhan Position
2023-04-10 22:40:47,308 - Logs/Atharva Savdhan Far - INFO - Incorrect distance between leftwrist_lefthip
2023-04-10 22:40:47,308 - Logs/Atharva Savdhan Far - INFO - distance_between_leftwrist_lefthip: 25.0: (30, 60)
2023-04-10 22:40:47,695 - Logs/Atharva Savdhan Far - INFO - Incorrect Front Savdhan Position
2023-04-10 22:40:47,695 - Logs/Atharva Savdhan Far - INFO - Incorrect distance between leftwrist_lefthip
2023-04-10 22:40:47,695 - Logs/Atharva Savdhan Far - INFO - distance_between_leftwrist_lefthip: 22.561028345356956: (30, 60)
2023-04-10 22:40:47,695 - Logs/Atharva Savdhan Far - INFO - Incorrect angle between ankles
2023-04-10 22:40:47,695 - Logs/Atharva Savdhan Far - INFO - angle_between_ankle: 78.30106239119735: (80, 120)
2023-04-10 22:40:47,983 - Logs/Atharva Savdhan Far - INFO - Incorrect Front Savdhan Position
2023-04-10 22:40:47,983 - Logs/Atharva Savdhan Far - INFO - Incorrect distance between leftwrist_lefthip
2023-04-10 22:40:47,983 - Logs/Atharva Savdhan Far - INFO - distance_between_leftwrist_lefthip: 24.041630560342615: (30, 60)
2023-04-10 22:40:48,257 - Logs/Atharva Savdhan Far - INFO - Incorrect Front Savdhan Position
2023-04-10 22:40:48,257 - Logs/Atharva Savdhan Far - INFO - Incorrect distance between leftwrist_lefthip
2023-04-10 22:40:48,257 - Logs/Atharva Savdhan Far - INFO - distance_between_leftwrist_lefthip: 23.08679276123039: (30, 60)
2023-04-10 22:40:48,530 - Logs/Atharva Savdhan Far - INFO - Incorrect Front Savdhan Position
2023-04-10 22:40:48,530 - Logs/Atharva Savdhan Far - INFO - Incorrect distance between leftwrist_lefthip
2023-04-10 22:40:48,530 - Logs/Atharva Savdhan Far - INFO - distance_between_leftwrist_lefthip: 25.0: (30, 60)
2023-04-10 22:40:48,530 - Logs/Atharva Savdhan Far - INFO - Incorrect angle between ankles
2023-04-10 22:40:48,530 - Logs/Atharva Savdhan Far - INFO - angle_between_ankle: 76.42447175109723: (80, 120)
2023-04-10 22:40:48,810 - Logs/Atharva Savdhan Far - INFO - Incorrect Front Savdhan Position
2023-04-10 22:40:48,810 - Logs/Atharva Savdhan Far - INFO - Incorrect distance between leftwrist_lefthip
2023-04-10 22:40:48,810 - Logs/Atharva Savdhan Far - INFO - distance_between_leftwrist_lefthip: 27.202941017470888: (30, 60)
2023-04-10 22:40:48,810 - Logs/Atharva Savdhan Far - INFO - Incorrect angle between ankles
2023-04-10 22:40:48,810 - Logs/Atharva Savdhan Far - INFO - angle_between_ankle: 76.56056598330272: (80, 120)
2023-04-10 22:40:49,089 - Logs/Atharva Savdhan Far - INFO - Incorrect Front Savdhan Position
2023-04-10 22:40:49,089 - Logs/Atharva Savdhan Far - INFO - Incorrect distance between leftwrist_lefthip
2023-04-10 22:40:49,089 - Logs/Atharva Savdhan Far - INFO - distance_between_leftwrist_lefthip: 25.298221281347036: (30, 60)
2023-04-10 22:40:49,089 - Logs/Atharva Savdhan Far - INFO - Incorrect angle between ankles
2023-04-10 22:40:49,089 - Logs/Atharva Savdhan Far - INFO - angle_between_ankle: 79.44154305187168: (80, 120)
2023-04-10 22:40:49,369 - Logs/Atharva Savdhan Far - INFO - Incorrect Front Savdhan Position
2023-04-10 22:40:49,370 - Logs/Atharva Savdhan Far - INFO - Incorrect distance between leftwrist_lefthip
2023-04-10 22:40:49,370 - Logs/Atharva Savdhan Far - INFO - distance_between_leftwrist_lefthip: 24.351591323771842: (30, 60)
2023-04-10 22:40:49,370 - Logs/Atharva Savdhan Far - INFO - Incorrect angle between ankles
2023-04-10 22:40:49,370 - Logs/Atharva Savdhan Far - INFO - angle_between_ankle: 73.33913203589589: (80, 120)
2023-04-10 22:40:49,645 - Logs/Atharva Savdhan Far - INFO - Incorrect Front Savdhan Position
2023-04-10 22:40:49,645 - Logs/Atharva Savdhan Far - INFO - Incorrect distance between leftwrist_lefthip
2023-04-10 22:40:49,645 - Logs/Atharva Savdhan Far - INFO - distance_between_leftwrist_lefthip: 26.0: (30, 60)
2023-04-10 22:40:49,913 - Logs/Atharva Savdhan Far - INFO - Incorrect Front Savdhan Position
2023-04-10 22:40:49,913 - Logs/Atharva Savdhan Far - INFO - Incorrect distance between leftwrist_lefthip
2023-04-10 22:40:49,913 - Logs/Atharva Savdhan Far - INFO - distance_between_leftwrist_lefthip: 26.92582403567252: (30, 60)
2023-04-10 22:40:50,187 - Logs/Atharva Savdhan Far - INFO - Incorrect Front Savdhan Position
2023-04-10 22:40:50,187 - Logs/Atharva Savdhan Far - INFO - Incorrect distance between leftwrist_lefthip
2023-04-10 22:40:50,187 - Logs/Atharva Savdhan Far - INFO - distance_between_leftwrist_lefthip: 26.92582403567252: (30, 60)
2023-04-10 22:40:50,463 - Logs/Atharva Savdhan Far - INFO - Incorrect Front Savdhan Position
2023-04-10 22:40:50,463 - Logs/Atharva Savdhan Far - INFO - Incorrect distance between leftwrist_lefthip
2023-04-10 22:40:50,463 - Logs/Atharva Savdhan Far - INFO - distance_between_leftwrist_lefthip: 24.698178070456937: (30, 60)
2023-04-10 22:40:50,463 - Logs/Atharva Savdhan Far - INFO - Incorrect angle between ankles
2023-04-10 22:40:50,463 - Logs/Atharva Savdhan Far - INFO - angle_between_ankle: 77.47119229084849: (80, 120)
2023-04-10 22:40:50,748 - Logs/Atharva Savdhan Far - INFO - Incorrect Front Savdhan Position
2023-04-10 22:40:50,749 - Logs/Atharva Savdhan Far - INFO - Incorrect distance between leftwrist_lefthip
2023-04-10 22:40:50,749 - Logs/Atharva Savdhan Far - INFO - distance_between_leftwrist_lefthip: 25.0: (30, 60)
2023-04-10 22:40:50,749 - Logs/Atharva Savdhan Far - INFO - Incorrect angle between ankles
2023-04-10 22:40:50,749 - Logs/Atharva Savdhan Far - INFO - angle_between_ankle: 78.09169993868245: (80, 120)
2023-04-10 22:40:51,026 - Logs/Atharva Savdhan Far - INFO - Incorrect Front Savdhan Position
2023-04-10 22:40:51,026 - Logs/Atharva Savdhan Far - INFO - Incorrect distance between leftwrist_lefthip
2023-04-10 22:40:51,026 - Logs/Atharva Savdhan Far - INFO - distance_between_leftwrist_lefthip: 25.632011235952593: (30, 60)
2023-04-10 22:40:51,027 - Logs/Atharva Savdhan Far - INFO - Incorrect angle between ankles
2023-04-10 22:40:51,027 - Logs/Atharva Savdhan Far - INFO - angle_between_ankle: 75.2959638787792: (80, 120)
2023-04-10 22:40:51,350 - Logs/Atharva Savdhan Far - INFO - Incorrect Front Savdhan Position
2023-04-10 22:40:51,350 - Logs/Atharva Savdhan Far - INFO - Incorrect distance between leftwrist_lefthip
2023-04-10 22:40:51,350 - Logs/Atharva Savdhan Far - INFO - distance_between_leftwrist_lefthip: 27.313000567495326: (30, 60)
2023-04-10 22:40:51,623 - Logs/Atharva Savdhan Far - INFO - Incorrect Front Savdhan Position
2023-04-10 22:40:51,624 - Logs/Atharva Savdhan Far - INFO - Incorrect distance between leftwrist_lefthip
2023-04-10 22:40:51,624 - Logs/Atharva Savdhan Far - INFO - distance_between_leftwrist_lefthip: 26.570660511172846: (30, 60)
2023-04-10 22:40:51,624 - Logs/Atharva Savdhan Far - INFO - Incorrect angle between ankles
2023-04-10 22:40:51,624 - Logs/Atharva Savdhan Far - INFO - angle_between_ankle: 76.5933551404838: (80, 120)
2023-04-10 22:40:51,900 - Logs/Atharva Savdhan Far - INFO - Incorrect Front Savdhan Position
2023-04-10 22:40:51,900 - Logs/Atharva Savdhan Far - INFO - Incorrect distance between leftwrist_lefthip
2023-04-10 22:40:51,900 - Logs/Atharva Savdhan Far - INFO - distance_between_leftwrist_lefthip: 26.92582403567252: (30, 60)
2023-04-10 22:40:52,175 - Logs/Atharva Savdhan Far - INFO - Incorrect Front Savdhan Position
2023-04-10 22:40:52,175 - Logs/Atharva Savdhan Far - INFO - Incorrect distance between leftwrist_lefthip
2023-04-10 22:40:52,175 - Logs/Atharva Savdhan Far - INFO - distance_between_leftwrist_lefthip: 27.85677655436824: (30, 60)
2023-04-10 22:40:52,176 - Logs/Atharva Savdhan Far - INFO - Incorrect angle between ankles
2023-04-10 22:40:52,176 - Logs/Atharva Savdhan Far - INFO - angle_between_ankle: 75.80710407344027: (80, 120)
2023-04-10 22:40:52,460 - Logs/Atharva Savdhan Far - INFO - Incorrect Front Savdhan Position
2023-04-10 22:40:52,460 - Logs/Atharva Savdhan Far - INFO - Incorrect distance between leftwrist_lefthip
2023-04-10 22:40:52,460 - Logs/Atharva Savdhan Far - INFO - distance_between_leftwrist_lefthip: 25.632011235952593: (30, 60)
2023-04-10 22:40:52,460 - Logs/Atharva Savdhan Far - INFO - Incorrect angle between ankles
2023-04-10 22:40:52,460 - Logs/Atharva Savdhan Far - INFO - angle_between_ankle: 77.81136679806812: (80, 120)
2023-04-10 22:40:52,748 - Logs/Atharva Savdhan Far - INFO - Incorrect Front Savdhan Position
2023-04-10 22:40:52,748 - Logs/Atharva Savdhan Far - INFO - Incorrect distance between leftwrist_lefthip
2023-04-10 22:40:52,748 - Logs/Atharva Savdhan Far - INFO - distance_between_leftwrist_lefthip: 24.351591323771842: (30, 60)
2023-04-10 22:40:52,748 - Logs/Atharva Savdhan Far - INFO - Incorrect angle between ankles
2023-04-10 22:40:52,748 - Logs/Atharva Savdhan Far - INFO - angle_between_ankle: 75.75864125255222: (80, 120)
2023-04-10 22:40:53,022 - Logs/Atharva Savdhan Far - INFO - Incorrect Front Savdhan Position
2023-04-10 22:40:53,022 - Logs/Atharva Savdhan Far - INFO - Incorrect distance between leftwrist_lefthip
2023-04-10 22:40:53,022 - Logs/Atharva Savdhan Far - INFO - distance_between_leftwrist_lefthip: 25.0: (30, 60)
2023-04-10 22:40:53,022 - Logs/Atharva Savdhan Far - INFO - Incorrect angle between ankles
2023-04-10 22:40:53,022 - Logs/Atharva Savdhan Far - INFO - angle_between_ankle: 77.94921511659045: (80, 120)
2023-04-10 22:40:53,286 - Logs/Atharva Savdhan Far - INFO - Incorrect Front Savdhan Position
2023-04-10 22:40:53,286 - Logs/Atharva Savdhan Far - INFO - Incorrect distance between knees
2023-04-10 22:40:53,286 - Logs/Atharva Savdhan Far - INFO - distance_between_knees: 34.0147027033899: (35, 60)
2023-04-10 22:40:53,287 - Logs/Atharva Savdhan Far - INFO - Incorrect distance between leftwrist_lefthip
2023-04-10 22:40:53,287 - Logs/Atharva Savdhan Far - INFO - distance_between_leftwrist_lefthip: 26.92582403567252: (30, 60)
2023-04-10 22:40:53,287 - Logs/Atharva Savdhan Far - INFO - Incorrect angle between ankles
2023-04-10 22:40:53,287 - Logs/Atharva Savdhan Far - INFO - angle_between_ankle: 73.81548319946226: (80, 120)
2023-04-10 22:40:53,567 - Logs/Atharva Savdhan Far - INFO - Incorrect Front Savdhan Position
2023-04-10 22:40:53,567 - Logs/Atharva Savdhan Far - INFO - Incorrect distance between knees
2023-04-10 22:40:53,567 - Logs/Atharva Savdhan Far - INFO - distance_between_knees: 35.0: (35, 60)
2023-04-10 22:40:53,567 - Logs/Atharva Savdhan Far - INFO - Incorrect distance between leftwrist_lefthip
2023-04-10 22:40:53,567 - Logs/Atharva Savdhan Far - INFO - distance_between_leftwrist_lefthip: 26.92582403567252: (30, 60)
2023-04-10 22:40:53,567 - Logs/Atharva Savdhan Far - INFO - Incorrect angle between ankles
2023-04-10 22:40:53,567 - Logs/Atharva Savdhan Far - INFO - angle_between_ankle: 79.26110289909457: (80, 120)
2023-04-10 22:40:53,831 - Logs/Atharva Savdhan Far - INFO - Incorrect Front Savdhan Position
2023-04-10 22:40:53,832 - Logs/Atharva Savdhan Far - INFO - Incorrect distance between leftwrist_lefthip
2023-04-10 22:40:53,832 - Logs/Atharva Savdhan Far - INFO - distance_between_leftwrist_lefthip: 24.73863375370596: (30, 60)
