2023-04-10 22:05:11,735 - Logs/Prem Savdhan Near - INFO - Logger Logs/Prem Savdhan Near created, with level 20
2023-04-10 22:05:17,126 - Logs/Prem Savdhan Near - INFO - Incorrect Front Savdhan Position
2023-04-10 22:05:17,126 - Logs/Prem Savdhan Near - INFO - Incorrect distance between rightwrist_righthip
2023-04-10 22:05:17,126 - Logs/Prem Savdhan Near - INFO - distance_between_rightwrist_righthip: 36.05551275463989: (30, 60)
2023-04-10 22:05:17,647 - Logs/Prem Savdhan Near - INFO - Incorrect Front Savdhan Position
2023-04-10 22:05:17,647 - Logs/Prem Savdhan Near - INFO - Incorrect distance between rightwrist_righthip
2023-04-10 22:05:17,647 - Logs/Prem Savdhan Near - INFO - distance_between_rightwrist_righthip: 36.05551275463989: (30, 60)
2023-04-10 22:05:18,037 - Logs/Prem Savdhan Near - INFO - Incorrect Front Savdhan Position
2023-04-10 22:05:18,037 - Logs/Prem Savdhan Near - INFO - Incorrect distance between rightwrist_righthip
2023-04-10 22:05:18,037 - Logs/Prem Savdhan Near - INFO - distance_between_rightwrist_righthip: 37.013511046643494: (30, 60)
2023-04-10 22:05:18,444 - Logs/Prem Savdhan Near - INFO - Incorrect Front Savdhan Position
2023-04-10 22:05:18,444 - Logs/Prem Savdhan Near - INFO - Incorrect distance between rightwrist_righthip
2023-04-10 22:05:18,444 - Logs/Prem Savdhan Near - INFO - distance_between_rightwrist_righthip: 36.013886210738214: (30, 60)
2023-04-10 22:05:18,844 - Logs/Prem Savdhan Near - INFO - Incorrect Front Savdhan Position
2023-04-10 22:05:18,844 - Logs/Prem Savdhan Near - INFO - Incorrect distance between rightwrist_righthip
2023-04-10 22:05:18,844 - Logs/Prem Savdhan Near - INFO - distance_between_rightwrist_righthip: 37.0: (30, 60)
2023-04-10 22:05:19,240 - Logs/Prem Savdhan Near - INFO - Incorrect Front Savdhan Position
2023-04-10 22:05:19,240 - Logs/Prem Savdhan Near - INFO - Incorrect distance between rightwrist_righthip
2023-04-10 22:05:19,240 - Logs/Prem Savdhan Near - INFO - distance_between_rightwrist_righthip: 37.05401462729781: (30, 60)
2023-04-10 22:05:19,638 - Logs/Prem Savdhan Near - INFO - Incorrect Front Savdhan Position
2023-04-10 22:05:19,639 - Logs/Prem Savdhan Near - INFO - Incorrect distance between rightwrist_righthip
2023-04-10 22:05:19,639 - Logs/Prem Savdhan Near - INFO - distance_between_rightwrist_righthip: 37.013511046643494: (30, 60)
2023-04-10 22:05:20,034 - Logs/Prem Savdhan Near - INFO - Incorrect Front Savdhan Position
2023-04-10 22:05:20,035 - Logs/Prem Savdhan Near - INFO - Incorrect distance between rightwrist_righthip
2023-04-10 22:05:20,035 - Logs/Prem Savdhan Near - INFO - distance_between_rightwrist_righthip: 36.124783736376884: (30, 60)
2023-04-10 22:05:20,432 - Logs/Prem Savdhan Near - INFO - Incorrect Front Savdhan Position
2023-04-10 22:05:20,432 - Logs/Prem Savdhan Near - INFO - Incorrect distance between rightwrist_righthip
2023-04-10 22:05:20,432 - Logs/Prem Savdhan Near - INFO - distance_between_rightwrist_righthip: 34.23448553724738: (30, 60)
2023-04-10 22:05:20,834 - Logs/Prem Savdhan Near - INFO - Incorrect Front Savdhan Position
2023-04-10 22:05:20,834 - Logs/Prem Savdhan Near - INFO - Incorrect distance between rightwrist_righthip
2023-04-10 22:05:20,834 - Logs/Prem Savdhan Near - INFO - distance_between_rightwrist_righthip: 35.05709628591621: (30, 60)
2023-04-10 22:05:21,239 - Logs/Prem Savdhan Near - INFO - Incorrect Front Savdhan Position
2023-04-10 22:05:21,239 - Logs/Prem Savdhan Near - INFO - Incorrect distance between rightwrist_righthip
2023-04-10 22:05:21,239 - Logs/Prem Savdhan Near - INFO - distance_between_rightwrist_righthip: 38.2099463490856: (30, 60)
2023-04-10 22:05:21,638 - Logs/Prem Savdhan Near - INFO - Incorrect Front Savdhan Position
2023-04-10 22:05:21,639 - Logs/Prem Savdhan Near - INFO - Incorrect distance between rightwrist_righthip
2023-04-10 22:05:21,639 - Logs/Prem Savdhan Near - INFO - distance_between_rightwrist_righthip: 37.05401462729781: (30, 60)
2023-04-10 22:05:22,042 - Logs/Prem Savdhan Near - INFO - Incorrect Front Savdhan Position
2023-04-10 22:05:22,042 - Logs/Prem Savdhan Near - INFO - Incorrect distance between rightwrist_righthip
2023-04-10 22:05:22,042 - Logs/Prem Savdhan Near - INFO - distance_between_rightwrist_righthip: 34.058772731852805: (30, 60)
2023-04-10 22:05:22,447 - Logs/Prem Savdhan Near - INFO - Incorrect Front Savdhan Position
2023-04-10 22:05:22,448 - Logs/Prem Savdhan Near - INFO - Incorrect distance between rightwrist_righthip
2023-04-10 22:05:22,448 - Logs/Prem Savdhan Near - INFO - distance_between_rightwrist_righthip: 36.0: (30, 60)
2023-04-10 22:05:22,449 - Logs/Prem Savdhan Near - INFO - Incorrect distance between leftwrist_lefthip
2023-04-10 22:05:22,449 - Logs/Prem Savdhan Near - INFO - distance_between_leftwrist_lefthip: 29.154759474226502: (30, 60)
2023-04-10 22:05:22,905 - Logs/Prem Savdhan Near - INFO - Incorrect Front Savdhan Position
2023-04-10 22:05:22,906 - Logs/Prem Savdhan Near - INFO - Incorrect distance between rightwrist_righthip
2023-04-10 22:05:22,906 - Logs/Prem Savdhan Near - INFO - distance_between_rightwrist_righthip: 36.013886210738214: (30, 60)
2023-04-10 22:05:23,308 - Logs/Prem Savdhan Near - INFO - Incorrect Front Savdhan Position
2023-04-10 22:05:23,308 - Logs/Prem Savdhan Near - INFO - Incorrect distance between rightwrist_righthip
2023-04-10 22:05:23,308 - Logs/Prem Savdhan Near - INFO - distance_between_rightwrist_righthip: 36.0: (30, 60)
2023-04-10 22:05:23,712 - Logs/Prem Savdhan Near - INFO - Incorrect Front Savdhan Position
2023-04-10 22:05:23,712 - Logs/Prem Savdhan Near - INFO - Incorrect distance between rightwrist_righthip
2023-04-10 22:05:23,712 - Logs/Prem Savdhan Near - INFO - distance_between_rightwrist_righthip: 36.124783736376884: (30, 60)
2023-04-10 22:05:24,115 - Logs/Prem Savdhan Near - INFO - Incorrect Front Savdhan Position
2023-04-10 22:05:24,116 - Logs/Prem Savdhan Near - INFO - Incorrect distance between rightwrist_righthip
2023-04-10 22:05:24,116 - Logs/Prem Savdhan Near - INFO - distance_between_rightwrist_righthip: 35.014282800023196: (30, 60)
2023-04-10 22:05:24,519 - Logs/Prem Savdhan Near - INFO - Incorrect Front Savdhan Position
2023-04-10 22:05:24,519 - Logs/Prem Savdhan Near - INFO - Incorrect distance between rightwrist_righthip
2023-04-10 22:05:24,520 - Logs/Prem Savdhan Near - INFO - distance_between_rightwrist_righthip: 39.11521443121589: (30, 60)
2023-04-10 22:05:24,924 - Logs/Prem Savdhan Near - INFO - Incorrect Front Savdhan Position
2023-04-10 22:05:24,925 - Logs/Prem Savdhan Near - INFO - Incorrect distance between rightwrist_righthip
2023-04-10 22:05:24,925 - Logs/Prem Savdhan Near - INFO - distance_between_rightwrist_righthip: 37.013511046643494: (30, 60)
2023-04-10 22:05:25,328 - Logs/Prem Savdhan Near - INFO - Incorrect Front Savdhan Position
2023-04-10 22:05:25,329 - Logs/Prem Savdhan Near - INFO - Incorrect distance between rightwrist_righthip
2023-04-10 22:05:25,329 - Logs/Prem Savdhan Near - INFO - distance_between_rightwrist_righthip: 37.05401462729781: (30, 60)
2023-04-10 22:05:25,329 - Logs/Prem Savdhan Near - INFO - Incorrect distance between leftwrist_lefthip
2023-04-10 22:05:25,329 - Logs/Prem Savdhan Near - INFO - distance_between_leftwrist_lefthip: 30.0: (30, 60)
