2023-04-10 22:04:27,547 - Logs/Prem Savdhan Far - INFO - Logger Logs/Prem Savdhan Far created, with level 20
2023-04-10 22:04:30,103 - Logs/Prem Savdhan Far - INFO - Incorrect Front Savdhan Position
2023-04-10 22:04:30,103 - Logs/Prem Savdhan Far - INFO - Incorrect distance between leftwrist_lefthip
2023-04-10 22:04:30,103 - Logs/Prem Savdhan Far - INFO - distance_between_leftwrist_lefthip: 22.360679774997898: (30, 60)
2023-04-10 22:04:30,503 - Logs/Prem Savdhan Far - INFO - Incorrect Front Savdhan Position
2023-04-10 22:04:30,503 - Logs/Prem Savdhan Far - INFO - Incorrect distance between knees
2023-04-10 22:04:30,504 - Logs/Prem Savdhan Far - INFO - distance_between_knees: 34.132096331752024: (35, 60)
2023-04-10 22:04:30,504 - Logs/Prem Savdhan Far - INFO - Incorrect distance between ankles
2023-04-10 22:04:30,504 - Logs/Prem Savdhan Far - INFO - distance_between_ankles: 14.035668847618199: (15, 45)
2023-04-10 22:04:30,504 - Logs/Prem Savdhan Far - INFO - Incorrect distance between leftwrist_lefthip
2023-04-10 22:04:30,504 - Logs/Prem Savdhan Far - INFO - distance_between_leftwrist_lefthip: 20.396078054371138: (30, 60)
2023-04-10 22:04:30,905 - Logs/Prem Savdhan Far - INFO - Incorrect Front Savdhan Position
2023-04-10 22:04:30,905 - Logs/Prem Savdhan Far - INFO - Incorrect distance between ankles
2023-04-10 22:04:30,905 - Logs/Prem Savdhan Far - INFO - distance_between_ankles: 14.035668847618199: (15, 45)
2023-04-10 22:04:30,905 - Logs/Prem Savdhan Far - INFO - Incorrect distance between leftwrist_lefthip
2023-04-10 22:04:30,905 - Logs/Prem Savdhan Far - INFO - distance_between_leftwrist_lefthip: 21.37755832643195: (30, 60)
2023-04-10 22:04:32,088 - Logs/Prem Savdhan Far - INFO - Incorrect Front Savdhan Position
2023-04-10 22:04:32,088 - Logs/Prem Savdhan Far - INFO - Incorrect distance between knees
2023-04-10 22:04:32,088 - Logs/Prem Savdhan Far - INFO - distance_between_knees: 34.132096331752024: (35, 60)
2023-04-10 22:04:32,088 - Logs/Prem Savdhan Far - INFO - Incorrect distance between leftwrist_lefthip
2023-04-10 22:04:32,088 - Logs/Prem Savdhan Far - INFO - distance_between_leftwrist_lefthip: 22.20360331117452: (30, 60)
2023-04-10 22:04:32,485 - Logs/Prem Savdhan Far - INFO - Incorrect Front Savdhan Position
2023-04-10 22:04:32,485 - Logs/Prem Savdhan Far - INFO - Incorrect distance between knees
2023-04-10 22:04:32,485 - Logs/Prem Savdhan Far - INFO - distance_between_knees: 34.058772731852805: (35, 60)
2023-04-10 22:04:32,485 - Logs/Prem Savdhan Far - INFO - Incorrect distance between ankles
2023-04-10 22:04:32,485 - Logs/Prem Savdhan Far - INFO - distance_between_ankles: 14.035668847618199: (15, 45)
2023-04-10 22:04:32,486 - Logs/Prem Savdhan Far - INFO - Incorrect distance between leftwrist_lefthip
2023-04-10 22:04:32,486 - Logs/Prem Savdhan Far - INFO - distance_between_leftwrist_lefthip: 24.331050121192877: (30, 60)
2023-04-10 22:04:32,486 - Logs/Prem Savdhan Far - INFO - Incorrect angle between ankles
2023-04-10 22:04:32,486 - Logs/Prem Savdhan Far - INFO - angle_between_ankle: 144.86580694308435: (80, 120)
2023-04-10 22:04:33,284 - Logs/Prem Savdhan Far - INFO - Incorrect Front Savdhan Position
2023-04-10 22:04:33,284 - Logs/Prem Savdhan Far - INFO - Incorrect distance between knees
2023-04-10 22:04:33,284 - Logs/Prem Savdhan Far - INFO - distance_between_knees: 33.13608305156178: (35, 60)
2023-04-10 22:04:33,284 - Logs/Prem Savdhan Far - INFO - Incorrect distance between leftwrist_lefthip
2023-04-10 22:04:33,285 - Logs/Prem Savdhan Far - INFO - distance_between_leftwrist_lefthip: 20.223748416156685: (30, 60)
2023-04-10 22:04:33,677 - Logs/Prem Savdhan Far - INFO - Incorrect Front Savdhan Position
2023-04-10 22:04:33,678 - Logs/Prem Savdhan Far - INFO - Incorrect distance between knees
2023-04-10 22:04:33,678 - Logs/Prem Savdhan Far - INFO - distance_between_knees: 34.132096331752024: (35, 60)
2023-04-10 22:04:33,678 - Logs/Prem Savdhan Far - INFO - Incorrect distance between ankles
2023-04-10 22:04:33,678 - Logs/Prem Savdhan Far - INFO - distance_between_ankles: 14.0: (15, 45)
2023-04-10 22:04:33,678 - Logs/Prem Savdhan Far - INFO - Incorrect distance between leftwrist_lefthip
2023-04-10 22:04:33,678 - Logs/Prem Savdhan Far - INFO - distance_between_leftwrist_lefthip: 21.095023109728988: (30, 60)
2023-04-10 22:04:34,076 - Logs/Prem Savdhan Far - INFO - Incorrect Front Savdhan Position
2023-04-10 22:04:34,077 - Logs/Prem Savdhan Far - INFO - Incorrect distance between knees
2023-04-10 22:04:34,077 - Logs/Prem Savdhan Far - INFO - distance_between_knees: 34.058772731852805: (35, 60)
2023-04-10 22:04:34,077 - Logs/Prem Savdhan Far - INFO - Incorrect distance between leftwrist_lefthip
2023-04-10 22:04:34,077 - Logs/Prem Savdhan Far - INFO - distance_between_leftwrist_lefthip: 20.396078054371138: (30, 60)
2023-04-10 22:04:36,939 - Logs/Prem Savdhan Far - INFO - Incorrect Front Savdhan Position
2023-04-10 22:04:36,940 - Logs/Prem Savdhan Far - INFO - Incorrect distance between knees
2023-04-10 22:04:36,940 - Logs/Prem Savdhan Far - INFO - distance_between_knees: 33.24154027718932: (35, 60)
2023-04-10 22:04:36,940 - Logs/Prem Savdhan Far - INFO - Incorrect distance between leftwrist_lefthip
2023-04-10 22:04:36,940 - Logs/Prem Savdhan Far - INFO - distance_between_leftwrist_lefthip: 25.495097567963924: (30, 60)
2023-04-10 22:04:37,361 - Logs/Prem Savdhan Far - INFO - Incorrect Front Savdhan Position
2023-04-10 22:04:37,361 - Logs/Prem Savdhan Far - INFO - Incorrect distance between knees
2023-04-10 22:04:37,361 - Logs/Prem Savdhan Far - INFO - distance_between_knees: 33.015148038438355: (35, 60)
2023-04-10 22:04:37,361 - Logs/Prem Savdhan Far - INFO - Incorrect distance between leftwrist_lefthip
2023-04-10 22:04:37,361 - Logs/Prem Savdhan Far - INFO - distance_between_leftwrist_lefthip: 19.235384061671343: (30, 60)
