2023-04-10 22:16:16,887 - Logs/Rohit savdhan near - INFO - Logger Logs/Rohit savdhan near created, with level 20
2023-04-10 22:16:25,577 - Logs/Rohit savdhan near - INFO - Logger Logs/Rohit savdhan near created, with level 20
2023-04-10 22:16:28,272 - Logs/Rohit savdhan near - INFO - Incorrect Front Savdhan Position
2023-04-10 22:16:28,272 - Logs/Rohit savdhan near - INFO - Incorrect distance between rightwrist_righthip
2023-04-10 22:16:28,272 - Logs/Rohit savdhan near - INFO - distance_between_rightwrist_righthip: 32.2490309931942: (30, 60)
2023-04-10 22:16:28,272 - Logs/Rohit savdhan near - INFO - Incorrect distance between leftwrist_lefthip
2023-04-10 22:16:28,272 - Logs/Rohit savdhan near - INFO - distance_between_leftwrist_lefthip: 27.018512172212592: (30, 60)
2023-04-10 22:16:28,680 - Logs/Rohit savdhan near - INFO - Incorrect Front Savdhan Position
2023-04-10 22:16:28,680 - Logs/Rohit savdhan near - INFO - Incorrect distance between rightwrist_righthip
2023-04-10 22:16:28,681 - Logs/Rohit savdhan near - INFO - distance_between_rightwrist_righthip: 31.144823004794873: (30, 60)
2023-04-10 22:16:28,681 - Logs/Rohit savdhan near - INFO - Incorrect distance between leftwrist_lefthip
2023-04-10 22:16:28,681 - Logs/Rohit savdhan near - INFO - distance_between_leftwrist_lefthip: 28.071337695236398: (30, 60)
2023-04-10 22:16:28,961 - Logs/Rohit savdhan near - INFO - Incorrect Front Savdhan Position
2023-04-10 22:16:28,961 - Logs/Rohit savdhan near - INFO - Incorrect distance between rightwrist_righthip
2023-04-10 22:16:28,961 - Logs/Rohit savdhan near - INFO - distance_between_rightwrist_righthip: 31.25699921617557: (30, 60)
2023-04-10 22:16:28,961 - Logs/Rohit savdhan near - INFO - Incorrect distance between leftwrist_lefthip
2023-04-10 22:16:28,962 - Logs/Rohit savdhan near - INFO - distance_between_leftwrist_lefthip: 28.071337695236398: (30, 60)
2023-04-10 22:16:29,265 - Logs/Rohit savdhan near - INFO - Incorrect Front Savdhan Position
2023-04-10 22:16:29,265 - Logs/Rohit savdhan near - INFO - Incorrect distance between rightwrist_righthip
2023-04-10 22:16:29,265 - Logs/Rohit savdhan near - INFO - distance_between_rightwrist_righthip: 31.144823004794873: (30, 60)
2023-04-10 22:16:29,265 - Logs/Rohit savdhan near - INFO - Incorrect distance between leftwrist_lefthip
2023-04-10 22:16:29,265 - Logs/Rohit savdhan near - INFO - distance_between_leftwrist_lefthip: 28.0178514522438: (30, 60)
2023-04-10 22:16:29,540 - Logs/Rohit savdhan near - INFO - Incorrect Front Savdhan Position
2023-04-10 22:16:29,541 - Logs/Rohit savdhan near - INFO - Incorrect distance between rightwrist_righthip
2023-04-10 22:16:29,541 - Logs/Rohit savdhan near - INFO - distance_between_rightwrist_righthip: 31.144823004794873: (30, 60)
2023-04-10 22:16:29,541 - Logs/Rohit savdhan near - INFO - Incorrect distance between leftwrist_lefthip
2023-04-10 22:16:29,541 - Logs/Rohit savdhan near - INFO - distance_between_leftwrist_lefthip: 27.16615541441225: (30, 60)
2023-04-10 22:16:29,827 - Logs/Rohit savdhan near - INFO - Incorrect Front Savdhan Position
2023-04-10 22:16:29,827 - Logs/Rohit savdhan near - INFO - Incorrect distance between rightwrist_righthip
2023-04-10 22:16:29,827 - Logs/Rohit savdhan near - INFO - distance_between_rightwrist_righthip: 31.064449134018133: (30, 60)
2023-04-10 22:16:29,827 - Logs/Rohit savdhan near - INFO - Incorrect distance between leftwrist_lefthip
2023-04-10 22:16:29,827 - Logs/Rohit savdhan near - INFO - distance_between_leftwrist_lefthip: 28.071337695236398: (30, 60)
2023-04-10 22:16:30,107 - Logs/Rohit savdhan near - INFO - Incorrect Front Savdhan Position
2023-04-10 22:16:30,107 - Logs/Rohit savdhan near - INFO - Incorrect distance between rightwrist_righthip
2023-04-10 22:16:30,107 - Logs/Rohit savdhan near - INFO - distance_between_rightwrist_righthip: 32.01562118716424: (30, 60)
2023-04-10 22:16:30,107 - Logs/Rohit savdhan near - INFO - Incorrect distance between leftwrist_lefthip
2023-04-10 22:16:30,107 - Logs/Rohit savdhan near - INFO - distance_between_leftwrist_lefthip: 27.294688127912362: (30, 60)
2023-04-10 22:16:30,400 - Logs/Rohit savdhan near - INFO - Incorrect Front Savdhan Position
2023-04-10 22:16:30,400 - Logs/Rohit savdhan near - INFO - Incorrect distance between rightwrist_righthip
2023-04-10 22:16:30,400 - Logs/Rohit savdhan near - INFO - distance_between_rightwrist_righthip: 32.0624390837628: (30, 60)
2023-04-10 22:16:30,400 - Logs/Rohit savdhan near - INFO - Incorrect distance between leftwrist_lefthip
2023-04-10 22:16:30,401 - Logs/Rohit savdhan near - INFO - distance_between_leftwrist_lefthip: 27.073972741361768: (30, 60)
2023-04-10 22:16:30,686 - Logs/Rohit savdhan near - INFO - Incorrect Front Savdhan Position
2023-04-10 22:16:30,686 - Logs/Rohit savdhan near - INFO - Incorrect distance between rightwrist_righthip
2023-04-10 22:16:30,686 - Logs/Rohit savdhan near - INFO - distance_between_rightwrist_righthip: 32.01562118716424: (30, 60)
2023-04-10 22:16:30,686 - Logs/Rohit savdhan near - INFO - Incorrect distance between leftwrist_lefthip
2023-04-10 22:16:30,686 - Logs/Rohit savdhan near - INFO - distance_between_leftwrist_lefthip: 26.30589287593181: (30, 60)
2023-04-10 22:16:30,965 - Logs/Rohit savdhan near - INFO - Incorrect Front Savdhan Position
2023-04-10 22:16:30,965 - Logs/Rohit savdhan near - INFO - Incorrect distance between rightwrist_righthip
2023-04-10 22:16:30,965 - Logs/Rohit savdhan near - INFO - distance_between_rightwrist_righthip: 32.0624390837628: (30, 60)
2023-04-10 22:16:30,965 - Logs/Rohit savdhan near - INFO - Incorrect distance between leftwrist_lefthip
2023-04-10 22:16:30,965 - Logs/Rohit savdhan near - INFO - distance_between_leftwrist_lefthip: 27.073972741361768: (30, 60)
2023-04-10 22:16:31,253 - Logs/Rohit savdhan near - INFO - Incorrect Front Savdhan Position
2023-04-10 22:16:31,253 - Logs/Rohit savdhan near - INFO - Incorrect distance between rightwrist_righthip
2023-04-10 22:16:31,253 - Logs/Rohit savdhan near - INFO - distance_between_rightwrist_righthip: 33.06055050963308: (30, 60)
2023-04-10 22:16:31,253 - Logs/Rohit savdhan near - INFO - Incorrect distance between leftwrist_lefthip
2023-04-10 22:16:31,253 - Logs/Rohit savdhan near - INFO - distance_between_leftwrist_lefthip: 27.294688127912362: (30, 60)
2023-04-10 22:16:31,541 - Logs/Rohit savdhan near - INFO - Incorrect Front Savdhan Position
2023-04-10 22:16:31,542 - Logs/Rohit savdhan near - INFO - Incorrect distance between rightwrist_righthip
2023-04-10 22:16:31,542 - Logs/Rohit savdhan near - INFO - distance_between_rightwrist_righthip: 32.14031735997639: (30, 60)
2023-04-10 22:16:31,542 - Logs/Rohit savdhan near - INFO - Incorrect distance between leftwrist_lefthip
2023-04-10 22:16:31,542 - Logs/Rohit savdhan near - INFO - distance_between_leftwrist_lefthip: 25.079872407968907: (30, 60)
2023-04-10 22:16:31,831 - Logs/Rohit savdhan near - INFO - Incorrect Front Savdhan Position
2023-04-10 22:16:31,831 - Logs/Rohit savdhan near - INFO - Incorrect distance between rightwrist_righthip
2023-04-10 22:16:31,831 - Logs/Rohit savdhan near - INFO - distance_between_rightwrist_righthip: 33.06055050963308: (30, 60)
2023-04-10 22:16:31,832 - Logs/Rohit savdhan near - INFO - Incorrect distance between leftwrist_lefthip
2023-04-10 22:16:31,832 - Logs/Rohit savdhan near - INFO - distance_between_leftwrist_lefthip: 27.073972741361768: (30, 60)
2023-04-10 22:16:32,118 - Logs/Rohit savdhan near - INFO - Incorrect Front Savdhan Position
2023-04-10 22:16:32,118 - Logs/Rohit savdhan near - INFO - Incorrect distance between rightwrist_righthip
2023-04-10 22:16:32,118 - Logs/Rohit savdhan near - INFO - distance_between_rightwrist_righthip: 32.14031735997639: (30, 60)
2023-04-10 22:16:32,118 - Logs/Rohit savdhan near - INFO - Incorrect distance between leftwrist_lefthip
2023-04-10 22:16:32,118 - Logs/Rohit savdhan near - INFO - distance_between_leftwrist_lefthip: 27.018512172212592: (30, 60)
2023-04-10 22:16:32,448 - Logs/Rohit savdhan near - INFO - Incorrect Front Savdhan Position
2023-04-10 22:16:32,449 - Logs/Rohit savdhan near - INFO - Incorrect distance between rightwrist_righthip
2023-04-10 22:16:32,449 - Logs/Rohit savdhan near - INFO - distance_between_rightwrist_righthip: 33.13608305156178: (30, 60)
2023-04-10 22:16:32,449 - Logs/Rohit savdhan near - INFO - Incorrect distance between leftwrist_lefthip
2023-04-10 22:16:32,449 - Logs/Rohit savdhan near - INFO - distance_between_leftwrist_lefthip: 27.018512172212592: (30, 60)
2023-04-10 22:16:32,727 - Logs/Rohit savdhan near - INFO - Incorrect Front Savdhan Position
2023-04-10 22:16:32,727 - Logs/Rohit savdhan near - INFO - Incorrect distance between rightwrist_righthip
2023-04-10 22:16:32,727 - Logs/Rohit savdhan near - INFO - distance_between_rightwrist_righthip: 33.13608305156178: (30, 60)
2023-04-10 22:16:32,728 - Logs/Rohit savdhan near - INFO - Incorrect distance between leftwrist_lefthip
2023-04-10 22:16:32,729 - Logs/Rohit savdhan near - INFO - distance_between_leftwrist_lefthip: 27.018512172212592: (30, 60)
2023-04-10 22:16:33,016 - Logs/Rohit savdhan near - INFO - Incorrect Front Savdhan Position
2023-04-10 22:16:33,016 - Logs/Rohit savdhan near - INFO - Incorrect distance between rightwrist_righthip
2023-04-10 22:16:33,016 - Logs/Rohit savdhan near - INFO - distance_between_rightwrist_righthip: 32.0624390837628: (30, 60)
2023-04-10 22:16:33,017 - Logs/Rohit savdhan near - INFO - Incorrect distance between leftwrist_lefthip
2023-04-10 22:16:33,017 - Logs/Rohit savdhan near - INFO - distance_between_leftwrist_lefthip: 26.1725046566048: (30, 60)
2023-04-10 22:16:33,303 - Logs/Rohit savdhan near - INFO - Incorrect Front Savdhan Position
2023-04-10 22:16:33,303 - Logs/Rohit savdhan near - INFO - Incorrect distance between rightwrist_righthip
2023-04-10 22:16:33,303 - Logs/Rohit savdhan near - INFO - distance_between_rightwrist_righthip: 32.14031735997639: (30, 60)
2023-04-10 22:16:33,304 - Logs/Rohit savdhan near - INFO - Incorrect distance between leftwrist_lefthip
2023-04-10 22:16:33,304 - Logs/Rohit savdhan near - INFO - distance_between_leftwrist_lefthip: 26.1725046566048: (30, 60)
2023-04-10 22:16:33,583 - Logs/Rohit savdhan near - INFO - Incorrect Front Savdhan Position
2023-04-10 22:16:33,584 - Logs/Rohit savdhan near - INFO - Incorrect distance between rightwrist_righthip
2023-04-10 22:16:33,584 - Logs/Rohit savdhan near - INFO - distance_between_rightwrist_righthip: 34.132096331752024: (30, 60)
2023-04-10 22:16:33,584 - Logs/Rohit savdhan near - INFO - Incorrect distance between leftwrist_lefthip
2023-04-10 22:16:33,584 - Logs/Rohit savdhan near - INFO - distance_between_leftwrist_lefthip: 27.073972741361768: (30, 60)
2023-04-10 22:16:33,866 - Logs/Rohit savdhan near - INFO - Incorrect Front Savdhan Position
2023-04-10 22:16:33,866 - Logs/Rohit savdhan near - INFO - Incorrect distance between rightwrist_righthip
2023-04-10 22:16:33,866 - Logs/Rohit savdhan near - INFO - distance_between_rightwrist_righthip: 33.06055050963308: (30, 60)
2023-04-10 22:16:33,867 - Logs/Rohit savdhan near - INFO - Incorrect distance between leftwrist_lefthip
2023-04-10 22:16:33,867 - Logs/Rohit savdhan near - INFO - distance_between_leftwrist_lefthip: 28.160255680657446: (30, 60)
2023-04-10 22:16:34,152 - Logs/Rohit savdhan near - INFO - Incorrect Front Savdhan Position
2023-04-10 22:16:34,152 - Logs/Rohit savdhan near - INFO - Incorrect distance between rightwrist_righthip
2023-04-10 22:16:34,152 - Logs/Rohit savdhan near - INFO - distance_between_rightwrist_righthip: 32.2490309931942: (30, 60)
2023-04-10 22:16:34,152 - Logs/Rohit savdhan near - INFO - Incorrect distance between leftwrist_lefthip
2023-04-10 22:16:34,152 - Logs/Rohit savdhan near - INFO - distance_between_leftwrist_lefthip: 26.1725046566048: (30, 60)
2023-04-10 22:16:34,430 - Logs/Rohit savdhan near - INFO - Incorrect Front Savdhan Position
2023-04-10 22:16:34,430 - Logs/Rohit savdhan near - INFO - Incorrect distance between rightwrist_righthip
2023-04-10 22:16:34,430 - Logs/Rohit savdhan near - INFO - distance_between_rightwrist_righthip: 32.0624390837628: (30, 60)
2023-04-10 22:16:34,430 - Logs/Rohit savdhan near - INFO - Incorrect distance between leftwrist_lefthip
2023-04-10 22:16:34,430 - Logs/Rohit savdhan near - INFO - distance_between_leftwrist_lefthip: 26.1725046566048: (30, 60)
2023-04-10 22:16:34,707 - Logs/Rohit savdhan near - INFO - Incorrect Front Savdhan Position
2023-04-10 22:16:34,708 - Logs/Rohit savdhan near - INFO - Incorrect distance between rightwrist_righthip
2023-04-10 22:16:34,708 - Logs/Rohit savdhan near - INFO - distance_between_rightwrist_righthip: 31.016124838541646: (30, 60)
2023-04-10 22:16:34,708 - Logs/Rohit savdhan near - INFO - Incorrect distance between leftwrist_lefthip
2023-04-10 22:16:34,708 - Logs/Rohit savdhan near - INFO - distance_between_leftwrist_lefthip: 26.476404589747453: (30, 60)
2023-04-10 22:16:34,989 - Logs/Rohit savdhan near - INFO - Incorrect Front Savdhan Position
2023-04-10 22:16:34,989 - Logs/Rohit savdhan near - INFO - Incorrect distance between rightwrist_righthip
2023-04-10 22:16:34,989 - Logs/Rohit savdhan near - INFO - distance_between_rightwrist_righthip: 31.016124838541646: (30, 60)
2023-04-10 22:16:34,989 - Logs/Rohit savdhan near - INFO - Incorrect distance between leftwrist_lefthip
2023-04-10 22:16:34,989 - Logs/Rohit savdhan near - INFO - distance_between_leftwrist_lefthip: 25.317977802344327: (30, 60)
2023-04-10 22:16:35,268 - Logs/Rohit savdhan near - INFO - Incorrect Front Savdhan Position
2023-04-10 22:16:35,268 - Logs/Rohit savdhan near - INFO - Incorrect distance between rightwrist_righthip
2023-04-10 22:16:35,268 - Logs/Rohit savdhan near - INFO - distance_between_rightwrist_righthip: 32.01562118716424: (30, 60)
2023-04-10 22:16:35,268 - Logs/Rohit savdhan near - INFO - Incorrect distance between leftwrist_lefthip
2023-04-10 22:16:35,268 - Logs/Rohit savdhan near - INFO - distance_between_leftwrist_lefthip: 26.076809620810597: (30, 60)
2023-04-10 22:16:35,548 - Logs/Rohit savdhan near - INFO - Incorrect Front Savdhan Position
2023-04-10 22:16:35,548 - Logs/Rohit savdhan near - INFO - Incorrect distance between rightwrist_righthip
2023-04-10 22:16:35,548 - Logs/Rohit savdhan near - INFO - distance_between_rightwrist_righthip: 32.0624390837628: (30, 60)
2023-04-10 22:16:35,548 - Logs/Rohit savdhan near - INFO - Incorrect distance between leftwrist_lefthip
2023-04-10 22:16:35,548 - Logs/Rohit savdhan near - INFO - distance_between_leftwrist_lefthip: 27.073972741361768: (30, 60)
2023-04-10 22:16:35,826 - Logs/Rohit savdhan near - INFO - Incorrect Front Savdhan Position
2023-04-10 22:16:35,826 - Logs/Rohit savdhan near - INFO - Incorrect distance between rightwrist_righthip
2023-04-10 22:16:35,826 - Logs/Rohit savdhan near - INFO - distance_between_rightwrist_righthip: 31.144823004794873: (30, 60)
2023-04-10 22:16:35,826 - Logs/Rohit savdhan near - INFO - Incorrect distance between leftwrist_lefthip
2023-04-10 22:16:35,826 - Logs/Rohit savdhan near - INFO - distance_between_leftwrist_lefthip: 27.073972741361768: (30, 60)
2023-04-10 22:16:36,100 - Logs/Rohit savdhan near - INFO - Incorrect Front Savdhan Position
2023-04-10 22:16:36,100 - Logs/Rohit savdhan near - INFO - Incorrect distance between rightwrist_righthip
2023-04-10 22:16:36,100 - Logs/Rohit savdhan near - INFO - distance_between_rightwrist_righthip: 31.016124838541646: (30, 60)
2023-04-10 22:16:36,100 - Logs/Rohit savdhan near - INFO - Incorrect distance between leftwrist_lefthip
2023-04-10 22:16:36,100 - Logs/Rohit savdhan near - INFO - distance_between_leftwrist_lefthip: 26.476404589747453: (30, 60)
2023-04-10 22:16:36,383 - Logs/Rohit savdhan near - INFO - Incorrect Front Savdhan Position
2023-04-10 22:16:36,383 - Logs/Rohit savdhan near - INFO - Incorrect distance between rightwrist_righthip
2023-04-10 22:16:36,383 - Logs/Rohit savdhan near - INFO - distance_between_rightwrist_righthip: 32.0624390837628: (30, 60)
2023-04-10 22:16:36,383 - Logs/Rohit savdhan near - INFO - Incorrect distance between leftwrist_lefthip
2023-04-10 22:16:36,383 - Logs/Rohit savdhan near - INFO - distance_between_leftwrist_lefthip: 26.1725046566048: (30, 60)
2023-04-10 22:16:36,665 - Logs/Rohit savdhan near - INFO - Incorrect Front Savdhan Position
2023-04-10 22:16:36,665 - Logs/Rohit savdhan near - INFO - Incorrect distance between rightwrist_righthip
2023-04-10 22:16:36,665 - Logs/Rohit savdhan near - INFO - distance_between_rightwrist_righthip: 32.01562118716424: (30, 60)
2023-04-10 22:16:36,665 - Logs/Rohit savdhan near - INFO - Incorrect distance between leftwrist_lefthip
2023-04-10 22:16:36,665 - Logs/Rohit savdhan near - INFO - distance_between_leftwrist_lefthip: 27.294688127912362: (30, 60)
2023-04-10 22:16:36,952 - Logs/Rohit savdhan near - INFO - Incorrect Front Savdhan Position
2023-04-10 22:16:36,952 - Logs/Rohit savdhan near - INFO - Incorrect distance between rightwrist_righthip
2023-04-10 22:16:36,952 - Logs/Rohit savdhan near - INFO - distance_between_rightwrist_righthip: 33.0: (30, 60)
2023-04-10 22:16:36,952 - Logs/Rohit savdhan near - INFO - Incorrect distance between leftwrist_lefthip
2023-04-10 22:16:36,952 - Logs/Rohit savdhan near - INFO - distance_between_leftwrist_lefthip: 26.30589287593181: (30, 60)
2023-04-10 22:16:37,237 - Logs/Rohit savdhan near - INFO - Incorrect Front Savdhan Position
2023-04-10 22:16:37,237 - Logs/Rohit savdhan near - INFO - Incorrect distance between rightwrist_righthip
2023-04-10 22:16:37,237 - Logs/Rohit savdhan near - INFO - distance_between_rightwrist_righthip: 33.015148038438355: (30, 60)
2023-04-10 22:16:37,237 - Logs/Rohit savdhan near - INFO - Incorrect distance between leftwrist_lefthip
2023-04-10 22:16:37,237 - Logs/Rohit savdhan near - INFO - distance_between_leftwrist_lefthip: 27.018512172212592: (30, 60)
2023-04-10 22:16:37,528 - Logs/Rohit savdhan near - INFO - Incorrect Front Savdhan Position
2023-04-10 22:16:37,528 - Logs/Rohit savdhan near - INFO - Incorrect distance between rightwrist_righthip
2023-04-10 22:16:37,528 - Logs/Rohit savdhan near - INFO - distance_between_rightwrist_righthip: 32.0624390837628: (30, 60)
2023-04-10 22:16:37,528 - Logs/Rohit savdhan near - INFO - Incorrect distance between leftwrist_lefthip
2023-04-10 22:16:37,528 - Logs/Rohit savdhan near - INFO - distance_between_leftwrist_lefthip: 26.1725046566048: (30, 60)
