2023-04-10 22:17:17,575 - Logs/Rohit savdhan far - INFO - Logger Logs/Rohit savdhan far created, with level 20
2023-04-10 22:17:21,724 - Logs/Rohit savdhan far - INFO - Incorrect Front Savdhan Position
2023-04-10 22:17:21,724 - Logs/Rohit savdhan far - INFO - Incorrect distance between knees
2023-04-10 22:17:21,724 - Logs/Rohit savdhan far - INFO - distance_between_knees: 28.071337695236398: (35, 60)
2023-04-10 22:17:21,724 - Logs/Rohit savdhan far - INFO - Incorrect distance between leftwrist_lefthip
2023-04-10 22:17:21,724 - Logs/Rohit savdhan far - INFO - distance_between_leftwrist_lefthip: 24.73863375370596: (30, 60)
2023-04-10 22:17:21,724 - Logs/Rohit savdhan far - INFO - Incorrect angle between ankles
2023-04-10 22:17:21,724 - Logs/Rohit savdhan far - INFO - angle_between_ankle: 74.19748604606448: (80, 120)
2023-04-10 22:17:22,110 - Logs/Rohit savdhan far - INFO - Incorrect Front Savdhan Position
2023-04-10 22:17:22,110 - Logs/Rohit savdhan far - INFO - Incorrect distance between knees
2023-04-10 22:17:22,110 - Logs/Rohit savdhan far - INFO - distance_between_knees: 27.073972741361768: (35, 60)
2023-04-10 22:17:22,111 - Logs/Rohit savdhan far - INFO - Incorrect distance between leftwrist_lefthip
2023-04-10 22:17:22,111 - Logs/Rohit savdhan far - INFO - distance_between_leftwrist_lefthip: 25.495097567963924: (30, 60)
2023-04-10 22:17:22,391 - Logs/Rohit savdhan far - INFO - Incorrect Front Savdhan Position
2023-04-10 22:17:22,391 - Logs/Rohit savdhan far - INFO - Incorrect distance between knees
2023-04-10 22:17:22,391 - Logs/Rohit savdhan far - INFO - distance_between_knees: 28.160255680657446: (35, 60)
2023-04-10 22:17:22,391 - Logs/Rohit savdhan far - INFO - Incorrect distance between leftwrist_lefthip
2023-04-10 22:17:22,391 - Logs/Rohit savdhan far - INFO - distance_between_leftwrist_lefthip: 24.331050121192877: (30, 60)
2023-04-10 22:17:22,663 - Logs/Rohit savdhan far - INFO - Incorrect Front Savdhan Position
2023-04-10 22:17:22,664 - Logs/Rohit savdhan far - INFO - Incorrect distance between knees
2023-04-10 22:17:22,664 - Logs/Rohit savdhan far - INFO - distance_between_knees: 29.068883707497267: (35, 60)
2023-04-10 22:17:22,664 - Logs/Rohit savdhan far - INFO - Incorrect distance between leftwrist_lefthip
2023-04-10 22:17:22,664 - Logs/Rohit savdhan far - INFO - distance_between_leftwrist_lefthip: 22.80350850198276: (30, 60)
2023-04-10 22:17:22,664 - Logs/Rohit savdhan far - INFO - Incorrect angle between ankles
2023-04-10 22:17:22,664 - Logs/Rohit savdhan far - INFO - angle_between_ankle: 78.89145783724754: (80, 120)
2023-04-10 22:17:22,936 - Logs/Rohit savdhan far - INFO - Incorrect Front Savdhan Position
2023-04-10 22:17:22,936 - Logs/Rohit savdhan far - INFO - Incorrect distance between knees
2023-04-10 22:17:22,936 - Logs/Rohit savdhan far - INFO - distance_between_knees: 28.071337695236398: (35, 60)
2023-04-10 22:17:22,936 - Logs/Rohit savdhan far - INFO - Incorrect distance between leftwrist_lefthip
2023-04-10 22:17:22,936 - Logs/Rohit savdhan far - INFO - distance_between_leftwrist_lefthip: 23.769728648009426: (30, 60)
2023-04-10 22:17:22,936 - Logs/Rohit savdhan far - INFO - Incorrect angle between ankles
2023-04-10 22:17:22,936 - Logs/Rohit savdhan far - INFO - angle_between_ankle: 75.96375653207353: (80, 120)
2023-04-10 22:17:23,208 - Logs/Rohit savdhan far - INFO - Incorrect Front Savdhan Position
2023-04-10 22:17:23,208 - Logs/Rohit savdhan far - INFO - Incorrect distance between knees
2023-04-10 22:17:23,208 - Logs/Rohit savdhan far - INFO - distance_between_knees: 29.017236257093817: (35, 60)
2023-04-10 22:17:23,208 - Logs/Rohit savdhan far - INFO - Incorrect distance between leftwrist_lefthip
2023-04-10 22:17:23,208 - Logs/Rohit savdhan far - INFO - distance_between_leftwrist_lefthip: 23.345235059857504: (30, 60)
2023-04-10 22:17:23,208 - Logs/Rohit savdhan far - INFO - Incorrect angle between ankles
2023-04-10 22:17:23,208 - Logs/Rohit savdhan far - INFO - angle_between_ankle: 73.65182845264876: (80, 120)
2023-04-10 22:17:23,484 - Logs/Rohit savdhan far - INFO - Incorrect Front Savdhan Position
2023-04-10 22:17:23,484 - Logs/Rohit savdhan far - INFO - Incorrect distance between knees
2023-04-10 22:17:23,484 - Logs/Rohit savdhan far - INFO - distance_between_knees: 29.017236257093817: (35, 60)
2023-04-10 22:17:23,485 - Logs/Rohit savdhan far - INFO - Incorrect distance between leftwrist_lefthip
2023-04-10 22:17:23,485 - Logs/Rohit savdhan far - INFO - distance_between_leftwrist_lefthip: 22.20360331117452: (30, 60)
2023-04-10 22:17:23,485 - Logs/Rohit savdhan far - INFO - Incorrect angle between ankles
2023-04-10 22:17:23,485 - Logs/Rohit savdhan far - INFO - angle_between_ankle: 77.96036528869043: (80, 120)
2023-04-10 22:17:23,759 - Logs/Rohit savdhan far - INFO - Incorrect Front Savdhan Position
2023-04-10 22:17:23,759 - Logs/Rohit savdhan far - INFO - Incorrect distance between knees
2023-04-10 22:17:23,759 - Logs/Rohit savdhan far - INFO - distance_between_knees: 27.018512172212592: (35, 60)
2023-04-10 22:17:23,759 - Logs/Rohit savdhan far - INFO - Incorrect distance between leftwrist_lefthip
2023-04-10 22:17:23,759 - Logs/Rohit savdhan far - INFO - distance_between_leftwrist_lefthip: 22.360679774997898: (30, 60)
2023-04-10 22:17:23,759 - Logs/Rohit savdhan far - INFO - Incorrect angle between ankles
2023-04-10 22:17:23,759 - Logs/Rohit savdhan far - INFO - angle_between_ankle: 79.79076592393925: (80, 120)
2023-04-10 22:17:24,030 - Logs/Rohit savdhan far - INFO - Incorrect Front Savdhan Position
2023-04-10 22:17:24,030 - Logs/Rohit savdhan far - INFO - Incorrect distance between knees
2023-04-10 22:17:24,030 - Logs/Rohit savdhan far - INFO - distance_between_knees: 28.0178514522438: (35, 60)
2023-04-10 22:17:24,030 - Logs/Rohit savdhan far - INFO - Incorrect distance between leftwrist_lefthip
2023-04-10 22:17:24,030 - Logs/Rohit savdhan far - INFO - distance_between_leftwrist_lefthip: 22.360679774997898: (30, 60)
2023-04-10 22:17:24,307 - Logs/Rohit savdhan far - INFO - Incorrect Front Savdhan Position
2023-04-10 22:17:24,307 - Logs/Rohit savdhan far - INFO - Incorrect distance between knees
2023-04-10 22:17:24,307 - Logs/Rohit savdhan far - INFO - distance_between_knees: 27.294688127912362: (35, 60)
2023-04-10 22:17:24,307 - Logs/Rohit savdhan far - INFO - Incorrect distance between leftwrist_lefthip
2023-04-10 22:17:24,307 - Logs/Rohit savdhan far - INFO - distance_between_leftwrist_lefthip: 22.561028345356956: (30, 60)
2023-04-10 22:17:24,307 - Logs/Rohit savdhan far - INFO - Incorrect angle between ankles
2023-04-10 22:17:24,307 - Logs/Rohit savdhan far - INFO - angle_between_ankle: 67.83365417791754: (80, 120)
2023-04-10 22:17:24,583 - Logs/Rohit savdhan far - INFO - Incorrect Front Savdhan Position
2023-04-10 22:17:24,584 - Logs/Rohit savdhan far - INFO - Incorrect distance between knees
2023-04-10 22:17:24,584 - Logs/Rohit savdhan far - INFO - distance_between_knees: 29.068883707497267: (35, 60)
2023-04-10 22:17:24,584 - Logs/Rohit savdhan far - INFO - Incorrect distance between leftwrist_lefthip
2023-04-10 22:17:24,584 - Logs/Rohit savdhan far - INFO - distance_between_leftwrist_lefthip: 24.331050121192877: (30, 60)
2023-04-10 22:17:24,865 - Logs/Rohit savdhan far - INFO - Incorrect Front Savdhan Position
2023-04-10 22:17:24,865 - Logs/Rohit savdhan far - INFO - Incorrect distance between knees
2023-04-10 22:17:24,865 - Logs/Rohit savdhan far - INFO - distance_between_knees: 28.284271247461902: (35, 60)
2023-04-10 22:17:24,865 - Logs/Rohit savdhan far - INFO - Incorrect distance between leftwrist_lefthip
2023-04-10 22:17:24,865 - Logs/Rohit savdhan far - INFO - distance_between_leftwrist_lefthip: 22.360679774997898: (30, 60)
2023-04-10 22:17:24,865 - Logs/Rohit savdhan far - INFO - Incorrect angle between ankles
2023-04-10 22:17:24,865 - Logs/Rohit savdhan far - INFO - angle_between_ankle: 77.35784767211014: (80, 120)
2023-04-10 22:17:25,135 - Logs/Rohit savdhan far - INFO - Incorrect Front Savdhan Position
2023-04-10 22:17:25,135 - Logs/Rohit savdhan far - INFO - Incorrect distance between knees
2023-04-10 22:17:25,136 - Logs/Rohit savdhan far - INFO - distance_between_knees: 28.284271247461902: (35, 60)
2023-04-10 22:17:25,136 - Logs/Rohit savdhan far - INFO - Incorrect distance between leftwrist_lefthip
2023-04-10 22:17:25,136 - Logs/Rohit savdhan far - INFO - distance_between_leftwrist_lefthip: 24.08318915758459: (30, 60)
2023-04-10 22:17:25,408 - Logs/Rohit savdhan far - INFO - Incorrect Front Savdhan Position
2023-04-10 22:17:25,408 - Logs/Rohit savdhan far - INFO - Incorrect distance between knees
2023-04-10 22:17:25,408 - Logs/Rohit savdhan far - INFO - distance_between_knees: 28.071337695236398: (35, 60)
2023-04-10 22:17:25,408 - Logs/Rohit savdhan far - INFO - Incorrect distance between leftwrist_lefthip
2023-04-10 22:17:25,408 - Logs/Rohit savdhan far - INFO - distance_between_leftwrist_lefthip: 23.40939982143925: (30, 60)
2023-04-10 22:17:25,408 - Logs/Rohit savdhan far - INFO - Incorrect angle between ankles
2023-04-10 22:17:25,408 - Logs/Rohit savdhan far - INFO - angle_between_ankle: 73.69930993958029: (80, 120)
2023-04-10 22:17:25,735 - Logs/Rohit savdhan far - INFO - Incorrect Front Savdhan Position
2023-04-10 22:17:25,735 - Logs/Rohit savdhan far - INFO - Incorrect distance between knees
2023-04-10 22:17:25,735 - Logs/Rohit savdhan far - INFO - distance_between_knees: 28.071337695236398: (35, 60)
2023-04-10 22:17:25,735 - Logs/Rohit savdhan far - INFO - Incorrect distance between leftwrist_lefthip
2023-04-10 22:17:25,735 - Logs/Rohit savdhan far - INFO - distance_between_leftwrist_lefthip: 23.53720459187964: (30, 60)
2023-04-10 22:17:25,735 - Logs/Rohit savdhan far - INFO - Incorrect angle between ankles
2023-04-10 22:17:25,735 - Logs/Rohit savdhan far - INFO - angle_between_ankle: 74.49495581768768: (80, 120)
2023-04-10 22:17:26,009 - Logs/Rohit savdhan far - INFO - Incorrect Front Savdhan Position
2023-04-10 22:17:26,009 - Logs/Rohit savdhan far - INFO - Incorrect distance between knees
2023-04-10 22:17:26,009 - Logs/Rohit savdhan far - INFO - distance_between_knees: 28.071337695236398: (35, 60)
2023-04-10 22:17:26,010 - Logs/Rohit savdhan far - INFO - Incorrect distance between leftwrist_lefthip
2023-04-10 22:17:26,010 - Logs/Rohit savdhan far - INFO - distance_between_leftwrist_lefthip: 24.331050121192877: (30, 60)
2023-04-10 22:17:26,010 - Logs/Rohit savdhan far - INFO - Incorrect angle between ankles
2023-04-10 22:17:26,010 - Logs/Rohit savdhan far - INFO - angle_between_ankle: 75.58212954129007: (80, 120)
2023-04-10 22:17:26,284 - Logs/Rohit savdhan far - INFO - Incorrect Front Savdhan Position
2023-04-10 22:17:26,285 - Logs/Rohit savdhan far - INFO - Incorrect distance between knees
2023-04-10 22:17:26,285 - Logs/Rohit savdhan far - INFO - distance_between_knees: 27.073972741361768: (35, 60)
2023-04-10 22:17:26,285 - Logs/Rohit savdhan far - INFO - Incorrect distance between leftwrist_lefthip
2023-04-10 22:17:26,285 - Logs/Rohit savdhan far - INFO - distance_between_leftwrist_lefthip: 25.0: (30, 60)
2023-04-10 22:17:26,285 - Logs/Rohit savdhan far - INFO - Incorrect angle between ankles
2023-04-10 22:17:26,285 - Logs/Rohit savdhan far - INFO - angle_between_ankle: 71.06466407828574: (80, 120)
2023-04-10 22:17:26,562 - Logs/Rohit savdhan far - INFO - Incorrect Front Savdhan Position
2023-04-10 22:17:26,563 - Logs/Rohit savdhan far - INFO - Incorrect distance between knees
2023-04-10 22:17:26,563 - Logs/Rohit savdhan far - INFO - distance_between_knees: 28.0178514522438: (35, 60)
2023-04-10 22:17:26,563 - Logs/Rohit savdhan far - INFO - Incorrect distance between leftwrist_lefthip
2023-04-10 22:17:26,563 - Logs/Rohit savdhan far - INFO - distance_between_leftwrist_lefthip: 24.041630560342615: (30, 60)
2023-04-10 22:17:26,832 - Logs/Rohit savdhan far - INFO - Incorrect Front Savdhan Position
2023-04-10 22:17:26,832 - Logs/Rohit savdhan far - INFO - Incorrect distance between knees
2023-04-10 22:17:26,832 - Logs/Rohit savdhan far - INFO - distance_between_knees: 29.154759474226502: (35, 60)
2023-04-10 22:17:26,832 - Logs/Rohit savdhan far - INFO - Incorrect distance between leftwrist_lefthip
2023-04-10 22:17:26,832 - Logs/Rohit savdhan far - INFO - distance_between_leftwrist_lefthip: 24.73863375370596: (30, 60)
2023-04-10 22:17:27,107 - Logs/Rohit savdhan far - INFO - Incorrect Front Savdhan Position
2023-04-10 22:17:27,107 - Logs/Rohit savdhan far - INFO - Incorrect distance between knees
2023-04-10 22:17:27,107 - Logs/Rohit savdhan far - INFO - distance_between_knees: 28.0178514522438: (35, 60)
2023-04-10 22:17:27,107 - Logs/Rohit savdhan far - INFO - Incorrect distance between leftwrist_lefthip
2023-04-10 22:17:27,107 - Logs/Rohit savdhan far - INFO - distance_between_leftwrist_lefthip: 24.041630560342615: (30, 60)
2023-04-10 22:17:27,107 - Logs/Rohit savdhan far - INFO - Incorrect angle between ankles
2023-04-10 22:17:27,107 - Logs/Rohit savdhan far - INFO - angle_between_ankle: 76.35474528365702: (80, 120)
2023-04-10 22:17:27,389 - Logs/Rohit savdhan far - INFO - Incorrect Front Savdhan Position
2023-04-10 22:17:27,389 - Logs/Rohit savdhan far - INFO - Incorrect distance between knees
2023-04-10 22:17:27,389 - Logs/Rohit savdhan far - INFO - distance_between_knees: 27.018512172212592: (35, 60)
2023-04-10 22:17:27,389 - Logs/Rohit savdhan far - INFO - Incorrect distance between leftwrist_lefthip
2023-04-10 22:17:27,389 - Logs/Rohit savdhan far - INFO - distance_between_leftwrist_lefthip: 25.298221281347036: (30, 60)
2023-04-10 22:17:27,663 - Logs/Rohit savdhan far - INFO - Incorrect Front Savdhan Position
2023-04-10 22:17:27,663 - Logs/Rohit savdhan far - INFO - Incorrect distance between knees
2023-04-10 22:17:27,663 - Logs/Rohit savdhan far - INFO - distance_between_knees: 27.073972741361768: (35, 60)
2023-04-10 22:17:27,663 - Logs/Rohit savdhan far - INFO - Incorrect distance between leftwrist_lefthip
2023-04-10 22:17:27,663 - Logs/Rohit savdhan far - INFO - distance_between_leftwrist_lefthip: 24.351591323771842: (30, 60)
2023-04-10 22:17:27,941 - Logs/Rohit savdhan far - INFO - Incorrect Front Savdhan Position
2023-04-10 22:17:27,941 - Logs/Rohit savdhan far - INFO - Incorrect distance between knees
2023-04-10 22:17:27,941 - Logs/Rohit savdhan far - INFO - distance_between_knees: 28.071337695236398: (35, 60)
2023-04-10 22:17:27,941 - Logs/Rohit savdhan far - INFO - Incorrect distance between leftwrist_lefthip
2023-04-10 22:17:27,941 - Logs/Rohit savdhan far - INFO - distance_between_leftwrist_lefthip: 23.08679276123039: (30, 60)
2023-04-10 22:17:27,942 - Logs/Rohit savdhan far - INFO - Incorrect angle between ankles
2023-04-10 22:17:27,942 - Logs/Rohit savdhan far - INFO - angle_between_ankle: 72.34987578006987: (80, 120)
