2023-04-10 22:36:12,713 - Logs/Samyak Savdhan Near - INFO - Logger Logs/Samyak Savdhan Near created, with level 20
2023-04-10 22:36:15,616 - Logs/Samyak Savdhan Near - INFO - Correct Front Savdhan Position
2023-04-10 22:36:16,004 - Logs/Samyak Savdhan Near - INFO - Correct Front Savdhan Position
2023-04-10 22:36:16,286 - Logs/Samyak Savdhan Near - INFO - Correct Front Savdhan Position
2023-04-10 22:36:16,556 - Logs/Samyak Savdhan Near - INFO - Correct Front Savdhan Position
2023-04-10 22:36:16,819 - Logs/Samyak Savdhan Near - INFO - Correct Front Savdhan Position
2023-04-10 22:36:17,089 - Logs/Samyak Savdhan Near - INFO - Correct Front Savdhan Position
2023-04-10 22:36:17,358 - Logs/Samyak Savdhan Near - INFO - Correct Front Savdhan Position
2023-04-10 22:36:17,632 - Logs/Samyak Savdhan Near - INFO - Correct Front Savdhan Position
2023-04-10 22:36:17,898 - Logs/Samyak Savdhan Near - INFO - Incorrect Front Savdhan Position
2023-04-10 22:36:17,898 - Logs/Samyak Savdhan Near - INFO - Incorrect distance between leftwrist_lefthip
2023-04-10 22:36:17,898 - Logs/Samyak Savdhan Near - INFO - distance_between_leftwrist_lefthip: 29.017236257093817: (30, 60)
2023-04-10 22:36:18,179 - Logs/Samyak Savdhan Near - INFO - Correct Front Savdhan Position
2023-04-10 22:36:18,453 - Logs/Samyak Savdhan Near - INFO - Correct Front Savdhan Position
2023-04-10 22:36:18,725 - Logs/Samyak Savdhan Near - INFO - Correct Front Savdhan Position
2023-04-10 22:36:19,003 - Logs/Samyak Savdhan Near - INFO - Correct Front Savdhan Position
2023-04-10 22:36:19,280 - Logs/Samyak Savdhan Near - INFO - Correct Front Savdhan Position
2023-04-10 22:36:19,595 - Logs/Samyak Savdhan Near - INFO - Correct Front Savdhan Position
2023-04-10 22:36:19,868 - Logs/Samyak Savdhan Near - INFO - Incorrect Front Savdhan Position
2023-04-10 22:36:19,868 - Logs/Samyak Savdhan Near - INFO - Incorrect distance between leftwrist_lefthip
2023-04-10 22:36:19,868 - Logs/Samyak Savdhan Near - INFO - distance_between_leftwrist_lefthip: 29.0: (30, 60)
2023-04-10 22:36:20,143 - Logs/Samyak Savdhan Near - INFO - Incorrect Front Savdhan Position
2023-04-10 22:36:20,143 - Logs/Samyak Savdhan Near - INFO - Incorrect distance between leftwrist_lefthip
2023-04-10 22:36:20,143 - Logs/Samyak Savdhan Near - INFO - distance_between_leftwrist_lefthip: 29.017236257093817: (30, 60)
2023-04-10 22:36:20,422 - Logs/Samyak Savdhan Near - INFO - Correct Front Savdhan Position
2023-04-10 22:36:20,697 - Logs/Samyak Savdhan Near - INFO - Correct Front Savdhan Position
2023-04-10 22:36:20,972 - Logs/Samyak Savdhan Near - INFO - Correct Front Savdhan Position
2023-04-10 22:36:21,242 - Logs/Samyak Savdhan Near - INFO - Correct Front Savdhan Position
2023-04-10 22:36:21,518 - Logs/Samyak Savdhan Near - INFO - Correct Front Savdhan Position
2023-04-10 22:36:21,796 - Logs/Samyak Savdhan Near - INFO - Correct Front Savdhan Position
2023-04-10 22:36:22,072 - Logs/Samyak Savdhan Near - INFO - Correct Front Savdhan Position
2023-04-10 22:36:22,337 - Logs/Samyak Savdhan Near - INFO - Incorrect Front Savdhan Position
2023-04-10 22:36:22,337 - Logs/Samyak Savdhan Near - INFO - Incorrect distance between leftwrist_lefthip
2023-04-10 22:36:22,337 - Logs/Samyak Savdhan Near - INFO - distance_between_leftwrist_lefthip: 30.0: (30, 60)
2023-04-10 22:36:22,614 - Logs/Samyak Savdhan Near - INFO - Correct Front Savdhan Position
2023-04-10 22:36:22,890 - Logs/Samyak Savdhan Near - INFO - Correct Front Savdhan Position
2023-04-10 22:36:23,165 - Logs/Samyak Savdhan Near - INFO - Correct Front Savdhan Position
2023-04-10 22:36:23,438 - Logs/Samyak Savdhan Near - INFO - Correct Front Savdhan Position
2023-04-10 22:36:23,718 - Logs/Samyak Savdhan Near - INFO - Correct Front Savdhan Position
2023-04-10 22:36:23,989 - Logs/Samyak Savdhan Near - INFO - Correct Front Savdhan Position
2023-04-10 22:36:24,253 - Logs/Samyak Savdhan Near - INFO - Correct Front Savdhan Position
2023-04-10 22:36:24,532 - Logs/Samyak Savdhan Near - INFO - Correct Front Savdhan Position
