2023-04-10 22:35:26,921 - Logs/Samyak Savdhan Far - INFO - Logger Logs/Samyak Savdhan Far created, with level 20
2023-04-10 22:35:30,642 - Logs/Samyak Savdhan Far - INFO - Incorrect Front Savdhan Position
2023-04-10 22:35:30,642 - Logs/Samyak Savdhan Far - INFO - Incorrect distance between leftwrist_lefthip
2023-04-10 22:35:30,642 - Logs/Samyak Savdhan Far - INFO - distance_between_leftwrist_lefthip: 24.186773244895647: (30, 60)
2023-04-10 22:35:30,642 - Logs/Samyak Savdhan Far - INFO - Incorrect angle between ankles
2023-04-10 22:35:30,642 - Logs/Samyak Savdhan Far - INFO - angle_between_ankle: 74.67451500807897: (80, 120)
2023-04-10 22:35:31,052 - Logs/Samyak Savdhan Far - INFO - Incorrect Front Savdhan Position
2023-04-10 22:35:31,052 - Logs/Samyak Savdhan Far - INFO - Incorrect distance between leftwrist_lefthip
2023-04-10 22:35:31,052 - Logs/Samyak Savdhan Far - INFO - distance_between_leftwrist_lefthip: 21.02379604162864: (30, 60)
2023-04-10 22:35:31,323 - Logs/Samyak Savdhan Far - INFO - Incorrect Front Savdhan Position
2023-04-10 22:35:31,324 - Logs/Samyak Savdhan Far - INFO - Incorrect distance between leftwrist_lefthip
2023-04-10 22:35:31,324 - Logs/Samyak Savdhan Far - INFO - distance_between_leftwrist_lefthip: 21.02379604162864: (30, 60)
2023-04-10 22:35:31,627 - Logs/Samyak Savdhan Far - INFO - Incorrect Front Savdhan Position
2023-04-10 22:35:31,628 - Logs/Samyak Savdhan Far - INFO - Incorrect distance between leftwrist_lefthip
2023-04-10 22:35:31,628 - Logs/Samyak Savdhan Far - INFO - distance_between_leftwrist_lefthip: 22.090722034374522: (30, 60)
2023-04-10 22:35:31,895 - Logs/Samyak Savdhan Far - INFO - Incorrect Front Savdhan Position
2023-04-10 22:35:31,895 - Logs/Samyak Savdhan Far - INFO - Incorrect distance between leftwrist_lefthip
2023-04-10 22:35:31,895 - Logs/Samyak Savdhan Far - INFO - distance_between_leftwrist_lefthip: 22.20360331117452: (30, 60)
2023-04-10 22:35:31,896 - Logs/Samyak Savdhan Far - INFO - Incorrect angle between ankles
2023-04-10 22:35:31,896 - Logs/Samyak Savdhan Far - INFO - angle_between_ankle: 75.6432240465435: (80, 120)
2023-04-10 22:35:32,164 - Logs/Samyak Savdhan Far - INFO - Incorrect Front Savdhan Position
2023-04-10 22:35:32,165 - Logs/Samyak Savdhan Far - INFO - Incorrect distance between leftwrist_lefthip
2023-04-10 22:35:32,165 - Logs/Samyak Savdhan Far - INFO - distance_between_leftwrist_lefthip: 21.587033144922902: (30, 60)
2023-04-10 22:35:32,438 - Logs/Samyak Savdhan Far - INFO - Incorrect Front Savdhan Position
2023-04-10 22:35:32,438 - Logs/Samyak Savdhan Far - INFO - Incorrect distance between leftwrist_lefthip
2023-04-10 22:35:32,438 - Logs/Samyak Savdhan Far - INFO - distance_between_leftwrist_lefthip: 22.090722034374522: (30, 60)
2023-04-10 22:35:32,714 - Logs/Samyak Savdhan Far - INFO - Incorrect Front Savdhan Position
2023-04-10 22:35:32,715 - Logs/Samyak Savdhan Far - INFO - Incorrect distance between leftwrist_lefthip
2023-04-10 22:35:32,715 - Logs/Samyak Savdhan Far - INFO - distance_between_leftwrist_lefthip: 20.615528128088304: (30, 60)
2023-04-10 22:35:32,990 - Logs/Samyak Savdhan Far - INFO - Incorrect Front Savdhan Position
2023-04-10 22:35:32,991 - Logs/Samyak Savdhan Far - INFO - Incorrect distance between leftwrist_lefthip
2023-04-10 22:35:32,991 - Logs/Samyak Savdhan Far - INFO - distance_between_leftwrist_lefthip: 21.840329667841555: (30, 60)
2023-04-10 22:35:33,273 - Logs/Samyak Savdhan Far - INFO - Incorrect Front Savdhan Position
2023-04-10 22:35:33,274 - Logs/Samyak Savdhan Far - INFO - Incorrect distance between leftwrist_lefthip
2023-04-10 22:35:33,274 - Logs/Samyak Savdhan Far - INFO - distance_between_leftwrist_lefthip: 22.135943621178654: (30, 60)
2023-04-10 22:35:33,559 - Logs/Samyak Savdhan Far - INFO - Incorrect Front Savdhan Position
2023-04-10 22:35:33,559 - Logs/Samyak Savdhan Far - INFO - Incorrect distance between leftwrist_lefthip
2023-04-10 22:35:33,559 - Logs/Samyak Savdhan Far - INFO - distance_between_leftwrist_lefthip: 21.840329667841555: (30, 60)
2023-04-10 22:35:33,559 - Logs/Samyak Savdhan Far - INFO - Incorrect angle between ankles
2023-04-10 22:35:33,559 - Logs/Samyak Savdhan Far - INFO - angle_between_ankle: 77.6805547433634: (80, 120)
2023-04-10 22:35:33,839 - Logs/Samyak Savdhan Far - INFO - Incorrect Front Savdhan Position
2023-04-10 22:35:33,839 - Logs/Samyak Savdhan Far - INFO - Incorrect distance between leftwrist_lefthip
2023-04-10 22:35:33,839 - Logs/Samyak Savdhan Far - INFO - distance_between_leftwrist_lefthip: 20.615528128088304: (30, 60)
2023-04-10 22:35:34,118 - Logs/Samyak Savdhan Far - INFO - Incorrect Front Savdhan Position
2023-04-10 22:35:34,118 - Logs/Samyak Savdhan Far - INFO - Incorrect distance between leftwrist_lefthip
2023-04-10 22:35:34,118 - Logs/Samyak Savdhan Far - INFO - distance_between_leftwrist_lefthip: 22.80350850198276: (30, 60)
2023-04-10 22:35:34,399 - Logs/Samyak Savdhan Far - INFO - Incorrect Front Savdhan Position
2023-04-10 22:35:34,399 - Logs/Samyak Savdhan Far - INFO - Incorrect distance between leftwrist_lefthip
2023-04-10 22:35:34,399 - Logs/Samyak Savdhan Far - INFO - distance_between_leftwrist_lefthip: 22.80350850198276: (30, 60)
2023-04-10 22:35:34,400 - Logs/Samyak Savdhan Far - INFO - Incorrect angle between ankles
2023-04-10 22:35:34,400 - Logs/Samyak Savdhan Far - INFO - angle_between_ankle: 79.84573341979974: (80, 120)
2023-04-10 22:35:34,736 - Logs/Samyak Savdhan Far - INFO - Incorrect Front Savdhan Position
2023-04-10 22:35:34,736 - Logs/Samyak Savdhan Far - INFO - Incorrect distance between leftwrist_lefthip
2023-04-10 22:35:34,736 - Logs/Samyak Savdhan Far - INFO - distance_between_leftwrist_lefthip: 22.80350850198276: (30, 60)
2023-04-10 22:35:35,014 - Logs/Samyak Savdhan Far - INFO - Incorrect Front Savdhan Position
2023-04-10 22:35:35,014 - Logs/Samyak Savdhan Far - INFO - Incorrect distance between leftwrist_lefthip
2023-04-10 22:35:35,014 - Logs/Samyak Savdhan Far - INFO - distance_between_leftwrist_lefthip: 21.587033144922902: (30, 60)
2023-04-10 22:35:35,292 - Logs/Samyak Savdhan Far - INFO - Incorrect Front Savdhan Position
2023-04-10 22:35:35,292 - Logs/Samyak Savdhan Far - INFO - Incorrect distance between leftwrist_lefthip
2023-04-10 22:35:35,292 - Logs/Samyak Savdhan Far - INFO - distance_between_leftwrist_lefthip: 22.360679774997898: (30, 60)
2023-04-10 22:35:35,574 - Logs/Samyak Savdhan Far - INFO - Incorrect Front Savdhan Position
2023-04-10 22:35:35,575 - Logs/Samyak Savdhan Far - INFO - Incorrect distance between leftwrist_lefthip
2023-04-10 22:35:35,575 - Logs/Samyak Savdhan Far - INFO - distance_between_leftwrist_lefthip: 23.345235059857504: (30, 60)
2023-04-10 22:35:35,853 - Logs/Samyak Savdhan Far - INFO - Incorrect Front Savdhan Position
2023-04-10 22:35:35,853 - Logs/Samyak Savdhan Far - INFO - Incorrect distance between leftwrist_lefthip
2023-04-10 22:35:35,853 - Logs/Samyak Savdhan Far - INFO - distance_between_leftwrist_lefthip: 20.223748416156685: (30, 60)
