2023-04-10 22:24:04,801 - Logs/Shreya savdhan near - INFO - Logger Logs/Shreya savdhan near created, with level 20
2023-04-10 22:24:09,101 - Logs/Shreya savdhan near - INFO - Incorrect Front Savdhan Position
2023-04-10 22:24:09,102 - Logs/Shreya savdhan near - INFO - Incorrect distance between rightwrist_righthip
2023-04-10 22:24:09,102 - Logs/Shreya savdhan near - INFO - distance_between_rightwrist_righthip: 41.048751503547585: (30, 60)
2023-04-10 22:24:09,102 - Logs/Shreya savdhan near - INFO - Incorrect angle between ankles
2023-04-10 22:24:09,102 - Logs/Shreya savdhan near - INFO - angle_between_ankle: 65.94747058695117: (80, 120)
2023-04-10 22:24:09,495 - Logs/Shreya savdhan near - INFO - Incorrect Front Savdhan Position
2023-04-10 22:24:09,495 - Logs/Shreya savdhan near - INFO - Incorrect distance between rightwrist_righthip
2023-04-10 22:24:09,495 - Logs/Shreya savdhan near - INFO - distance_between_rightwrist_righthip: 41.012193308819754: (30, 60)
2023-04-10 22:24:09,495 - Logs/Shreya savdhan near - INFO - Incorrect angle between ankles
2023-04-10 22:24:09,495 - Logs/Shreya savdhan near - INFO - angle_between_ankle: 68.41494841923299: (80, 120)
2023-04-10 22:24:09,783 - Logs/Shreya savdhan near - INFO - Incorrect Front Savdhan Position
2023-04-10 22:24:09,783 - Logs/Shreya savdhan near - INFO - Incorrect distance between rightwrist_righthip
2023-04-10 22:24:09,783 - Logs/Shreya savdhan near - INFO - distance_between_rightwrist_righthip: 42.1070065428546: (30, 60)
2023-04-10 22:24:09,783 - Logs/Shreya savdhan near - INFO - Incorrect angle between ankles
2023-04-10 22:24:09,783 - Logs/Shreya savdhan near - INFO - angle_between_ankle: 68.41494841923299: (80, 120)
2023-04-10 22:24:10,060 - Logs/Shreya savdhan near - INFO - Incorrect Front Savdhan Position
2023-04-10 22:24:10,060 - Logs/Shreya savdhan near - INFO - Incorrect distance between rightwrist_righthip
2023-04-10 22:24:10,060 - Logs/Shreya savdhan near - INFO - distance_between_rightwrist_righthip: 40.19950248448356: (30, 60)
2023-04-10 22:24:10,061 - Logs/Shreya savdhan near - INFO - Incorrect angle between ankles
2023-04-10 22:24:10,061 - Logs/Shreya savdhan near - INFO - angle_between_ankle: 61.35866976616366: (80, 120)
2023-04-10 22:24:10,336 - Logs/Shreya savdhan near - INFO - Incorrect Front Savdhan Position
2023-04-10 22:24:10,336 - Logs/Shreya savdhan near - INFO - Incorrect distance between rightwrist_righthip
2023-04-10 22:24:10,336 - Logs/Shreya savdhan near - INFO - distance_between_rightwrist_righthip: 42.01190307520001: (30, 60)
2023-04-10 22:24:10,337 - Logs/Shreya savdhan near - INFO - Incorrect angle between ankles
2023-04-10 22:24:10,337 - Logs/Shreya savdhan near - INFO - angle_between_ankle: 62.83725000330718: (80, 120)
2023-04-10 22:24:10,608 - Logs/Shreya savdhan near - INFO - Incorrect Front Savdhan Position
2023-04-10 22:24:10,609 - Logs/Shreya savdhan near - INFO - Incorrect distance between rightwrist_righthip
2023-04-10 22:24:10,609 - Logs/Shreya savdhan near - INFO - distance_between_rightwrist_righthip: 41.19465984809196: (30, 60)
2023-04-10 22:24:10,609 - Logs/Shreya savdhan near - INFO - Incorrect angle between ankles
2023-04-10 22:24:10,609 - Logs/Shreya savdhan near - INFO - angle_between_ankle: 65.65891006330747: (80, 120)
2023-04-10 22:24:10,884 - Logs/Shreya savdhan near - INFO - Incorrect Front Savdhan Position
2023-04-10 22:24:10,884 - Logs/Shreya savdhan near - INFO - Incorrect distance between rightwrist_righthip
2023-04-10 22:24:10,884 - Logs/Shreya savdhan near - INFO - distance_between_rightwrist_righthip: 42.190046219457976: (30, 60)
2023-04-10 22:24:10,885 - Logs/Shreya savdhan near - INFO - Incorrect angle between ankles
2023-04-10 22:24:10,885 - Logs/Shreya savdhan near - INFO - angle_between_ankle: 70.30381830093509: (80, 120)
2023-04-10 22:24:11,162 - Logs/Shreya savdhan near - INFO - Incorrect Front Savdhan Position
2023-04-10 22:24:11,162 - Logs/Shreya savdhan near - INFO - Incorrect distance between rightwrist_righthip
2023-04-10 22:24:11,162 - Logs/Shreya savdhan near - INFO - distance_between_rightwrist_righthip: 41.30375285612676: (30, 60)
2023-04-10 22:24:11,162 - Logs/Shreya savdhan near - INFO - Incorrect angle between ankles
2023-04-10 22:24:11,162 - Logs/Shreya savdhan near - INFO - angle_between_ankle: 66.52260010790708: (80, 120)
2023-04-10 22:24:11,432 - Logs/Shreya savdhan near - INFO - Incorrect Front Savdhan Position
2023-04-10 22:24:11,432 - Logs/Shreya savdhan near - INFO - Incorrect distance between rightwrist_righthip
2023-04-10 22:24:11,432 - Logs/Shreya savdhan near - INFO - distance_between_rightwrist_righthip: 42.04759208325728: (30, 60)
2023-04-10 22:24:11,432 - Logs/Shreya savdhan near - INFO - Incorrect angle between ankles
2023-04-10 22:24:11,433 - Logs/Shreya savdhan near - INFO - angle_between_ankle: 62.89187712919823: (80, 120)
2023-04-10 22:24:11,704 - Logs/Shreya savdhan near - INFO - Incorrect Front Savdhan Position
2023-04-10 22:24:11,704 - Logs/Shreya savdhan near - INFO - Incorrect distance between rightwrist_righthip
2023-04-10 22:24:11,704 - Logs/Shreya savdhan near - INFO - distance_between_rightwrist_righthip: 40.311288741492746: (30, 60)
2023-04-10 22:24:11,704 - Logs/Shreya savdhan near - INFO - Incorrect angle between ankles
2023-04-10 22:24:11,704 - Logs/Shreya savdhan near - INFO - angle_between_ankle: 64.13364320590549: (80, 120)
2023-04-10 22:24:11,987 - Logs/Shreya savdhan near - INFO - Incorrect Front Savdhan Position
2023-04-10 22:24:11,987 - Logs/Shreya savdhan near - INFO - Incorrect distance between rightwrist_righthip
2023-04-10 22:24:11,987 - Logs/Shreya savdhan near - INFO - distance_between_rightwrist_righthip: 41.43669871020132: (30, 60)
2023-04-10 22:24:11,987 - Logs/Shreya savdhan near - INFO - Incorrect angle between ankles
2023-04-10 22:24:11,987 - Logs/Shreya savdhan near - INFO - angle_between_ankle: 68.84233622782357: (80, 120)
2023-04-10 22:24:12,262 - Logs/Shreya savdhan near - INFO - Incorrect Front Savdhan Position
2023-04-10 22:24:12,262 - Logs/Shreya savdhan near - INFO - Incorrect distance between rightwrist_righthip
2023-04-10 22:24:12,262 - Logs/Shreya savdhan near - INFO - distance_between_rightwrist_righthip: 41.048751503547585: (30, 60)
2023-04-10 22:24:12,263 - Logs/Shreya savdhan near - INFO - Incorrect angle between ankles
2023-04-10 22:24:12,263 - Logs/Shreya savdhan near - INFO - angle_between_ankle: 73.35496178532406: (80, 120)
2023-04-10 22:24:12,541 - Logs/Shreya savdhan near - INFO - Incorrect Front Savdhan Position
2023-04-10 22:24:12,542 - Logs/Shreya savdhan near - INFO - Incorrect distance between rightwrist_righthip
2023-04-10 22:24:12,542 - Logs/Shreya savdhan near - INFO - distance_between_rightwrist_righthip: 41.10960958218893: (30, 60)
2023-04-10 22:24:12,542 - Logs/Shreya savdhan near - INFO - Incorrect angle between ankles
2023-04-10 22:24:12,542 - Logs/Shreya savdhan near - INFO - angle_between_ankle: 71.06510069406994: (80, 120)
2023-04-10 22:24:12,820 - Logs/Shreya savdhan near - INFO - Incorrect Front Savdhan Position
2023-04-10 22:24:12,820 - Logs/Shreya savdhan near - INFO - Incorrect distance between rightwrist_righthip
2023-04-10 22:24:12,820 - Logs/Shreya savdhan near - INFO - distance_between_rightwrist_righthip: 41.048751503547585: (30, 60)
2023-04-10 22:24:12,820 - Logs/Shreya savdhan near - INFO - Incorrect angle between ankles
2023-04-10 22:24:12,820 - Logs/Shreya savdhan near - INFO - angle_between_ankle: 69.97498763111045: (80, 120)
2023-04-10 22:24:13,144 - Logs/Shreya savdhan near - INFO - Incorrect Front Savdhan Position
2023-04-10 22:24:13,144 - Logs/Shreya savdhan near - INFO - Incorrect distance between rightwrist_righthip
2023-04-10 22:24:13,144 - Logs/Shreya savdhan near - INFO - distance_between_rightwrist_righthip: 40.01249804748511: (30, 60)
2023-04-10 22:24:13,144 - Logs/Shreya savdhan near - INFO - Incorrect angle between ankles
2023-04-10 22:24:13,144 - Logs/Shreya savdhan near - INFO - angle_between_ankle: 66.1330132658051: (80, 120)
2023-04-10 22:24:13,432 - Logs/Shreya savdhan near - INFO - Incorrect Front Savdhan Position
2023-04-10 22:24:13,432 - Logs/Shreya savdhan near - INFO - Incorrect distance between rightwrist_righthip
2023-04-10 22:24:13,432 - Logs/Shreya savdhan near - INFO - distance_between_rightwrist_righthip: 42.01190307520001: (30, 60)
2023-04-10 22:24:13,432 - Logs/Shreya savdhan near - INFO - Incorrect angle between ankles
2023-04-10 22:24:13,432 - Logs/Shreya savdhan near - INFO - angle_between_ankle: 67.58623408934369: (80, 120)
2023-04-10 22:24:13,712 - Logs/Shreya savdhan near - INFO - Incorrect Front Savdhan Position
2023-04-10 22:24:13,712 - Logs/Shreya savdhan near - INFO - Incorrect distance between rightwrist_righthip
2023-04-10 22:24:13,712 - Logs/Shreya savdhan near - INFO - distance_between_rightwrist_righthip: 41.048751503547585: (30, 60)
2023-04-10 22:24:13,712 - Logs/Shreya savdhan near - INFO - Incorrect angle between ankles
2023-04-10 22:24:13,713 - Logs/Shreya savdhan near - INFO - angle_between_ankle: 72.05755291084134: (80, 120)
2023-04-10 22:24:13,994 - Logs/Shreya savdhan near - INFO - Incorrect Front Savdhan Position
2023-04-10 22:24:13,995 - Logs/Shreya savdhan near - INFO - Incorrect distance between rightwrist_righthip
2023-04-10 22:24:13,995 - Logs/Shreya savdhan near - INFO - distance_between_rightwrist_righthip: 42.04759208325728: (30, 60)
2023-04-10 22:24:13,995 - Logs/Shreya savdhan near - INFO - Incorrect angle between ankles
2023-04-10 22:24:13,995 - Logs/Shreya savdhan near - INFO - angle_between_ankle: 65.12345107774294: (80, 120)
2023-04-10 22:24:14,286 - Logs/Shreya savdhan near - INFO - Incorrect Front Savdhan Position
2023-04-10 22:24:14,286 - Logs/Shreya savdhan near - INFO - Incorrect distance between rightwrist_righthip
2023-04-10 22:24:14,286 - Logs/Shreya savdhan near - INFO - distance_between_rightwrist_righthip: 41.012193308819754: (30, 60)
2023-04-10 22:24:14,286 - Logs/Shreya savdhan near - INFO - Incorrect angle between ankles
2023-04-10 22:24:14,286 - Logs/Shreya savdhan near - INFO - angle_between_ankle: 69.01815334191441: (80, 120)
2023-04-10 22:24:14,565 - Logs/Shreya savdhan near - INFO - Incorrect Front Savdhan Position
2023-04-10 22:24:14,565 - Logs/Shreya savdhan near - INFO - Incorrect distance between rightwrist_righthip
2023-04-10 22:24:14,565 - Logs/Shreya savdhan near - INFO - distance_between_rightwrist_righthip: 40.049968789001575: (30, 60)
2023-04-10 22:24:14,565 - Logs/Shreya savdhan near - INFO - Incorrect angle between ankles
2023-04-10 22:24:14,565 - Logs/Shreya savdhan near - INFO - angle_between_ankle: 63.93247736439592: (80, 120)
