2023-04-10 22:23:18,337 - Logs/Shreya Savdhan Far - INFO - Logger Logs/Shreya Savdhan Far created, with level 20
2023-04-10 22:23:20,993 - Logs/Shreya Savdhan Far - INFO - Incorrect Front Savdhan Position
2023-04-10 22:23:20,993 - Logs/Shreya Savdhan Far - INFO - Incorrect distance between knees
2023-04-10 22:23:20,993 - Logs/Shreya Savdhan Far - INFO - distance_between_knees: 29.0: (35, 60)
2023-04-10 22:23:20,994 - Logs/Shreya Savdhan Far - INFO - Incorrect distance between leftwrist_lefthip
2023-04-10 22:23:20,994 - Logs/Shreya Savdhan Far - INFO - distance_between_leftwrist_lefthip: 29.017236257093817: (30, 60)
2023-04-10 22:23:20,994 - Logs/Shreya Savdhan Far - INFO - Incorrect angle between ankles
2023-04-10 22:23:20,994 - Logs/Shreya Savdhan Far - INFO - angle_between_ankle: 66.22765118863529: (80, 120)
2023-04-10 22:23:21,271 - Logs/Shreya Savdhan Far - INFO - Incorrect Front Savdhan Position
2023-04-10 22:23:21,271 - Logs/Shreya Savdhan Far - INFO - Incorrect distance between knees
2023-04-10 22:23:21,271 - Logs/Shreya Savdhan Far - INFO - distance_between_knees: 29.0: (35, 60)
2023-04-10 22:23:21,271 - Logs/Shreya Savdhan Far - INFO - Incorrect distance between leftwrist_lefthip
2023-04-10 22:23:21,271 - Logs/Shreya Savdhan Far - INFO - distance_between_leftwrist_lefthip: 29.017236257093817: (30, 60)
2023-04-10 22:23:21,271 - Logs/Shreya Savdhan Far - INFO - Incorrect angle between ankles
2023-04-10 22:23:21,271 - Logs/Shreya Savdhan Far - INFO - angle_between_ankle: 57.621820256524316: (80, 120)
2023-04-10 22:23:21,546 - Logs/Shreya Savdhan Far - INFO - Incorrect Front Savdhan Position
2023-04-10 22:23:21,546 - Logs/Shreya Savdhan Far - INFO - Incorrect distance between knees
2023-04-10 22:23:21,546 - Logs/Shreya Savdhan Far - INFO - distance_between_knees: 29.017236257093817: (35, 60)
2023-04-10 22:23:21,546 - Logs/Shreya Savdhan Far - INFO - Incorrect distance between leftwrist_lefthip
2023-04-10 22:23:21,546 - Logs/Shreya Savdhan Far - INFO - distance_between_leftwrist_lefthip: 29.017236257093817: (30, 60)
2023-04-10 22:23:21,547 - Logs/Shreya Savdhan Far - INFO - Incorrect angle between ankles
2023-04-10 22:23:21,547 - Logs/Shreya Savdhan Far - INFO - angle_between_ankle: 55.666668564934945: (80, 120)
2023-04-10 22:23:21,819 - Logs/Shreya Savdhan Far - INFO - Incorrect Front Savdhan Position
2023-04-10 22:23:21,819 - Logs/Shreya Savdhan Far - INFO - Incorrect distance between knees
2023-04-10 22:23:21,819 - Logs/Shreya Savdhan Far - INFO - distance_between_knees: 29.068883707497267: (35, 60)
2023-04-10 22:23:21,819 - Logs/Shreya Savdhan Far - INFO - Incorrect distance between leftwrist_lefthip
2023-04-10 22:23:21,819 - Logs/Shreya Savdhan Far - INFO - distance_between_leftwrist_lefthip: 29.274562336608895: (30, 60)
2023-04-10 22:23:21,820 - Logs/Shreya Savdhan Far - INFO - Incorrect angle between ankles
2023-04-10 22:23:21,820 - Logs/Shreya Savdhan Far - INFO - angle_between_ankle: 45.4464515837716: (80, 120)
2023-04-10 22:23:22,096 - Logs/Shreya Savdhan Far - INFO - Incorrect Front Savdhan Position
2023-04-10 22:23:22,096 - Logs/Shreya Savdhan Far - INFO - Incorrect distance between knees
2023-04-10 22:23:22,096 - Logs/Shreya Savdhan Far - INFO - distance_between_knees: 31.016124838541646: (35, 60)
2023-04-10 22:23:22,096 - Logs/Shreya Savdhan Far - INFO - Incorrect angle between ankles
2023-04-10 22:23:22,096 - Logs/Shreya Savdhan Far - INFO - angle_between_ankle: 55.10929849249517: (80, 120)
2023-04-10 22:23:22,374 - Logs/Shreya Savdhan Far - INFO - Incorrect Front Savdhan Position
2023-04-10 22:23:22,374 - Logs/Shreya Savdhan Far - INFO - Incorrect distance between knees
2023-04-10 22:23:22,374 - Logs/Shreya Savdhan Far - INFO - distance_between_knees: 30.01666203960727: (35, 60)
2023-04-10 22:23:22,374 - Logs/Shreya Savdhan Far - INFO - Incorrect distance between leftwrist_lefthip
2023-04-10 22:23:22,374 - Logs/Shreya Savdhan Far - INFO - distance_between_leftwrist_lefthip: 28.0178514522438: (30, 60)
2023-04-10 22:23:22,374 - Logs/Shreya Savdhan Far - INFO - Incorrect angle between ankles
2023-04-10 22:23:22,374 - Logs/Shreya Savdhan Far - INFO - angle_between_ankle: 45.000000000000014: (80, 120)
2023-04-10 22:23:23,199 - Logs/Shreya Savdhan Far - INFO - Incorrect Front Savdhan Position
2023-04-10 22:23:23,199 - Logs/Shreya Savdhan Far - INFO - Incorrect distance between knees
2023-04-10 22:23:23,199 - Logs/Shreya Savdhan Far - INFO - distance_between_knees: 28.0178514522438: (35, 60)
2023-04-10 22:23:23,199 - Logs/Shreya Savdhan Far - INFO - Incorrect distance between leftwrist_lefthip
2023-04-10 22:23:23,199 - Logs/Shreya Savdhan Far - INFO - distance_between_leftwrist_lefthip: 28.160255680657446: (30, 60)
2023-04-10 22:23:23,199 - Logs/Shreya Savdhan Far - INFO - Incorrect angle between ankles
2023-04-10 22:23:23,199 - Logs/Shreya Savdhan Far - INFO - angle_between_ankle: 47.66300076606714: (80, 120)
2023-04-10 22:23:23,748 - Logs/Shreya Savdhan Far - INFO - Incorrect Front Savdhan Position
2023-04-10 22:23:23,749 - Logs/Shreya Savdhan Far - INFO - Incorrect distance between knees
2023-04-10 22:23:23,749 - Logs/Shreya Savdhan Far - INFO - distance_between_knees: 29.0: (35, 60)
2023-04-10 22:23:23,749 - Logs/Shreya Savdhan Far - INFO - Incorrect angle between ankles
2023-04-10 22:23:23,749 - Logs/Shreya Savdhan Far - INFO - angle_between_ankle: 54.031071796440635: (80, 120)
2023-04-10 22:23:26,011 - Logs/Shreya Savdhan Far - INFO - Incorrect Front Savdhan Position
2023-04-10 22:23:26,011 - Logs/Shreya Savdhan Far - INFO - Incorrect distance between knees
2023-04-10 22:23:26,011 - Logs/Shreya Savdhan Far - INFO - distance_between_knees: 30.01666203960727: (35, 60)
2023-04-10 22:23:26,012 - Logs/Shreya Savdhan Far - INFO - Incorrect distance between leftwrist_lefthip
2023-04-10 22:23:26,012 - Logs/Shreya Savdhan Far - INFO - distance_between_leftwrist_lefthip: 28.160255680657446: (30, 60)
2023-04-10 22:23:26,012 - Logs/Shreya Savdhan Far - INFO - Incorrect angle between ankles
2023-04-10 22:23:26,012 - Logs/Shreya Savdhan Far - INFO - angle_between_ankle: 56.60921124700398: (80, 120)
2023-04-10 22:23:26,570 - Logs/Shreya Savdhan Far - INFO - Incorrect Front Savdhan Position
2023-04-10 22:23:26,571 - Logs/Shreya Savdhan Far - INFO - Incorrect distance between knees
2023-04-10 22:23:26,571 - Logs/Shreya Savdhan Far - INFO - distance_between_knees: 29.0: (35, 60)
2023-04-10 22:23:26,571 - Logs/Shreya Savdhan Far - INFO - Incorrect distance between leftwrist_lefthip
2023-04-10 22:23:26,571 - Logs/Shreya Savdhan Far - INFO - distance_between_leftwrist_lefthip: 29.154759474226502: (30, 60)
2023-04-10 22:23:26,571 - Logs/Shreya Savdhan Far - INFO - Incorrect angle between ankles
2023-04-10 22:23:26,571 - Logs/Shreya Savdhan Far - INFO - angle_between_ankle: 49.76364169072618: (80, 120)
2023-04-10 22:23:27,680 - Logs/Shreya Savdhan Far - INFO - Incorrect Front Savdhan Position
2023-04-10 22:23:27,680 - Logs/Shreya Savdhan Far - INFO - Incorrect distance between knees
2023-04-10 22:23:27,680 - Logs/Shreya Savdhan Far - INFO - distance_between_knees: 29.017236257093817: (35, 60)
2023-04-10 22:23:27,681 - Logs/Shreya Savdhan Far - INFO - Incorrect distance between leftwrist_lefthip
2023-04-10 22:23:27,681 - Logs/Shreya Savdhan Far - INFO - distance_between_leftwrist_lefthip: 29.017236257093817: (30, 60)
2023-04-10 22:23:27,681 - Logs/Shreya Savdhan Far - INFO - Incorrect angle between ankles
2023-04-10 22:23:27,681 - Logs/Shreya Savdhan Far - INFO - angle_between_ankle: 47.04540848888722: (80, 120)
