2023-04-09 19:11:45,978 - Logs/video_20220719_095823 - INFO - Logger Logs/video_20220719_095823 created, with level 20
2023-04-09 19:11:47,315 - Logs/video_20220719_095823 - INFO - Incorrect Front Savdhan Position
2023-04-09 19:11:47,316 - Logs/video_20220719_095823 - INFO - Incorrect distance between rightwrist_righthip
2023-04-09 19:11:47,316 - Logs/video_20220719_095823 - INFO - distance_between_rightwrist_righthip: 29.832867780352597: (30, 60)
2023-04-09 19:11:47,316 - Logs/video_20220719_095823 - INFO - Incorrect distance between leftwrist_lefthip
2023-04-09 19:11:47,316 - Logs/video_20220719_095823 - INFO - distance_between_leftwrist_lefthip: 25.0: (30, 60)
2023-04-09 19:11:47,316 - Logs/video_20220719_095823 - INFO - Incorrect angle between ankles
2023-04-09 19:11:47,316 - Logs/video_20220719_095823 - INFO - angle_between_ankle: 70.84438755456033: (80, 120)
2023-04-09 19:11:48,635 - Logs/video_20220719_095823 - INFO - Incorrect Front Savdhan Position
2023-04-09 19:11:48,636 - Logs/video_20220719_095823 - INFO - Incorrect distance between rightwrist_righthip
2023-04-09 19:11:48,636 - Logs/video_20220719_095823 - INFO - distance_between_rightwrist_righthip: 28.792360097775937: (30, 60)
2023-04-09 19:11:48,636 - Logs/video_20220719_095823 - INFO - Incorrect distance between leftwrist_lefthip
2023-04-09 19:11:48,636 - Logs/video_20220719_095823 - INFO - distance_between_leftwrist_lefthip: 121.82364302548172: (30, 60)
2023-04-09 19:11:48,636 - Logs/video_20220719_095823 - INFO - Incorrect angle between ankles
2023-04-09 19:11:48,636 - Logs/video_20220719_095823 - INFO - angle_between_ankle: 68.38310834202775: (80, 120)
2023-04-09 19:11:49,032 - Logs/video_20220719_095823 - INFO - Incorrect Front Savdhan Position
2023-04-09 19:11:49,033 - Logs/video_20220719_095823 - INFO - Incorrect distance between leftwrist_lefthip
2023-04-09 19:11:49,033 - Logs/video_20220719_095823 - INFO - distance_between_leftwrist_lefthip: 200.44949488586894: (30, 60)
2023-04-09 19:11:49,033 - Logs/video_20220719_095823 - INFO - Incorrect angle between ankles
2023-04-09 19:11:49,033 - Logs/video_20220719_095823 - INFO - angle_between_ankle: 65.61635166105464: (80, 120)
2023-04-09 19:11:49,404 - Logs/video_20220719_095823 - INFO - Incorrect Front Savdhan Position
2023-04-09 19:11:49,405 - Logs/video_20220719_095823 - INFO - Incorrect distance between rightwrist_righthip
2023-04-09 19:11:49,405 - Logs/video_20220719_095823 - INFO - distance_between_rightwrist_righthip: 28.460498941515414: (30, 60)
2023-04-09 19:11:49,405 - Logs/video_20220719_095823 - INFO - Incorrect distance between leftwrist_lefthip
2023-04-09 19:11:49,405 - Logs/video_20220719_095823 - INFO - distance_between_leftwrist_lefthip: 196.70536342458993: (30, 60)
2023-04-09 19:11:49,405 - Logs/video_20220719_095823 - INFO - Incorrect angle between ankles
2023-04-09 19:11:49,405 - Logs/video_20220719_095823 - INFO - angle_between_ankle: 65.46292596584316: (80, 120)
2023-04-09 19:11:49,791 - Logs/video_20220719_095823 - INFO - Incorrect Front Savdhan Position
2023-04-09 19:11:49,791 - Logs/video_20220719_095823 - INFO - Incorrect distance between rightwrist_righthip
2023-04-09 19:11:49,791 - Logs/video_20220719_095823 - INFO - distance_between_rightwrist_righthip: 27.85677655436824: (30, 60)
2023-04-09 19:11:49,791 - Logs/video_20220719_095823 - INFO - Incorrect distance between leftwrist_lefthip
2023-04-09 19:11:49,791 - Logs/video_20220719_095823 - INFO - distance_between_leftwrist_lefthip: 202.23006700290637: (30, 60)
2023-04-09 19:11:49,792 - Logs/video_20220719_095823 - INFO - Incorrect angle between ankles
2023-04-09 19:11:49,792 - Logs/video_20220719_095823 - INFO - angle_between_ankle: 66.2731654938945: (80, 120)
2023-04-09 19:11:50,171 - Logs/video_20220719_095823 - INFO - Incorrect Front Savdhan Position
2023-04-09 19:11:50,171 - Logs/video_20220719_095823 - INFO - Incorrect distance between rightwrist_righthip
2023-04-09 19:11:50,171 - Logs/video_20220719_095823 - INFO - distance_between_rightwrist_righthip: 26.92582403567252: (30, 60)
2023-04-09 19:11:50,171 - Logs/video_20220719_095823 - INFO - Incorrect distance between leftwrist_lefthip
2023-04-09 19:11:50,171 - Logs/video_20220719_095823 - INFO - distance_between_leftwrist_lefthip: 198.2952344359289: (30, 60)
2023-04-09 19:11:50,172 - Logs/video_20220719_095823 - INFO - Incorrect angle between ankles
2023-04-09 19:11:50,172 - Logs/video_20220719_095823 - INFO - angle_between_ankle: 66.18491349386883: (80, 120)
2023-04-09 19:11:50,556 - Logs/video_20220719_095823 - INFO - Incorrect Front Savdhan Position
2023-04-09 19:11:50,557 - Logs/video_20220719_095823 - INFO - Incorrect distance between rightwrist_righthip
2023-04-09 19:11:50,557 - Logs/video_20220719_095823 - INFO - distance_between_rightwrist_righthip: 27.202941017470888: (30, 60)
2023-04-09 19:11:50,557 - Logs/video_20220719_095823 - INFO - Incorrect distance between leftwrist_lefthip
2023-04-09 19:11:50,557 - Logs/video_20220719_095823 - INFO - distance_between_leftwrist_lefthip: 202.05444810743464: (30, 60)
2023-04-09 19:11:50,557 - Logs/video_20220719_095823 - INFO - Incorrect angle between ankles
2023-04-09 19:11:50,557 - Logs/video_20220719_095823 - INFO - angle_between_ankle: 69.97941376598106: (80, 120)
2023-04-09 19:11:50,933 - Logs/video_20220719_095823 - INFO - Incorrect Front Savdhan Position
2023-04-09 19:11:50,933 - Logs/video_20220719_095823 - INFO - Incorrect distance between rightwrist_righthip
2023-04-09 19:11:50,933 - Logs/video_20220719_095823 - INFO - distance_between_rightwrist_righthip: 28.160255680657446: (30, 60)
2023-04-09 19:11:50,933 - Logs/video_20220719_095823 - INFO - Incorrect distance between leftwrist_lefthip
2023-04-09 19:11:50,934 - Logs/video_20220719_095823 - INFO - distance_between_leftwrist_lefthip: 199.9124808509964: (30, 60)
2023-04-09 19:11:50,934 - Logs/video_20220719_095823 - INFO - Incorrect angle between ankles
2023-04-09 19:11:50,934 - Logs/video_20220719_095823 - INFO - angle_between_ankle: 63.758650347842234: (80, 120)
2023-04-09 19:11:51,306 - Logs/video_20220719_095823 - INFO - Incorrect Front Savdhan Position
2023-04-09 19:11:51,306 - Logs/video_20220719_095823 - INFO - Incorrect distance between rightwrist_righthip
2023-04-09 19:11:51,306 - Logs/video_20220719_095823 - INFO - distance_between_rightwrist_righthip: 29.427877939124322: (30, 60)
2023-04-09 19:11:51,307 - Logs/video_20220719_095823 - INFO - Incorrect distance between leftwrist_lefthip
2023-04-09 19:11:51,307 - Logs/video_20220719_095823 - INFO - distance_between_leftwrist_lefthip: 192.39802493788756: (30, 60)
2023-04-09 19:11:51,307 - Logs/video_20220719_095823 - INFO - Incorrect angle between ankles
2023-04-09 19:11:51,307 - Logs/video_20220719_095823 - INFO - angle_between_ankle: 69.65658227699636: (80, 120)
2023-04-09 19:11:51,682 - Logs/video_20220719_095823 - INFO - Incorrect Front Savdhan Position
2023-04-09 19:11:51,683 - Logs/video_20220719_095823 - INFO - Incorrect distance between rightwrist_righthip
2023-04-09 19:11:51,683 - Logs/video_20220719_095823 - INFO - distance_between_rightwrist_righthip: 29.732137494637012: (30, 60)
2023-04-09 19:11:51,683 - Logs/video_20220719_095823 - INFO - Incorrect distance between leftwrist_lefthip
2023-04-09 19:11:51,683 - Logs/video_20220719_095823 - INFO - distance_between_leftwrist_lefthip: 195.86985475054604: (30, 60)
2023-04-09 19:11:51,683 - Logs/video_20220719_095823 - INFO - Incorrect angle between ankles
2023-04-09 19:11:51,683 - Logs/video_20220719_095823 - INFO - angle_between_ankle: 65.86855492364212: (80, 120)
2023-04-09 19:11:53,245 - Logs/video_20220719_095823 - INFO - Incorrect Front Savdhan Position
2023-04-09 19:11:53,245 - Logs/video_20220719_095823 - INFO - Incorrect distance between rightwrist_righthip
2023-04-09 19:11:53,245 - Logs/video_20220719_095823 - INFO - distance_between_rightwrist_righthip: 29.614185789921695: (30, 60)
2023-04-09 19:11:53,246 - Logs/video_20220719_095823 - INFO - Incorrect angle between ankles
2023-04-09 19:11:53,246 - Logs/video_20220719_095823 - INFO - angle_between_ankle: 75.73639352108296: (80, 120)
