2023-04-09 19:13:44,520 - Logs/video_20220719_094618 - INFO - Logger Logs/video_20220719_094618 created, with level 20
2023-04-09 19:13:46,010 - Logs/video_20220719_094618 - INFO - Correct Front Savdhan Position
2023-04-09 19:13:46,542 - Logs/video_20220719_094618 - INFO - Correct Front Savdhan Position
2023-04-09 19:13:46,925 - Logs/video_20220719_094618 - INFO - Correct Front Savdhan Position
2023-04-09 19:13:47,344 - Logs/video_20220719_094618 - INFO - Incorrect Front Savdhan Position
2023-04-09 19:13:47,344 - Logs/video_20220719_094618 - INFO - Incorrect distance between knees
2023-04-09 19:13:47,344 - Logs/video_20220719_094618 - INFO - distance_between_knees: 29.0: (35, 60)
2023-04-09 19:13:47,344 - Logs/video_20220719_094618 - INFO - Incorrect distance between rightwrist_righthip
2023-04-09 19:13:47,344 - Logs/video_20220719_094618 - INFO - distance_between_rightwrist_righthip: 27.51363298439521: (30, 60)
2023-04-09 19:13:47,345 - Logs/video_20220719_094618 - INFO - Incorrect distance between leftwrist_lefthip
2023-04-09 19:13:47,345 - Logs/video_20220719_094618 - INFO - distance_between_leftwrist_lefthip: 85.5102333057278: (30, 60)
2023-04-09 19:13:47,735 - Logs/video_20220719_094618 - INFO - Incorrect Front Savdhan Position
2023-04-09 19:13:47,735 - Logs/video_20220719_094618 - INFO - Incorrect distance between knees
2023-04-09 19:13:47,735 - Logs/video_20220719_094618 - INFO - distance_between_knees: 31.0: (35, 60)
2023-04-09 19:13:47,735 - Logs/video_20220719_094618 - INFO - Incorrect distance between rightwrist_righthip
2023-04-09 19:13:47,735 - Logs/video_20220719_094618 - INFO - distance_between_rightwrist_righthip: 23.0: (30, 60)
2023-04-09 19:13:47,736 - Logs/video_20220719_094618 - INFO - Incorrect distance between leftwrist_lefthip
2023-04-09 19:13:47,736 - Logs/video_20220719_094618 - INFO - distance_between_leftwrist_lefthip: 165.85837331892532: (30, 60)
2023-04-09 19:13:48,127 - Logs/video_20220719_094618 - INFO - Incorrect Front Savdhan Position
2023-04-09 19:13:48,127 - Logs/video_20220719_094618 - INFO - Incorrect distance between knees
2023-04-09 19:13:48,127 - Logs/video_20220719_094618 - INFO - distance_between_knees: 33.015148038438355: (35, 60)
2023-04-09 19:13:48,127 - Logs/video_20220719_094618 - INFO - Incorrect distance between rightwrist_righthip
2023-04-09 19:13:48,127 - Logs/video_20220719_094618 - INFO - distance_between_rightwrist_righthip: 22.02271554554524: (30, 60)
2023-04-09 19:13:48,128 - Logs/video_20220719_094618 - INFO - Incorrect distance between leftwrist_lefthip
2023-04-09 19:13:48,128 - Logs/video_20220719_094618 - INFO - distance_between_leftwrist_lefthip: 193.34942461771124: (30, 60)
2023-04-09 19:13:48,515 - Logs/video_20220719_094618 - INFO - Incorrect Front Savdhan Position
2023-04-09 19:13:48,516 - Logs/video_20220719_094618 - INFO - Incorrect distance between knees
2023-04-09 19:13:48,516 - Logs/video_20220719_094618 - INFO - distance_between_knees: 31.064449134018133: (35, 60)
2023-04-09 19:13:48,516 - Logs/video_20220719_094618 - INFO - Incorrect distance between rightwrist_righthip
2023-04-09 19:13:48,516 - Logs/video_20220719_094618 - INFO - distance_between_rightwrist_righthip: 25.019992006393608: (30, 60)
2023-04-09 19:13:48,516 - Logs/video_20220719_094618 - INFO - Incorrect distance between leftwrist_lefthip
2023-04-09 19:13:48,516 - Logs/video_20220719_094618 - INFO - distance_between_leftwrist_lefthip: 199.11052207254141: (30, 60)
2023-04-09 19:13:48,517 - Logs/video_20220719_094618 - INFO - Incorrect angle between ankles
2023-04-09 19:13:48,517 - Logs/video_20220719_094618 - INFO - angle_between_ankle: 79.41625933229179: (80, 120)
2023-04-09 19:13:48,918 - Logs/video_20220719_094618 - INFO - Incorrect Front Savdhan Position
2023-04-09 19:13:48,918 - Logs/video_20220719_094618 - INFO - Incorrect distance between knees
2023-04-09 19:13:48,919 - Logs/video_20220719_094618 - INFO - distance_between_knees: 34.0147027033899: (35, 60)
2023-04-09 19:13:48,919 - Logs/video_20220719_094618 - INFO - Incorrect distance between rightwrist_righthip
2023-04-09 19:13:48,919 - Logs/video_20220719_094618 - INFO - distance_between_rightwrist_righthip: 25.179356624028344: (30, 60)
2023-04-09 19:13:48,919 - Logs/video_20220719_094618 - INFO - Incorrect distance between leftwrist_lefthip
2023-04-09 19:13:48,919 - Logs/video_20220719_094618 - INFO - distance_between_leftwrist_lefthip: 193.82982226685345: (30, 60)
2023-04-09 19:13:49,306 - Logs/video_20220719_094618 - INFO - Incorrect Front Savdhan Position
2023-04-09 19:13:49,306 - Logs/video_20220719_094618 - INFO - Incorrect distance between rightwrist_righthip
2023-04-09 19:13:49,306 - Logs/video_20220719_094618 - INFO - distance_between_rightwrist_righthip: 28.160255680657446: (30, 60)
2023-04-09 19:13:49,307 - Logs/video_20220719_094618 - INFO - Incorrect distance between leftwrist_lefthip
2023-04-09 19:13:49,307 - Logs/video_20220719_094618 - INFO - distance_between_leftwrist_lefthip: 187.55532517100121: (30, 60)
2023-04-09 19:13:49,701 - Logs/video_20220719_094618 - INFO - Incorrect Front Savdhan Position
2023-04-09 19:13:49,701 - Logs/video_20220719_094618 - INFO - Incorrect distance between rightwrist_righthip
2023-04-09 19:13:49,701 - Logs/video_20220719_094618 - INFO - distance_between_rightwrist_righthip: 28.0178514522438: (30, 60)
2023-04-09 19:13:49,701 - Logs/video_20220719_094618 - INFO - Incorrect distance between leftwrist_lefthip
2023-04-09 19:13:49,701 - Logs/video_20220719_094618 - INFO - distance_between_leftwrist_lefthip: 177.341478509682: (30, 60)
2023-04-09 19:13:49,701 - Logs/video_20220719_094618 - INFO - Incorrect angle between ankles
2023-04-09 19:13:49,701 - Logs/video_20220719_094618 - INFO - angle_between_ankle: 75.90403197464373: (80, 120)
2023-04-09 19:13:50,103 - Logs/video_20220719_094618 - INFO - Incorrect Front Savdhan Position
2023-04-09 19:13:50,103 - Logs/video_20220719_094618 - INFO - Incorrect distance between rightwrist_righthip
2023-04-09 19:13:50,103 - Logs/video_20220719_094618 - INFO - distance_between_rightwrist_righthip: 27.16615541441225: (30, 60)
2023-04-09 19:13:50,103 - Logs/video_20220719_094618 - INFO - Incorrect distance between leftwrist_lefthip
2023-04-09 19:13:50,103 - Logs/video_20220719_094618 - INFO - distance_between_leftwrist_lefthip: 172.38619434281853: (30, 60)
2023-04-09 19:13:50,104 - Logs/video_20220719_094618 - INFO - Incorrect angle between ankles
2023-04-09 19:13:50,104 - Logs/video_20220719_094618 - INFO - angle_between_ankle: 76.2930389959202: (80, 120)
2023-04-09 19:13:50,491 - Logs/video_20220719_094618 - INFO - Incorrect Front Savdhan Position
2023-04-09 19:13:50,491 - Logs/video_20220719_094618 - INFO - Incorrect distance between knees
2023-04-09 19:13:50,491 - Logs/video_20220719_094618 - INFO - distance_between_knees: 34.132096331752024: (35, 60)
2023-04-09 19:13:50,491 - Logs/video_20220719_094618 - INFO - Incorrect distance between rightwrist_righthip
2023-04-09 19:13:50,491 - Logs/video_20220719_094618 - INFO - distance_between_rightwrist_righthip: 28.0178514522438: (30, 60)
2023-04-09 19:13:50,492 - Logs/video_20220719_094618 - INFO - Incorrect distance between leftwrist_lefthip
2023-04-09 19:13:50,492 - Logs/video_20220719_094618 - INFO - distance_between_leftwrist_lefthip: 170.6575518399347: (30, 60)
2023-04-09 19:13:50,492 - Logs/video_20220719_094618 - INFO - Incorrect angle between ankles
2023-04-09 19:13:50,492 - Logs/video_20220719_094618 - INFO - angle_between_ankle: 78.48297524885261: (80, 120)
2023-04-09 19:13:50,880 - Logs/video_20220719_094618 - INFO - Incorrect Front Savdhan Position
2023-04-09 19:13:50,880 - Logs/video_20220719_094618 - INFO - Incorrect distance between rightwrist_righthip
2023-04-09 19:13:50,880 - Logs/video_20220719_094618 - INFO - distance_between_rightwrist_righthip: 28.861739379323623: (30, 60)
2023-04-09 19:13:50,881 - Logs/video_20220719_094618 - INFO - Incorrect distance between leftwrist_lefthip
2023-04-09 19:13:50,881 - Logs/video_20220719_094618 - INFO - distance_between_leftwrist_lefthip: 165.73774464496614: (30, 60)
2023-04-09 19:13:51,265 - Logs/video_20220719_094618 - INFO - Incorrect Front Savdhan Position
2023-04-09 19:13:51,265 - Logs/video_20220719_094618 - INFO - Incorrect distance between rightwrist_righthip
2023-04-09 19:13:51,265 - Logs/video_20220719_094618 - INFO - distance_between_rightwrist_righthip: 26.68332812825267: (30, 60)
2023-04-09 19:13:51,266 - Logs/video_20220719_094618 - INFO - Incorrect distance between leftwrist_lefthip
2023-04-09 19:13:51,266 - Logs/video_20220719_094618 - INFO - distance_between_leftwrist_lefthip: 170.98830369355676: (30, 60)
2023-04-09 19:13:51,266 - Logs/video_20220719_094618 - INFO - Incorrect angle between ankles
2023-04-09 19:13:51,266 - Logs/video_20220719_094618 - INFO - angle_between_ankle: 79.7987624228443: (80, 120)
2023-04-09 19:13:51,650 - Logs/video_20220719_094618 - INFO - Incorrect Front Savdhan Position
2023-04-09 19:13:51,650 - Logs/video_20220719_094618 - INFO - Incorrect distance between rightwrist_righthip
2023-04-09 19:13:51,650 - Logs/video_20220719_094618 - INFO - distance_between_rightwrist_righthip: 28.160255680657446: (30, 60)
2023-04-09 19:13:51,650 - Logs/video_20220719_094618 - INFO - Incorrect distance between leftwrist_lefthip
2023-04-09 19:13:51,650 - Logs/video_20220719_094618 - INFO - distance_between_leftwrist_lefthip: 167.1944975171133: (30, 60)
2023-04-09 19:13:52,044 - Logs/video_20220719_094618 - INFO - Incorrect Front Savdhan Position
2023-04-09 19:13:52,045 - Logs/video_20220719_094618 - INFO - Incorrect distance between rightwrist_righthip
2023-04-09 19:13:52,045 - Logs/video_20220719_094618 - INFO - distance_between_rightwrist_righthip: 29.068883707497267: (30, 60)
2023-04-09 19:13:52,045 - Logs/video_20220719_094618 - INFO - Incorrect distance between leftwrist_lefthip
2023-04-09 19:13:52,045 - Logs/video_20220719_094618 - INFO - distance_between_leftwrist_lefthip: 166.20770138594662: (30, 60)
2023-04-09 19:13:52,507 - Logs/video_20220719_094618 - INFO - Incorrect Front Savdhan Position
2023-04-09 19:13:52,508 - Logs/video_20220719_094618 - INFO - Incorrect distance between rightwrist_righthip
2023-04-09 19:13:52,508 - Logs/video_20220719_094618 - INFO - distance_between_rightwrist_righthip: 29.068883707497267: (30, 60)
2023-04-09 19:13:52,508 - Logs/video_20220719_094618 - INFO - Incorrect distance between leftwrist_lefthip
2023-04-09 19:13:52,508 - Logs/video_20220719_094618 - INFO - distance_between_leftwrist_lefthip: 164.40194646049662: (30, 60)
2023-04-09 19:13:52,509 - Logs/video_20220719_094618 - INFO - Incorrect angle between ankles
2023-04-09 19:13:52,509 - Logs/video_20220719_094618 - INFO - angle_between_ankle: 79.44646156671179: (80, 120)
2023-04-09 19:13:52,903 - Logs/video_20220719_094618 - INFO - Incorrect Front Savdhan Position
2023-04-09 19:13:52,903 - Logs/video_20220719_094618 - INFO - Incorrect distance between rightwrist_righthip
2023-04-09 19:13:52,903 - Logs/video_20220719_094618 - INFO - distance_between_rightwrist_righthip: 29.154759474226502: (30, 60)
2023-04-09 19:13:52,904 - Logs/video_20220719_094618 - INFO - Incorrect distance between leftwrist_lefthip
2023-04-09 19:13:52,904 - Logs/video_20220719_094618 - INFO - distance_between_leftwrist_lefthip: 168.02380783686579: (30, 60)
2023-04-09 19:13:52,904 - Logs/video_20220719_094618 - INFO - Incorrect angle between ankles
2023-04-09 19:13:52,904 - Logs/video_20220719_094618 - INFO - angle_between_ankle: 75.52456403693857: (80, 120)
2023-04-09 19:13:53,300 - Logs/video_20220719_094618 - INFO - Incorrect Front Savdhan Position
2023-04-09 19:13:53,300 - Logs/video_20220719_094618 - INFO - Incorrect distance between knees
2023-04-09 19:13:53,300 - Logs/video_20220719_094618 - INFO - distance_between_knees: 34.058772731852805: (35, 60)
2023-04-09 19:13:53,300 - Logs/video_20220719_094618 - INFO - Incorrect distance between rightwrist_righthip
2023-04-09 19:13:53,300 - Logs/video_20220719_094618 - INFO - distance_between_rightwrist_righthip: 28.0178514522438: (30, 60)
2023-04-09 19:13:53,301 - Logs/video_20220719_094618 - INFO - Incorrect distance between leftwrist_lefthip
2023-04-09 19:13:53,301 - Logs/video_20220719_094618 - INFO - distance_between_leftwrist_lefthip: 163.77118183612157: (30, 60)
2023-04-09 19:13:53,685 - Logs/video_20220719_094618 - INFO - Incorrect Front Savdhan Position
2023-04-09 19:13:53,686 - Logs/video_20220719_094618 - INFO - Incorrect distance between rightwrist_righthip
2023-04-09 19:13:53,686 - Logs/video_20220719_094618 - INFO - distance_between_rightwrist_righthip: 28.0178514522438: (30, 60)
2023-04-09 19:13:53,686 - Logs/video_20220719_094618 - INFO - Incorrect distance between leftwrist_lefthip
2023-04-09 19:13:53,686 - Logs/video_20220719_094618 - INFO - distance_between_leftwrist_lefthip: 166.37307474468338: (30, 60)
2023-04-09 19:13:53,686 - Logs/video_20220719_094618 - INFO - Incorrect angle between ankles
2023-04-09 19:13:53,687 - Logs/video_20220719_094618 - INFO - angle_between_ankle: 78.51606786280183: (80, 120)
2023-04-09 19:13:54,083 - Logs/video_20220719_094618 - INFO - Incorrect Front Savdhan Position
2023-04-09 19:13:54,083 - Logs/video_20220719_094618 - INFO - Incorrect distance between rightwrist_righthip
2023-04-09 19:13:54,083 - Logs/video_20220719_094618 - INFO - distance_between_rightwrist_righthip: 29.154759474226502: (30, 60)
2023-04-09 19:13:54,083 - Logs/video_20220719_094618 - INFO - Incorrect distance between leftwrist_lefthip
2023-04-09 19:13:54,083 - Logs/video_20220719_094618 - INFO - distance_between_leftwrist_lefthip: 164.57521077003062: (30, 60)
2023-04-09 19:13:54,479 - Logs/video_20220719_094618 - INFO - Incorrect Front Savdhan Position
2023-04-09 19:13:54,479 - Logs/video_20220719_094618 - INFO - Incorrect distance between leftwrist_lefthip
2023-04-09 19:13:54,479 - Logs/video_20220719_094618 - INFO - distance_between_leftwrist_lefthip: 144.6789549312546: (30, 60)
2023-04-09 19:13:54,910 - Logs/video_20220719_094618 - INFO - Incorrect Front Savdhan Position
2023-04-09 19:13:54,910 - Logs/video_20220719_094618 - INFO - Incorrect distance between leftwrist_lefthip
2023-04-09 19:13:54,910 - Logs/video_20220719_094618 - INFO - distance_between_leftwrist_lefthip: 120.26637102698326: (30, 60)
2023-04-09 19:13:55,311 - Logs/video_20220719_094618 - INFO - Correct Front Savdhan Position
2023-04-09 19:13:55,695 - Logs/video_20220719_094618 - INFO - Correct Front Savdhan Position
2023-04-09 19:13:56,078 - Logs/video_20220719_094618 - INFO - Correct Front Savdhan Position
2023-04-09 19:13:56,478 - Logs/video_20220719_094618 - INFO - Correct Front Savdhan Position
2023-04-09 19:13:56,864 - Logs/video_20220719_094618 - INFO - Correct Front Savdhan Position
2023-04-09 19:13:57,265 - Logs/video_20220719_094618 - INFO - Correct Front Savdhan Position
2023-04-09 19:13:57,648 - Logs/video_20220719_094618 - INFO - Correct Front Savdhan Position
2023-04-09 19:13:58,041 - Logs/video_20220719_094618 - INFO - Correct Front Savdhan Position
2023-04-09 19:13:58,424 - Logs/video_20220719_094618 - INFO - Correct Front Savdhan Position
