2023-04-09 19:14:56,395 - Logs/video_20220719_093233 - INFO - Logger Logs/video_20220719_093233 created, with level 20
2023-04-09 19:14:57,986 - Logs/video_20220719_093233 - INFO - Incorrect Front Savdhan Position
2023-04-09 19:14:57,986 - Logs/video_20220719_093233 - INFO - Incorrect angle between ankles
2023-04-09 19:14:57,986 - Logs/video_20220719_093233 - INFO - angle_between_ankle: 75.20036693725226: (80, 120)
2023-04-09 19:14:58,525 - Logs/video_20220719_093233 - INFO - Incorrect Front Savdhan Position
2023-04-09 19:14:58,526 - Logs/video_20220719_093233 - INFO - Incorrect angle between ankles
2023-04-09 19:14:58,526 - Logs/video_20220719_093233 - INFO - angle_between_ankle: 79.78557883317559: (80, 120)
2023-04-09 19:14:58,916 - Logs/video_20220719_093233 - INFO - Incorrect Front Savdhan Position
2023-04-09 19:14:58,917 - Logs/video_20220719_093233 - INFO - Incorrect angle between ankles
2023-04-09 19:14:58,917 - Logs/video_20220719_093233 - INFO - angle_between_ankle: 79.70680375057587: (80, 120)
2023-04-09 19:14:59,334 - Logs/video_20220719_093233 - INFO - Incorrect Front Savdhan Position
2023-04-09 19:14:59,335 - Logs/video_20220719_093233 - INFO - Incorrect angle between ankles
2023-04-09 19:14:59,335 - Logs/video_20220719_093233 - INFO - angle_between_ankle: 73.49563861824497: (80, 120)
2023-04-09 19:14:59,724 - Logs/video_20220719_093233 - INFO - Incorrect Front Savdhan Position
2023-04-09 19:14:59,725 - Logs/video_20220719_093233 - INFO - Incorrect angle between ankles
2023-04-09 19:14:59,725 - Logs/video_20220719_093233 - INFO - angle_between_ankle: 74.0728140461862: (80, 120)
2023-04-09 19:15:00,121 - Logs/video_20220719_093233 - INFO - Incorrect Front Savdhan Position
2023-04-09 19:15:00,121 - Logs/video_20220719_093233 - INFO - Incorrect angle between ankles
2023-04-09 19:15:00,121 - Logs/video_20220719_093233 - INFO - angle_between_ankle: 74.98163936884933: (80, 120)
2023-04-09 19:15:00,510 - Logs/video_20220719_093233 - INFO - Incorrect Front Savdhan Position
2023-04-09 19:15:00,511 - Logs/video_20220719_093233 - INFO - Incorrect angle between ankles
2023-04-09 19:15:00,511 - Logs/video_20220719_093233 - INFO - angle_between_ankle: 77.48560995021029: (80, 120)
2023-04-09 19:15:00,898 - Logs/video_20220719_093233 - INFO - Incorrect Front Savdhan Position
2023-04-09 19:15:00,898 - Logs/video_20220719_093233 - INFO - Incorrect angle between ankles
2023-04-09 19:15:00,898 - Logs/video_20220719_093233 - INFO - angle_between_ankle: 77.45327149296139: (80, 120)
2023-04-09 19:15:01,297 - Logs/video_20220719_093233 - INFO - Incorrect Front Savdhan Position
2023-04-09 19:15:01,297 - Logs/video_20220719_093233 - INFO - Incorrect distance between leftwrist_lefthip
2023-04-09 19:15:01,297 - Logs/video_20220719_093233 - INFO - distance_between_leftwrist_lefthip: 28.231188426986208: (30, 60)
2023-04-09 19:15:01,297 - Logs/video_20220719_093233 - INFO - Incorrect angle between ankles
2023-04-09 19:15:01,297 - Logs/video_20220719_093233 - INFO - angle_between_ankle: 75.37912601136833: (80, 120)
2023-04-09 19:15:01,681 - Logs/video_20220719_093233 - INFO - Incorrect Front Savdhan Position
2023-04-09 19:15:01,682 - Logs/video_20220719_093233 - INFO - Incorrect distance between leftwrist_lefthip
2023-04-09 19:15:01,682 - Logs/video_20220719_093233 - INFO - distance_between_leftwrist_lefthip: 27.51363298439521: (30, 60)
2023-04-09 19:15:01,682 - Logs/video_20220719_093233 - INFO - Incorrect angle between ankles
2023-04-09 19:15:01,682 - Logs/video_20220719_093233 - INFO - angle_between_ankle: 68.38973502391939: (80, 120)
2023-04-09 19:15:02,079 - Logs/video_20220719_093233 - INFO - Incorrect Front Savdhan Position
2023-04-09 19:15:02,079 - Logs/video_20220719_093233 - INFO - Incorrect angle between ankles
2023-04-09 19:15:02,080 - Logs/video_20220719_093233 - INFO - angle_between_ankle: 78.74180652177117: (80, 120)
2023-04-09 19:15:02,476 - Logs/video_20220719_093233 - INFO - Incorrect Front Savdhan Position
2023-04-09 19:15:02,477 - Logs/video_20220719_093233 - INFO - Incorrect distance between leftwrist_lefthip
2023-04-09 19:15:02,477 - Logs/video_20220719_093233 - INFO - distance_between_leftwrist_lefthip: 26.570660511172846: (30, 60)
2023-04-09 19:15:02,477 - Logs/video_20220719_093233 - INFO - Incorrect angle between ankles
2023-04-09 19:15:02,477 - Logs/video_20220719_093233 - INFO - angle_between_ankle: 73.0184656918033: (80, 120)
2023-04-09 19:15:02,865 - Logs/video_20220719_093233 - INFO - Incorrect Front Savdhan Position
2023-04-09 19:15:02,866 - Logs/video_20220719_093233 - INFO - Incorrect distance between leftwrist_lefthip
2023-04-09 19:15:02,866 - Logs/video_20220719_093233 - INFO - distance_between_leftwrist_lefthip: 27.892651361962706: (30, 60)
2023-04-09 19:15:02,866 - Logs/video_20220719_093233 - INFO - Incorrect angle between ankles
2023-04-09 19:15:02,866 - Logs/video_20220719_093233 - INFO - angle_between_ankle: 77.14626696782702: (80, 120)
2023-04-09 19:15:03,257 - Logs/video_20220719_093233 - INFO - Incorrect Front Savdhan Position
2023-04-09 19:15:03,258 - Logs/video_20220719_093233 - INFO - Incorrect distance between leftwrist_lefthip
2023-04-09 19:15:03,258 - Logs/video_20220719_093233 - INFO - distance_between_leftwrist_lefthip: 27.51363298439521: (30, 60)
2023-04-09 19:15:03,258 - Logs/video_20220719_093233 - INFO - Incorrect angle between ankles
2023-04-09 19:15:03,258 - Logs/video_20220719_093233 - INFO - angle_between_ankle: 77.33212513793735: (80, 120)
2023-04-09 19:15:03,657 - Logs/video_20220719_093233 - INFO - Incorrect Front Savdhan Position
2023-04-09 19:15:03,658 - Logs/video_20220719_093233 - INFO - Incorrect distance between leftwrist_lefthip
2023-04-09 19:15:03,658 - Logs/video_20220719_093233 - INFO - distance_between_leftwrist_lefthip: 28.231188426986208: (30, 60)
2023-04-09 19:15:03,658 - Logs/video_20220719_093233 - INFO - Incorrect angle between ankles
2023-04-09 19:15:03,658 - Logs/video_20220719_093233 - INFO - angle_between_ankle: 74.97271518983308: (80, 120)
2023-04-09 19:15:04,112 - Logs/video_20220719_093233 - INFO - Incorrect Front Savdhan Position
2023-04-09 19:15:04,112 - Logs/video_20220719_093233 - INFO - Incorrect distance between leftwrist_lefthip
2023-04-09 19:15:04,112 - Logs/video_20220719_093233 - INFO - distance_between_leftwrist_lefthip: 28.231188426986208: (30, 60)
2023-04-09 19:15:04,113 - Logs/video_20220719_093233 - INFO - Incorrect angle between ankles
2023-04-09 19:15:04,113 - Logs/video_20220719_093233 - INFO - angle_between_ankle: 75.59180069782357: (80, 120)
2023-04-09 19:15:04,506 - Logs/video_20220719_093233 - INFO - Incorrect Front Savdhan Position
2023-04-09 19:15:04,507 - Logs/video_20220719_093233 - INFO - Incorrect distance between leftwrist_lefthip
2023-04-09 19:15:04,507 - Logs/video_20220719_093233 - INFO - distance_between_leftwrist_lefthip: 29.5296461204668: (30, 60)
2023-04-09 19:15:04,507 - Logs/video_20220719_093233 - INFO - Incorrect angle between ankles
2023-04-09 19:15:04,507 - Logs/video_20220719_093233 - INFO - angle_between_ankle: 77.54300647448238: (80, 120)
2023-04-09 19:15:04,893 - Logs/video_20220719_093233 - INFO - Incorrect Front Savdhan Position
2023-04-09 19:15:04,894 - Logs/video_20220719_093233 - INFO - Incorrect distance between leftwrist_lefthip
2023-04-09 19:15:04,894 - Logs/video_20220719_093233 - INFO - distance_between_leftwrist_lefthip: 24.351591323771842: (30, 60)
2023-04-09 19:15:04,894 - Logs/video_20220719_093233 - INFO - Incorrect angle between ankles
2023-04-09 19:15:04,894 - Logs/video_20220719_093233 - INFO - angle_between_ankle: 70.37321660043723: (80, 120)
2023-04-09 19:15:05,278 - Logs/video_20220719_093233 - INFO - Incorrect Front Savdhan Position
2023-04-09 19:15:05,279 - Logs/video_20220719_093233 - INFO - Incorrect distance between leftwrist_lefthip
2023-04-09 19:15:05,279 - Logs/video_20220719_093233 - INFO - distance_between_leftwrist_lefthip: 28.178005607210743: (30, 60)
2023-04-09 19:15:05,279 - Logs/video_20220719_093233 - INFO - Incorrect angle between ankles
2023-04-09 19:15:05,279 - Logs/video_20220719_093233 - INFO - angle_between_ankle: 75.69711143203058: (80, 120)
2023-04-09 19:15:05,677 - Logs/video_20220719_093233 - INFO - Incorrect Front Savdhan Position
2023-04-09 19:15:05,677 - Logs/video_20220719_093233 - INFO - Incorrect distance between leftwrist_lefthip
2023-04-09 19:15:05,677 - Logs/video_20220719_093233 - INFO - distance_between_leftwrist_lefthip: 29.732137494637012: (30, 60)
2023-04-09 19:15:05,677 - Logs/video_20220719_093233 - INFO - Incorrect angle between ankles
2023-04-09 19:15:05,677 - Logs/video_20220719_093233 - INFO - angle_between_ankle: 74.19268346275665: (80, 120)
2023-04-09 19:15:06,073 - Logs/video_20220719_093233 - INFO - Incorrect Front Savdhan Position
2023-04-09 19:15:06,073 - Logs/video_20220719_093233 - INFO - Incorrect distance between leftwrist_lefthip
2023-04-09 19:15:06,073 - Logs/video_20220719_093233 - INFO - distance_between_leftwrist_lefthip: 27.85677655436824: (30, 60)
2023-04-09 19:15:06,074 - Logs/video_20220719_093233 - INFO - Incorrect angle between ankles
2023-04-09 19:15:06,074 - Logs/video_20220719_093233 - INFO - angle_between_ankle: 76.18992290810108: (80, 120)
2023-04-09 19:15:06,477 - Logs/video_20220719_093233 - INFO - Incorrect Front Savdhan Position
2023-04-09 19:15:06,478 - Logs/video_20220719_093233 - INFO - Incorrect distance between leftwrist_lefthip
2023-04-09 19:15:06,478 - Logs/video_20220719_093233 - INFO - distance_between_leftwrist_lefthip: 27.85677655436824: (30, 60)
2023-04-09 19:15:06,478 - Logs/video_20220719_093233 - INFO - Incorrect angle between ankles
2023-04-09 19:15:06,478 - Logs/video_20220719_093233 - INFO - angle_between_ankle: 73.49563861824497: (80, 120)
2023-04-09 19:15:06,868 - Logs/video_20220719_093233 - INFO - Incorrect Front Savdhan Position
2023-04-09 19:15:06,868 - Logs/video_20220719_093233 - INFO - Incorrect distance between leftwrist_lefthip
2023-04-09 19:15:06,868 - Logs/video_20220719_093233 - INFO - distance_between_leftwrist_lefthip: 27.85677655436824: (30, 60)
2023-04-09 19:15:06,868 - Logs/video_20220719_093233 - INFO - Incorrect angle between ankles
2023-04-09 19:15:06,868 - Logs/video_20220719_093233 - INFO - angle_between_ankle: 77.20817896294484: (80, 120)
2023-04-09 19:15:07,267 - Logs/video_20220719_093233 - INFO - Incorrect Front Savdhan Position
2023-04-09 19:15:07,268 - Logs/video_20220719_093233 - INFO - Incorrect distance between leftwrist_lefthip
2023-04-09 19:15:07,268 - Logs/video_20220719_093233 - INFO - distance_between_leftwrist_lefthip: 29.966648127543394: (30, 60)
2023-04-09 19:15:07,268 - Logs/video_20220719_093233 - INFO - Incorrect angle between ankles
2023-04-09 19:15:07,268 - Logs/video_20220719_093233 - INFO - angle_between_ankle: 75.80401034884751: (80, 120)
2023-04-09 19:15:07,647 - Logs/video_20220719_093233 - INFO - Incorrect Front Savdhan Position
2023-04-09 19:15:07,647 - Logs/video_20220719_093233 - INFO - Incorrect distance between leftwrist_lefthip
2023-04-09 19:15:07,647 - Logs/video_20220719_093233 - INFO - distance_between_leftwrist_lefthip: 29.154759474226502: (30, 60)
2023-04-09 19:15:07,647 - Logs/video_20220719_093233 - INFO - Incorrect angle between ankles
2023-04-09 19:15:07,647 - Logs/video_20220719_093233 - INFO - angle_between_ankle: 74.19268346275665: (80, 120)
2023-04-09 19:15:08,031 - Logs/video_20220719_093233 - INFO - Incorrect Front Savdhan Position
2023-04-09 19:15:08,031 - Logs/video_20220719_093233 - INFO - Incorrect angle between ankles
2023-04-09 19:15:08,031 - Logs/video_20220719_093233 - INFO - angle_between_ankle: 74.71187410311262: (80, 120)
2023-04-09 19:15:08,425 - Logs/video_20220719_093233 - INFO - Incorrect Front Savdhan Position
2023-04-09 19:15:08,425 - Logs/video_20220719_093233 - INFO - Incorrect distance between leftwrist_lefthip
2023-04-09 19:15:08,425 - Logs/video_20220719_093233 - INFO - distance_between_leftwrist_lefthip: 29.154759474226502: (30, 60)
2023-04-09 19:15:08,426 - Logs/video_20220719_093233 - INFO - Incorrect angle between ankles
2023-04-09 19:15:08,426 - Logs/video_20220719_093233 - INFO - angle_between_ankle: 78.55557063801474: (80, 120)
2023-04-09 19:15:08,810 - Logs/video_20220719_093233 - INFO - Incorrect Front Savdhan Position
2023-04-09 19:15:08,810 - Logs/video_20220719_093233 - INFO - Incorrect distance between leftwrist_lefthip
2023-04-09 19:15:08,810 - Logs/video_20220719_093233 - INFO - distance_between_leftwrist_lefthip: 26.92582403567252: (30, 60)
2023-04-09 19:15:08,810 - Logs/video_20220719_093233 - INFO - Incorrect angle between ankles
2023-04-09 19:15:08,810 - Logs/video_20220719_093233 - INFO - angle_between_ankle: 75.91211546492771: (80, 120)
2023-04-09 19:15:09,199 - Logs/video_20220719_093233 - INFO - Incorrect Front Savdhan Position
2023-04-09 19:15:09,199 - Logs/video_20220719_093233 - INFO - Incorrect distance between leftwrist_lefthip
2023-04-09 19:15:09,199 - Logs/video_20220719_093233 - INFO - distance_between_leftwrist_lefthip: 27.85677655436824: (30, 60)
2023-04-09 19:15:09,199 - Logs/video_20220719_093233 - INFO - Incorrect angle between ankles
2023-04-09 19:15:09,199 - Logs/video_20220719_093233 - INFO - angle_between_ankle: 76.62758752810896: (80, 120)
2023-04-09 19:15:09,592 - Logs/video_20220719_093233 - INFO - Incorrect Front Savdhan Position
2023-04-09 19:15:09,592 - Logs/video_20220719_093233 - INFO - Incorrect distance between leftwrist_lefthip
2023-04-09 19:15:09,592 - Logs/video_20220719_093233 - INFO - distance_between_leftwrist_lefthip: 29.546573405388315: (30, 60)
2023-04-09 19:15:09,593 - Logs/video_20220719_093233 - INFO - Incorrect angle between ankles
2023-04-09 19:15:09,593 - Logs/video_20220719_093233 - INFO - angle_between_ankle: 76.12690254469625: (80, 120)
2023-04-09 19:15:09,987 - Logs/video_20220719_093233 - INFO - Incorrect Front Savdhan Position
2023-04-09 19:15:09,987 - Logs/video_20220719_093233 - INFO - Incorrect distance between leftwrist_lefthip
2023-04-09 19:15:09,987 - Logs/video_20220719_093233 - INFO - distance_between_leftwrist_lefthip: 29.546573405388315: (30, 60)
2023-04-09 19:15:09,987 - Logs/video_20220719_093233 - INFO - Incorrect angle between ankles
2023-04-09 19:15:09,987 - Logs/video_20220719_093233 - INFO - angle_between_ankle: 76.01388406041507: (80, 120)
2023-04-09 19:15:10,386 - Logs/video_20220719_093233 - INFO - Incorrect Front Savdhan Position
2023-04-09 19:15:10,387 - Logs/video_20220719_093233 - INFO - Incorrect distance between leftwrist_lefthip
2023-04-09 19:15:10,387 - Logs/video_20220719_093233 - INFO - distance_between_leftwrist_lefthip: 27.313000567495326: (30, 60)
2023-04-09 19:15:10,387 - Logs/video_20220719_093233 - INFO - Incorrect angle between ankles
2023-04-09 19:15:10,387 - Logs/video_20220719_093233 - INFO - angle_between_ankle: 77.65111159056259: (80, 120)
2023-04-09 19:15:10,775 - Logs/video_20220719_093233 - INFO - Incorrect Front Savdhan Position
2023-04-09 19:15:10,775 - Logs/video_20220719_093233 - INFO - Incorrect distance between leftwrist_lefthip
2023-04-09 19:15:10,775 - Logs/video_20220719_093233 - INFO - distance_between_leftwrist_lefthip: 29.966648127543394: (30, 60)
2023-04-09 19:15:10,775 - Logs/video_20220719_093233 - INFO - Incorrect angle between ankles
2023-04-09 19:15:10,775 - Logs/video_20220719_093233 - INFO - angle_between_ankle: 77.53204657556111: (80, 120)
2023-04-09 19:15:11,171 - Logs/video_20220719_093233 - INFO - Incorrect Front Savdhan Position
2023-04-09 19:15:11,171 - Logs/video_20220719_093233 - INFO - Incorrect distance between leftwrist_lefthip
2023-04-09 19:15:11,171 - Logs/video_20220719_093233 - INFO - distance_between_leftwrist_lefthip: 29.966648127543394: (30, 60)
2023-04-09 19:15:11,172 - Logs/video_20220719_093233 - INFO - Incorrect angle between ankles
2023-04-09 19:15:11,172 - Logs/video_20220719_093233 - INFO - angle_between_ankle: 74.43030874373393: (80, 120)
2023-04-09 19:15:11,573 - Logs/video_20220719_093233 - INFO - Incorrect Front Savdhan Position
2023-04-09 19:15:11,573 - Logs/video_20220719_093233 - INFO - Incorrect distance between leftwrist_lefthip
2023-04-09 19:15:11,574 - Logs/video_20220719_093233 - INFO - distance_between_leftwrist_lefthip: 29.966648127543394: (30, 60)
2023-04-09 19:15:11,574 - Logs/video_20220719_093233 - INFO - Incorrect angle between ankles
2023-04-09 19:15:11,574 - Logs/video_20220719_093233 - INFO - angle_between_ankle: 77.11645851554508: (80, 120)
2023-04-09 19:15:11,968 - Logs/video_20220719_093233 - INFO - Incorrect Front Savdhan Position
2023-04-09 19:15:11,968 - Logs/video_20220719_093233 - INFO - Incorrect distance between leftwrist_lefthip
2023-04-09 19:15:11,968 - Logs/video_20220719_093233 - INFO - distance_between_leftwrist_lefthip: 27.313000567495326: (30, 60)
2023-04-09 19:15:11,969 - Logs/video_20220719_093233 - INFO - Incorrect angle between ankles
2023-04-09 19:15:11,969 - Logs/video_20220719_093233 - INFO - angle_between_ankle: 72.54344186633311: (80, 120)
2023-04-09 19:15:12,364 - Logs/video_20220719_093233 - INFO - Incorrect Front Savdhan Position
2023-04-09 19:15:12,365 - Logs/video_20220719_093233 - INFO - Incorrect distance between leftwrist_lefthip
2023-04-09 19:15:12,365 - Logs/video_20220719_093233 - INFO - distance_between_leftwrist_lefthip: 26.570660511172846: (30, 60)
2023-04-09 19:15:12,365 - Logs/video_20220719_093233 - INFO - Incorrect angle between ankles
2023-04-09 19:15:12,365 - Logs/video_20220719_093233 - INFO - angle_between_ankle: 73.94200199148148: (80, 120)
2023-04-09 19:15:12,764 - Logs/video_20220719_093233 - INFO - Incorrect Front Savdhan Position
2023-04-09 19:15:12,764 - Logs/video_20220719_093233 - INFO - Incorrect distance between leftwrist_lefthip
2023-04-09 19:15:12,765 - Logs/video_20220719_093233 - INFO - distance_between_leftwrist_lefthip: 27.730849247724095: (30, 60)
2023-04-09 19:15:12,765 - Logs/video_20220719_093233 - INFO - Incorrect angle between ankles
2023-04-09 19:15:12,765 - Logs/video_20220719_093233 - INFO - angle_between_ankle: 74.30220748213868: (80, 120)
2023-04-09 19:15:13,159 - Logs/video_20220719_093233 - INFO - Incorrect Front Savdhan Position
2023-04-09 19:15:13,160 - Logs/video_20220719_093233 - INFO - Incorrect distance between leftwrist_lefthip
2023-04-09 19:15:13,160 - Logs/video_20220719_093233 - INFO - distance_between_leftwrist_lefthip: 28.792360097775937: (30, 60)
2023-04-09 19:15:13,160 - Logs/video_20220719_093233 - INFO - Incorrect angle between ankles
2023-04-09 19:15:13,160 - Logs/video_20220719_093233 - INFO - angle_between_ankle: 75.32685860939742: (80, 120)
2023-04-09 19:15:13,548 - Logs/video_20220719_093233 - INFO - Incorrect Front Savdhan Position
2023-04-09 19:15:13,548 - Logs/video_20220719_093233 - INFO - Incorrect distance between leftwrist_lefthip
2023-04-09 19:15:13,548 - Logs/video_20220719_093233 - INFO - distance_between_leftwrist_lefthip: 26.570660511172846: (30, 60)
2023-04-09 19:15:13,548 - Logs/video_20220719_093233 - INFO - Incorrect angle between ankles
2023-04-09 19:15:13,548 - Logs/video_20220719_093233 - INFO - angle_between_ankle: 71.67154878586888: (80, 120)
2023-04-09 19:15:13,933 - Logs/video_20220719_093233 - INFO - Incorrect Front Savdhan Position
2023-04-09 19:15:13,933 - Logs/video_20220719_093233 - INFO - Incorrect distance between leftwrist_lefthip
2023-04-09 19:15:13,933 - Logs/video_20220719_093233 - INFO - distance_between_leftwrist_lefthip: 27.51363298439521: (30, 60)
2023-04-09 19:15:13,934 - Logs/video_20220719_093233 - INFO - Incorrect angle between ankles
2023-04-09 19:15:13,934 - Logs/video_20220719_093233 - INFO - angle_between_ankle: 75.69711143203058: (80, 120)
2023-04-09 19:15:14,326 - Logs/video_20220719_093233 - INFO - Incorrect Front Savdhan Position
2023-04-09 19:15:14,327 - Logs/video_20220719_093233 - INFO - Incorrect distance between leftwrist_lefthip
2023-04-09 19:15:14,327 - Logs/video_20220719_093233 - INFO - distance_between_leftwrist_lefthip: 29.546573405388315: (30, 60)
2023-04-09 19:15:14,327 - Logs/video_20220719_093233 - INFO - Incorrect angle between ankles
2023-04-09 19:15:14,327 - Logs/video_20220719_093233 - INFO - angle_between_ankle: 75.20036693725226: (80, 120)
2023-04-09 19:15:14,719 - Logs/video_20220719_093233 - INFO - Incorrect Front Savdhan Position
2023-04-09 19:15:14,719 - Logs/video_20220719_093233 - INFO - Incorrect distance between leftwrist_lefthip
2023-04-09 19:15:14,719 - Logs/video_20220719_093233 - INFO - distance_between_leftwrist_lefthip: 25.632011235952593: (30, 60)
2023-04-09 19:15:14,720 - Logs/video_20220719_093233 - INFO - Incorrect angle between ankles
2023-04-09 19:15:14,720 - Logs/video_20220719_093233 - INFO - angle_between_ankle: 73.2337190641982: (80, 120)
2023-04-09 19:15:15,108 - Logs/video_20220719_093233 - INFO - Incorrect Front Savdhan Position
2023-04-09 19:15:15,111 - Logs/video_20220719_093233 - INFO - Incorrect distance between leftwrist_lefthip
2023-04-09 19:15:15,111 - Logs/video_20220719_093233 - INFO - distance_between_leftwrist_lefthip: 28.460498941515414: (30, 60)
2023-04-09 19:15:15,111 - Logs/video_20220719_093233 - INFO - Incorrect angle between ankles
2023-04-09 19:15:15,112 - Logs/video_20220719_093233 - INFO - angle_between_ankle: 78.59914253846927: (80, 120)
2023-04-09 19:15:15,900 - Logs/video_20220719_093233 - INFO - Incorrect Front Savdhan Position
2023-04-09 19:15:15,900 - Logs/video_20220719_093233 - INFO - Incorrect distance between leftwrist_lefthip
2023-04-09 19:15:15,900 - Logs/video_20220719_093233 - INFO - distance_between_leftwrist_lefthip: 29.120439557122072: (30, 60)
2023-04-09 19:15:15,900 - Logs/video_20220719_093233 - INFO - Incorrect angle between ankles
2023-04-09 19:15:15,900 - Logs/video_20220719_093233 - INFO - angle_between_ankle: 64.04353057304309: (80, 120)
2023-04-09 19:15:16,297 - Logs/video_20220719_093233 - INFO - Incorrect Front Savdhan Position
2023-04-09 19:15:16,298 - Logs/video_20220719_093233 - INFO - Incorrect angle between ankles
2023-04-09 19:15:16,298 - Logs/video_20220719_093233 - INFO - angle_between_ankle: 77.89113471639166: (80, 120)
2023-04-09 19:15:16,684 - Logs/video_20220719_093233 - INFO - Incorrect Front Savdhan Position
2023-04-09 19:15:16,685 - Logs/video_20220719_093233 - INFO - Incorrect distance between leftwrist_lefthip
2023-04-09 19:15:16,685 - Logs/video_20220719_093233 - INFO - distance_between_leftwrist_lefthip: 28.460498941515414: (30, 60)
2023-04-09 19:15:16,685 - Logs/video_20220719_093233 - INFO - Incorrect angle between ankles
2023-04-09 19:15:16,685 - Logs/video_20220719_093233 - INFO - angle_between_ankle: 66.0625076244337: (80, 120)
2023-04-09 19:15:17,071 - Logs/video_20220719_093233 - INFO - Incorrect Front Savdhan Position
2023-04-09 19:15:17,072 - Logs/video_20220719_093233 - INFO - Incorrect distance between leftwrist_lefthip
2023-04-09 19:15:17,072 - Logs/video_20220719_093233 - INFO - distance_between_leftwrist_lefthip: 28.231188426986208: (30, 60)
2023-04-09 19:15:17,072 - Logs/video_20220719_093233 - INFO - Incorrect angle between ankles
2023-04-09 19:15:17,072 - Logs/video_20220719_093233 - INFO - angle_between_ankle: 70.24561200100509: (80, 120)
2023-04-09 19:15:17,468 - Logs/video_20220719_093233 - INFO - Incorrect Front Savdhan Position
2023-04-09 19:15:17,468 - Logs/video_20220719_093233 - INFO - Incorrect distance between leftwrist_lefthip
2023-04-09 19:15:17,468 - Logs/video_20220719_093233 - INFO - distance_between_leftwrist_lefthip: 29.068883707497267: (30, 60)
2023-04-09 19:15:17,469 - Logs/video_20220719_093233 - INFO - Incorrect angle between ankles
2023-04-09 19:15:17,469 - Logs/video_20220719_093233 - INFO - angle_between_ankle: 69.2301017143959: (80, 120)
2023-04-09 19:15:17,866 - Logs/video_20220719_093233 - INFO - Incorrect Front Savdhan Position
2023-04-09 19:15:17,866 - Logs/video_20220719_093233 - INFO - Incorrect angle between ankles
2023-04-09 19:15:17,866 - Logs/video_20220719_093233 - INFO - angle_between_ankle: 64.84529860261988: (80, 120)
2023-04-09 19:15:18,266 - Logs/video_20220719_093233 - INFO - Incorrect Front Savdhan Position
2023-04-09 19:15:18,267 - Logs/video_20220719_093233 - INFO - Incorrect distance between leftwrist_lefthip
2023-04-09 19:15:18,267 - Logs/video_20220719_093233 - INFO - distance_between_leftwrist_lefthip: 27.85677655436824: (30, 60)
2023-04-09 19:15:18,267 - Logs/video_20220719_093233 - INFO - Incorrect angle between ankles
2023-04-09 19:15:18,267 - Logs/video_20220719_093233 - INFO - angle_between_ankle: 69.65589874408161: (80, 120)
2023-04-09 19:15:18,724 - Logs/video_20220719_093233 - INFO - Incorrect Front Savdhan Position
2023-04-09 19:15:18,724 - Logs/video_20220719_093233 - INFO - Incorrect distance between leftwrist_lefthip
2023-04-09 19:15:18,724 - Logs/video_20220719_093233 - INFO - distance_between_leftwrist_lefthip: 27.313000567495326: (30, 60)
2023-04-09 19:15:18,725 - Logs/video_20220719_093233 - INFO - Incorrect angle between ankles
2023-04-09 19:15:18,725 - Logs/video_20220719_093233 - INFO - angle_between_ankle: 73.72478853993243: (80, 120)
2023-04-09 19:15:19,885 - Logs/video_20220719_093233 - INFO - Incorrect Front Savdhan Position
2023-04-09 19:15:19,886 - Logs/video_20220719_093233 - INFO - Incorrect angle between ankles
2023-04-09 19:15:19,886 - Logs/video_20220719_093233 - INFO - angle_between_ankle: 72.47443162627712: (80, 120)
2023-04-09 19:15:21,034 - Logs/video_20220719_093233 - INFO - Incorrect Front Savdhan Position
2023-04-09 19:15:21,034 - Logs/video_20220719_093233 - INFO - Incorrect distance between leftwrist_lefthip
2023-04-09 19:15:21,034 - Logs/video_20220719_093233 - INFO - distance_between_leftwrist_lefthip: 26.92582403567252: (30, 60)
2023-04-09 19:15:21,034 - Logs/video_20220719_093233 - INFO - Incorrect angle between ankles
2023-04-09 19:15:21,034 - Logs/video_20220719_093233 - INFO - angle_between_ankle: 76.85144754918893: (80, 120)
2023-04-09 19:15:21,438 - Logs/video_20220719_093233 - INFO - Incorrect Front Savdhan Position
2023-04-09 19:15:21,439 - Logs/video_20220719_093233 - INFO - Incorrect angle between ankles
2023-04-09 19:15:21,439 - Logs/video_20220719_093233 - INFO - angle_between_ankle: 70.06121146295487: (80, 120)
2023-04-09 19:15:21,826 - Logs/video_20220719_093233 - INFO - Incorrect Front Savdhan Position
2023-04-09 19:15:21,826 - Logs/video_20220719_093233 - INFO - Incorrect distance between rightwrist_righthip
2023-04-09 19:15:21,826 - Logs/video_20220719_093233 - INFO - distance_between_rightwrist_righthip: 23.021728866442675: (30, 60)
2023-04-09 19:15:21,827 - Logs/video_20220719_093233 - INFO - Incorrect distance between leftwrist_lefthip
2023-04-09 19:15:21,827 - Logs/video_20220719_093233 - INFO - distance_between_leftwrist_lefthip: 182.58422713914803: (30, 60)
2023-04-09 19:15:21,827 - Logs/video_20220719_093233 - INFO - Incorrect angle between ankles
2023-04-09 19:15:21,827 - Logs/video_20220719_093233 - INFO - angle_between_ankle: 71.5101526507485: (80, 120)
2023-04-09 19:15:22,221 - Logs/video_20220719_093233 - INFO - Incorrect Front Savdhan Position
2023-04-09 19:15:22,221 - Logs/video_20220719_093233 - INFO - Incorrect distance between rightwrist_righthip
2023-04-09 19:15:22,221 - Logs/video_20220719_093233 - INFO - distance_between_rightwrist_righthip: 22.0: (30, 60)
2023-04-09 19:15:22,221 - Logs/video_20220719_093233 - INFO - Incorrect distance between leftwrist_lefthip
2023-04-09 19:15:22,221 - Logs/video_20220719_093233 - INFO - distance_between_leftwrist_lefthip: 193.08029417835473: (30, 60)
2023-04-09 19:15:22,222 - Logs/video_20220719_093233 - INFO - Incorrect angle between ankles
2023-04-09 19:15:22,222 - Logs/video_20220719_093233 - INFO - angle_between_ankle: 66.77680544783034: (80, 120)
2023-04-09 19:15:22,608 - Logs/video_20220719_093233 - INFO - Incorrect Front Savdhan Position
2023-04-09 19:15:22,608 - Logs/video_20220719_093233 - INFO - Incorrect distance between rightwrist_righthip
2023-04-09 19:15:22,608 - Logs/video_20220719_093233 - INFO - distance_between_rightwrist_righthip: 25.632011235952593: (30, 60)
2023-04-09 19:15:22,609 - Logs/video_20220719_093233 - INFO - Incorrect distance between leftwrist_lefthip
2023-04-09 19:15:22,609 - Logs/video_20220719_093233 - INFO - distance_between_leftwrist_lefthip: 185.33483212823216: (30, 60)
2023-04-09 19:15:22,609 - Logs/video_20220719_093233 - INFO - Incorrect angle between ankles
2023-04-09 19:15:22,609 - Logs/video_20220719_093233 - INFO - angle_between_ankle: 28.93795184183985: (80, 120)
2023-04-09 19:15:22,987 - Logs/video_20220719_093233 - INFO - Incorrect Front Savdhan Position
2023-04-09 19:15:22,987 - Logs/video_20220719_093233 - INFO - Incorrect distance between rightwrist_righthip
2023-04-09 19:15:22,988 - Logs/video_20220719_093233 - INFO - distance_between_rightwrist_righthip: 23.53720459187964: (30, 60)
2023-04-09 19:15:22,988 - Logs/video_20220719_093233 - INFO - Incorrect distance between leftwrist_lefthip
2023-04-09 19:15:22,988 - Logs/video_20220719_093233 - INFO - distance_between_leftwrist_lefthip: 187.48866632412745: (30, 60)
2023-04-09 19:15:22,988 - Logs/video_20220719_093233 - INFO - Incorrect angle between ankles
2023-04-09 19:15:22,988 - Logs/video_20220719_093233 - INFO - angle_between_ankle: 42.51044707800084: (80, 120)
2023-04-09 19:15:23,379 - Logs/video_20220719_093233 - INFO - Incorrect Front Savdhan Position
2023-04-09 19:15:23,380 - Logs/video_20220719_093233 - INFO - Incorrect distance between ankles
2023-04-09 19:15:23,380 - Logs/video_20220719_093233 - INFO - distance_between_ankles: 13.152946437965905: (15, 45)
2023-04-09 19:15:23,380 - Logs/video_20220719_093233 - INFO - Incorrect distance between rightwrist_righthip
2023-04-09 19:15:23,380 - Logs/video_20220719_093233 - INFO - distance_between_rightwrist_righthip: 25.632011235952593: (30, 60)
2023-04-09 19:15:23,380 - Logs/video_20220719_093233 - INFO - Incorrect distance between leftwrist_lefthip
2023-04-09 19:15:23,380 - Logs/video_20220719_093233 - INFO - distance_between_leftwrist_lefthip: 180.62391868188442: (30, 60)
2023-04-09 19:15:23,381 - Logs/video_20220719_093233 - INFO - Incorrect angle between ankles
2023-04-09 19:15:23,381 - Logs/video_20220719_093233 - INFO - angle_between_ankle: 34.27728061283032: (80, 120)
2023-04-09 19:15:23,767 - Logs/video_20220719_093233 - INFO - Incorrect Front Savdhan Position
2023-04-09 19:15:23,768 - Logs/video_20220719_093233 - INFO - Incorrect distance between rightwrist_righthip
2023-04-09 19:15:23,768 - Logs/video_20220719_093233 - INFO - distance_between_rightwrist_righthip: 22.80350850198276: (30, 60)
2023-04-09 19:15:23,768 - Logs/video_20220719_093233 - INFO - Incorrect distance between leftwrist_lefthip
2023-04-09 19:15:23,768 - Logs/video_20220719_093233 - INFO - distance_between_leftwrist_lefthip: 181.8378398463862: (30, 60)
2023-04-09 19:15:23,768 - Logs/video_20220719_093233 - INFO - Incorrect angle between ankles
2023-04-09 19:15:23,768 - Logs/video_20220719_093233 - INFO - angle_between_ankle: 38.43430946623364: (80, 120)
2023-04-09 19:15:24,151 - Logs/video_20220719_093233 - INFO - Incorrect Front Savdhan Position
2023-04-09 19:15:24,152 - Logs/video_20220719_093233 - INFO - Incorrect distance between rightwrist_righthip
2023-04-09 19:15:24,152 - Logs/video_20220719_093233 - INFO - distance_between_rightwrist_righthip: 25.96150997149434: (30, 60)
2023-04-09 19:15:24,152 - Logs/video_20220719_093233 - INFO - Incorrect distance between leftwrist_lefthip
2023-04-09 19:15:24,152 - Logs/video_20220719_093233 - INFO - distance_between_leftwrist_lefthip: 182.58422713914803: (30, 60)
2023-04-09 19:15:24,152 - Logs/video_20220719_093233 - INFO - Incorrect angle between ankles
2023-04-09 19:15:24,152 - Logs/video_20220719_093233 - INFO - angle_between_ankle: 36.975123936193796: (80, 120)
2023-04-09 19:15:24,544 - Logs/video_20220719_093233 - INFO - Incorrect Front Savdhan Position
2023-04-09 19:15:24,544 - Logs/video_20220719_093233 - INFO - Incorrect distance between rightwrist_righthip
2023-04-09 19:15:24,544 - Logs/video_20220719_093233 - INFO - distance_between_rightwrist_righthip: 25.709920264364882: (30, 60)
2023-04-09 19:15:24,545 - Logs/video_20220719_093233 - INFO - Incorrect distance between leftwrist_lefthip
2023-04-09 19:15:24,545 - Logs/video_20220719_093233 - INFO - distance_between_leftwrist_lefthip: 186.31693428134759: (30, 60)
2023-04-09 19:15:24,545 - Logs/video_20220719_093233 - INFO - Incorrect angle between ankles
2023-04-09 19:15:24,545 - Logs/video_20220719_093233 - INFO - angle_between_ankle: 37.986237452077276: (80, 120)
2023-04-09 19:15:24,920 - Logs/video_20220719_093233 - INFO - Incorrect Front Savdhan Position
2023-04-09 19:15:24,920 - Logs/video_20220719_093233 - INFO - Incorrect distance between rightwrist_righthip
2023-04-09 19:15:24,920 - Logs/video_20220719_093233 - INFO - distance_between_rightwrist_righthip: 24.73863375370596: (30, 60)
2023-04-09 19:15:24,920 - Logs/video_20220719_093233 - INFO - Incorrect distance between leftwrist_lefthip
2023-04-09 19:15:24,921 - Logs/video_20220719_093233 - INFO - distance_between_leftwrist_lefthip: 180.62391868188442: (30, 60)
2023-04-09 19:15:24,921 - Logs/video_20220719_093233 - INFO - Incorrect angle between ankles
2023-04-09 19:15:24,921 - Logs/video_20220719_093233 - INFO - angle_between_ankle: 42.626545388881965: (80, 120)
2023-04-09 19:15:25,309 - Logs/video_20220719_093233 - INFO - Incorrect Front Savdhan Position
2023-04-09 19:15:25,309 - Logs/video_20220719_093233 - INFO - Incorrect distance between rightwrist_righthip
2023-04-09 19:15:25,309 - Logs/video_20220719_093233 - INFO - distance_between_rightwrist_righthip: 24.041630560342615: (30, 60)
2023-04-09 19:15:25,309 - Logs/video_20220719_093233 - INFO - Incorrect distance between leftwrist_lefthip
2023-04-09 19:15:25,309 - Logs/video_20220719_093233 - INFO - distance_between_leftwrist_lefthip: 180.23595645708434: (30, 60)
2023-04-09 19:15:25,310 - Logs/video_20220719_093233 - INFO - Incorrect angle between ankles
2023-04-09 19:15:25,310 - Logs/video_20220719_093233 - INFO - angle_between_ankle: 49.513988458001265: (80, 120)
2023-04-09 19:15:25,685 - Logs/video_20220719_093233 - INFO - Incorrect Front Savdhan Position
2023-04-09 19:15:25,686 - Logs/video_20220719_093233 - INFO - Incorrect distance between rightwrist_righthip
2023-04-09 19:15:25,686 - Logs/video_20220719_093233 - INFO - distance_between_rightwrist_righthip: 25.495097567963924: (30, 60)
2023-04-09 19:15:25,686 - Logs/video_20220719_093233 - INFO - Incorrect distance between leftwrist_lefthip
2023-04-09 19:15:25,686 - Logs/video_20220719_093233 - INFO - distance_between_leftwrist_lefthip: 185.776747737708: (30, 60)
2023-04-09 19:15:25,686 - Logs/video_20220719_093233 - INFO - Incorrect angle between ankles
2023-04-09 19:15:25,686 - Logs/video_20220719_093233 - INFO - angle_between_ankle: 43.33556094359608: (80, 120)
2023-04-09 19:15:26,064 - Logs/video_20220719_093233 - INFO - Incorrect Front Savdhan Position
2023-04-09 19:15:26,064 - Logs/video_20220719_093233 - INFO - Incorrect distance between rightwrist_righthip
2023-04-09 19:15:26,064 - Logs/video_20220719_093233 - INFO - distance_between_rightwrist_righthip: 22.47220505424423: (30, 60)
2023-04-09 19:15:26,065 - Logs/video_20220719_093233 - INFO - Incorrect distance between leftwrist_lefthip
2023-04-09 19:15:26,065 - Logs/video_20220719_093233 - INFO - distance_between_leftwrist_lefthip: 179.6941846582688: (30, 60)
2023-04-09 19:15:26,065 - Logs/video_20220719_093233 - INFO - Incorrect angle between ankles
2023-04-09 19:15:26,065 - Logs/video_20220719_093233 - INFO - angle_between_ankle: 44.027370059729584: (80, 120)
2023-04-09 19:15:26,826 - Logs/video_20220719_093233 - INFO - Incorrect Front Savdhan Position
2023-04-09 19:15:26,826 - Logs/video_20220719_093233 - INFO - Incorrect distance between rightwrist_righthip
2023-04-09 19:15:26,826 - Logs/video_20220719_093233 - INFO - distance_between_rightwrist_righthip: 24.698178070456937: (30, 60)
2023-04-09 19:15:26,827 - Logs/video_20220719_093233 - INFO - Incorrect distance between leftwrist_lefthip
2023-04-09 19:15:26,827 - Logs/video_20220719_093233 - INFO - distance_between_leftwrist_lefthip: 178.27226368675525: (30, 60)
2023-04-09 19:15:26,827 - Logs/video_20220719_093233 - INFO - Incorrect angle between ankles
2023-04-09 19:15:26,827 - Logs/video_20220719_093233 - INFO - angle_between_ankle: 38.65980825409009: (80, 120)
2023-04-09 19:15:27,207 - Logs/video_20220719_093233 - INFO - Incorrect Front Savdhan Position
2023-04-09 19:15:27,207 - Logs/video_20220719_093233 - INFO - Incorrect distance between knees
2023-04-09 19:15:27,207 - Logs/video_20220719_093233 - INFO - distance_between_knees: 33.24154027718932: (35, 60)
2023-04-09 19:15:27,208 - Logs/video_20220719_093233 - INFO - Incorrect distance between rightwrist_righthip
2023-04-09 19:15:27,208 - Logs/video_20220719_093233 - INFO - distance_between_rightwrist_righthip: 24.041630560342615: (30, 60)
2023-04-09 19:15:27,208 - Logs/video_20220719_093233 - INFO - Incorrect distance between leftwrist_lefthip
2023-04-09 19:15:27,208 - Logs/video_20220719_093233 - INFO - distance_between_leftwrist_lefthip: 182.58422713914803: (30, 60)
2023-04-09 19:15:27,208 - Logs/video_20220719_093233 - INFO - Incorrect angle between ankles
2023-04-09 19:15:27,208 - Logs/video_20220719_093233 - INFO - angle_between_ankle: 40.64251462315425: (80, 120)
2023-04-09 19:15:27,590 - Logs/video_20220719_093233 - INFO - Incorrect Front Savdhan Position
2023-04-09 19:15:27,591 - Logs/video_20220719_093233 - INFO - Incorrect distance between rightwrist_righthip
2023-04-09 19:15:27,591 - Logs/video_20220719_093233 - INFO - distance_between_rightwrist_righthip: 26.92582403567252: (30, 60)
2023-04-09 19:15:27,591 - Logs/video_20220719_093233 - INFO - Incorrect distance between leftwrist_lefthip
2023-04-09 19:15:27,591 - Logs/video_20220719_093233 - INFO - distance_between_leftwrist_lefthip: 182.82231811242303: (30, 60)
2023-04-09 19:15:27,591 - Logs/video_20220719_093233 - INFO - Incorrect angle between ankles
2023-04-09 19:15:27,591 - Logs/video_20220719_093233 - INFO - angle_between_ankle: 50.215863915905416: (80, 120)
2023-04-09 19:15:27,972 - Logs/video_20220719_093233 - INFO - Incorrect Front Savdhan Position
2023-04-09 19:15:27,972 - Logs/video_20220719_093233 - INFO - Incorrect distance between rightwrist_righthip
2023-04-09 19:15:27,972 - Logs/video_20220719_093233 - INFO - distance_between_rightwrist_righthip: 25.079872407968907: (30, 60)
2023-04-09 19:15:27,973 - Logs/video_20220719_093233 - INFO - Incorrect distance between leftwrist_lefthip
2023-04-09 19:15:27,973 - Logs/video_20220719_093233 - INFO - distance_between_leftwrist_lefthip: 182.7840255602223: (30, 60)
2023-04-09 19:15:27,973 - Logs/video_20220719_093233 - INFO - Incorrect angle between ankles
2023-04-09 19:15:27,973 - Logs/video_20220719_093233 - INFO - angle_between_ankle: 53.98108106068321: (80, 120)
2023-04-09 19:15:28,364 - Logs/video_20220719_093233 - INFO - Incorrect Front Savdhan Position
2023-04-09 19:15:28,365 - Logs/video_20220719_093233 - INFO - Incorrect distance between rightwrist_righthip
2023-04-09 19:15:28,365 - Logs/video_20220719_093233 - INFO - distance_between_rightwrist_righthip: 24.041630560342615: (30, 60)
2023-04-09 19:15:28,365 - Logs/video_20220719_093233 - INFO - Incorrect distance between leftwrist_lefthip
2023-04-09 19:15:28,365 - Logs/video_20220719_093233 - INFO - distance_between_leftwrist_lefthip: 184.16568627190028: (30, 60)
2023-04-09 19:15:28,365 - Logs/video_20220719_093233 - INFO - Incorrect angle between ankles
2023-04-09 19:15:28,365 - Logs/video_20220719_093233 - INFO - angle_between_ankle: 45.939190945735575: (80, 120)
2023-04-09 19:15:28,749 - Logs/video_20220719_093233 - INFO - Incorrect Front Savdhan Position
2023-04-09 19:15:28,749 - Logs/video_20220719_093233 - INFO - Incorrect distance between rightwrist_righthip
2023-04-09 19:15:28,749 - Logs/video_20220719_093233 - INFO - distance_between_rightwrist_righthip: 22.135943621178654: (30, 60)
2023-04-09 19:15:28,750 - Logs/video_20220719_093233 - INFO - Incorrect distance between leftwrist_lefthip
2023-04-09 19:15:28,750 - Logs/video_20220719_093233 - INFO - distance_between_leftwrist_lefthip: 182.58422713914803: (30, 60)
2023-04-09 19:15:28,750 - Logs/video_20220719_093233 - INFO - Incorrect angle between ankles
2023-04-09 19:15:28,750 - Logs/video_20220719_093233 - INFO - angle_between_ankle: 38.71497695594694: (80, 120)
2023-04-09 19:15:29,165 - Logs/video_20220719_093233 - INFO - Incorrect Front Savdhan Position
2023-04-09 19:15:29,165 - Logs/video_20220719_093233 - INFO - Incorrect distance between rightwrist_righthip
2023-04-09 19:15:29,165 - Logs/video_20220719_093233 - INFO - distance_between_rightwrist_righthip: 23.769728648009426: (30, 60)
2023-04-09 19:15:29,166 - Logs/video_20220719_093233 - INFO - Incorrect distance between leftwrist_lefthip
2023-04-09 19:15:29,166 - Logs/video_20220719_093233 - INFO - distance_between_leftwrist_lefthip: 185.33483212823216: (30, 60)
2023-04-09 19:15:29,166 - Logs/video_20220719_093233 - INFO - Incorrect angle between ankles
2023-04-09 19:15:29,166 - Logs/video_20220719_093233 - INFO - angle_between_ankle: 45.79230886648705: (80, 120)
2023-04-09 19:15:29,552 - Logs/video_20220719_093233 - INFO - Incorrect Front Savdhan Position
2023-04-09 19:15:29,552 - Logs/video_20220719_093233 - INFO - Incorrect distance between rightwrist_righthip
2023-04-09 19:15:29,552 - Logs/video_20220719_093233 - INFO - distance_between_rightwrist_righthip: 26.68332812825267: (30, 60)
2023-04-09 19:15:29,552 - Logs/video_20220719_093233 - INFO - Incorrect distance between leftwrist_lefthip
2023-04-09 19:15:29,552 - Logs/video_20220719_093233 - INFO - distance_between_leftwrist_lefthip: 188.47015678881365: (30, 60)
2023-04-09 19:15:29,553 - Logs/video_20220719_093233 - INFO - Incorrect angle between ankles
2023-04-09 19:15:29,553 - Logs/video_20220719_093233 - INFO - angle_between_ankle: 37.96695111547435: (80, 120)
2023-04-09 19:15:29,933 - Logs/video_20220719_093233 - INFO - Incorrect Front Savdhan Position
2023-04-09 19:15:29,933 - Logs/video_20220719_093233 - INFO - Incorrect distance between rightwrist_righthip
2023-04-09 19:15:29,933 - Logs/video_20220719_093233 - INFO - distance_between_rightwrist_righthip: 25.709920264364882: (30, 60)
2023-04-09 19:15:29,933 - Logs/video_20220719_093233 - INFO - Incorrect distance between leftwrist_lefthip
2023-04-09 19:15:29,934 - Logs/video_20220719_093233 - INFO - distance_between_leftwrist_lefthip: 183.19934497699495: (30, 60)
2023-04-09 19:15:29,934 - Logs/video_20220719_093233 - INFO - Incorrect angle between ankles
2023-04-09 19:15:29,934 - Logs/video_20220719_093233 - INFO - angle_between_ankle: 33.844734821440376: (80, 120)
2023-04-09 19:15:30,324 - Logs/video_20220719_093233 - INFO - Incorrect Front Savdhan Position
2023-04-09 19:15:30,324 - Logs/video_20220719_093233 - INFO - Incorrect distance between knees
2023-04-09 19:15:30,324 - Logs/video_20220719_093233 - INFO - distance_between_knees: 34.23448553724738: (35, 60)
2023-04-09 19:15:30,325 - Logs/video_20220719_093233 - INFO - Incorrect distance between rightwrist_righthip
2023-04-09 19:15:30,325 - Logs/video_20220719_093233 - INFO - distance_between_rightwrist_righthip: 26.248809496813376: (30, 60)
2023-04-09 19:15:30,325 - Logs/video_20220719_093233 - INFO - Incorrect distance between leftwrist_lefthip
2023-04-09 19:15:30,325 - Logs/video_20220719_093233 - INFO - distance_between_leftwrist_lefthip: 182.0109886792553: (30, 60)
2023-04-09 19:15:30,325 - Logs/video_20220719_093233 - INFO - Incorrect angle between ankles
2023-04-09 19:15:30,325 - Logs/video_20220719_093233 - INFO - angle_between_ankle: 48.95755311412786: (80, 120)
2023-04-09 19:15:30,715 - Logs/video_20220719_093233 - INFO - Incorrect Front Savdhan Position
2023-04-09 19:15:30,716 - Logs/video_20220719_093233 - INFO - Incorrect distance between rightwrist_righthip
2023-04-09 19:15:30,716 - Logs/video_20220719_093233 - INFO - distance_between_rightwrist_righthip: 25.298221281347036: (30, 60)
2023-04-09 19:15:30,716 - Logs/video_20220719_093233 - INFO - Incorrect distance between leftwrist_lefthip
2023-04-09 19:15:30,716 - Logs/video_20220719_093233 - INFO - distance_between_leftwrist_lefthip: 184.16568627190028: (30, 60)
2023-04-09 19:15:30,716 - Logs/video_20220719_093233 - INFO - Incorrect angle between ankles
2023-04-09 19:15:30,716 - Logs/video_20220719_093233 - INFO - angle_between_ankle: 44.6311481459598: (80, 120)
2023-04-09 19:15:31,107 - Logs/video_20220719_093233 - INFO - Incorrect Front Savdhan Position
2023-04-09 19:15:31,107 - Logs/video_20220719_093233 - INFO - Incorrect distance between rightwrist_righthip
2023-04-09 19:15:31,107 - Logs/video_20220719_093233 - INFO - distance_between_rightwrist_righthip: 21.587033144922902: (30, 60)
2023-04-09 19:15:31,108 - Logs/video_20220719_093233 - INFO - Incorrect distance between leftwrist_lefthip
2023-04-09 19:15:31,108 - Logs/video_20220719_093233 - INFO - distance_between_leftwrist_lefthip: 180.23595645708434: (30, 60)
2023-04-09 19:15:31,108 - Logs/video_20220719_093233 - INFO - Incorrect angle between ankles
2023-04-09 19:15:31,108 - Logs/video_20220719_093233 - INFO - angle_between_ankle: 35.87887293242807: (80, 120)
2023-04-09 19:15:31,489 - Logs/video_20220719_093233 - INFO - Incorrect Front Savdhan Position
2023-04-09 19:15:31,490 - Logs/video_20220719_093233 - INFO - Incorrect distance between rightwrist_righthip
2023-04-09 19:15:31,490 - Logs/video_20220719_093233 - INFO - distance_between_rightwrist_righthip: 20.8806130178211: (30, 60)
2023-04-09 19:15:31,490 - Logs/video_20220719_093233 - INFO - Incorrect distance between leftwrist_lefthip
2023-04-09 19:15:31,490 - Logs/video_20220719_093233 - INFO - distance_between_leftwrist_lefthip: 184.16568627190028: (30, 60)
2023-04-09 19:15:31,490 - Logs/video_20220719_093233 - INFO - Incorrect angle between ankles
2023-04-09 19:15:31,490 - Logs/video_20220719_093233 - INFO - angle_between_ankle: 39.75536547609937: (80, 120)
2023-04-09 19:15:31,879 - Logs/video_20220719_093233 - INFO - Incorrect Front Savdhan Position
2023-04-09 19:15:31,879 - Logs/video_20220719_093233 - INFO - Incorrect distance between rightwrist_righthip
2023-04-09 19:15:31,879 - Logs/video_20220719_093233 - INFO - distance_between_rightwrist_righthip: 25.0: (30, 60)
2023-04-09 19:15:31,880 - Logs/video_20220719_093233 - INFO - Incorrect distance between leftwrist_lefthip
2023-04-09 19:15:31,880 - Logs/video_20220719_093233 - INFO - distance_between_leftwrist_lefthip: 185.14858897652988: (30, 60)
2023-04-09 19:15:31,880 - Logs/video_20220719_093233 - INFO - Incorrect angle between ankles
2023-04-09 19:15:31,880 - Logs/video_20220719_093233 - INFO - angle_between_ankle: 43.52432269185062: (80, 120)
2023-04-09 19:15:32,269 - Logs/video_20220719_093233 - INFO - Incorrect Front Savdhan Position
2023-04-09 19:15:32,269 - Logs/video_20220719_093233 - INFO - Incorrect distance between rightwrist_righthip
2023-04-09 19:15:32,269 - Logs/video_20220719_093233 - INFO - distance_between_rightwrist_righthip: 25.709920264364882: (30, 60)
2023-04-09 19:15:32,270 - Logs/video_20220719_093233 - INFO - Incorrect distance between leftwrist_lefthip
2023-04-09 19:15:32,270 - Logs/video_20220719_093233 - INFO - distance_between_leftwrist_lefthip: 186.31693428134759: (30, 60)
2023-04-09 19:15:32,270 - Logs/video_20220719_093233 - INFO - Incorrect angle between ankles
2023-04-09 19:15:32,270 - Logs/video_20220719_093233 - INFO - angle_between_ankle: 32.01767316489052: (80, 120)
2023-04-09 19:15:32,654 - Logs/video_20220719_093233 - INFO - Incorrect Front Savdhan Position
2023-04-09 19:15:32,655 - Logs/video_20220719_093233 - INFO - Incorrect distance between rightwrist_righthip
2023-04-09 19:15:32,655 - Logs/video_20220719_093233 - INFO - distance_between_rightwrist_righthip: 24.698178070456937: (30, 60)
2023-04-09 19:15:32,655 - Logs/video_20220719_093233 - INFO - Incorrect distance between leftwrist_lefthip
2023-04-09 19:15:32,655 - Logs/video_20220719_093233 - INFO - distance_between_leftwrist_lefthip: 185.60711193270586: (30, 60)
2023-04-09 19:15:32,655 - Logs/video_20220719_093233 - INFO - Incorrect angle between ankles
2023-04-09 19:15:32,655 - Logs/video_20220719_093233 - INFO - angle_between_ankle: 27.286503835994996: (80, 120)
2023-04-09 19:15:33,437 - Logs/video_20220719_093233 - INFO - Incorrect Front Savdhan Position
2023-04-09 19:15:33,438 - Logs/video_20220719_093233 - INFO - Incorrect distance between rightwrist_righthip
2023-04-09 19:15:33,438 - Logs/video_20220719_093233 - INFO - distance_between_rightwrist_righthip: 25.495097567963924: (30, 60)
2023-04-09 19:15:33,438 - Logs/video_20220719_093233 - INFO - Incorrect distance between leftwrist_lefthip
2023-04-09 19:15:33,438 - Logs/video_20220719_093233 - INFO - distance_between_leftwrist_lefthip: 182.58422713914803: (30, 60)
2023-04-09 19:15:33,438 - Logs/video_20220719_093233 - INFO - Incorrect angle between ankles
2023-04-09 19:15:33,438 - Logs/video_20220719_093233 - INFO - angle_between_ankle: 30.697337264101808: (80, 120)
2023-04-09 19:15:33,831 - Logs/video_20220719_093233 - INFO - Incorrect Front Savdhan Position
2023-04-09 19:15:33,831 - Logs/video_20220719_093233 - INFO - Incorrect distance between rightwrist_righthip
2023-04-09 19:15:33,831 - Logs/video_20220719_093233 - INFO - distance_between_rightwrist_righthip: 25.0: (30, 60)
2023-04-09 19:15:33,832 - Logs/video_20220719_093233 - INFO - Incorrect distance between leftwrist_lefthip
2023-04-09 19:15:33,832 - Logs/video_20220719_093233 - INFO - distance_between_leftwrist_lefthip: 180.0499930574839: (30, 60)
2023-04-09 19:15:33,832 - Logs/video_20220719_093233 - INFO - Incorrect angle between ankles
2023-04-09 19:15:33,832 - Logs/video_20220719_093233 - INFO - angle_between_ankle: 37.957187008630726: (80, 120)
2023-04-09 19:15:34,225 - Logs/video_20220719_093233 - INFO - Incorrect Front Savdhan Position
2023-04-09 19:15:34,226 - Logs/video_20220719_093233 - INFO - Incorrect distance between rightwrist_righthip
2023-04-09 19:15:34,226 - Logs/video_20220719_093233 - INFO - distance_between_rightwrist_righthip: 24.186773244895647: (30, 60)
2023-04-09 19:15:34,226 - Logs/video_20220719_093233 - INFO - Incorrect distance between leftwrist_lefthip
2023-04-09 19:15:34,226 - Logs/video_20220719_093233 - INFO - distance_between_leftwrist_lefthip: 185.14858897652988: (30, 60)
2023-04-09 19:15:34,226 - Logs/video_20220719_093233 - INFO - Incorrect angle between ankles
2023-04-09 19:15:34,226 - Logs/video_20220719_093233 - INFO - angle_between_ankle: 42.325104465336025: (80, 120)
2023-04-09 19:15:34,613 - Logs/video_20220719_093233 - INFO - Incorrect Front Savdhan Position
2023-04-09 19:15:34,614 - Logs/video_20220719_093233 - INFO - Incorrect distance between rightwrist_righthip
2023-04-09 19:15:34,614 - Logs/video_20220719_093233 - INFO - distance_between_rightwrist_righthip: 24.0: (30, 60)
2023-04-09 19:15:34,614 - Logs/video_20220719_093233 - INFO - Incorrect distance between leftwrist_lefthip
2023-04-09 19:15:34,614 - Logs/video_20220719_093233 - INFO - distance_between_leftwrist_lefthip: 186.70297265978385: (30, 60)
2023-04-09 19:15:34,614 - Logs/video_20220719_093233 - INFO - Incorrect angle between ankles
2023-04-09 19:15:34,614 - Logs/video_20220719_093233 - INFO - angle_between_ankle: 67.50795927097421: (80, 120)
2023-04-09 19:15:34,993 - Logs/video_20220719_093233 - INFO - Incorrect Front Savdhan Position
2023-04-09 19:15:34,993 - Logs/video_20220719_093233 - INFO - Incorrect distance between rightwrist_righthip
2023-04-09 19:15:34,993 - Logs/video_20220719_093233 - INFO - distance_between_rightwrist_righthip: 25.019992006393608: (30, 60)
2023-04-09 19:15:34,994 - Logs/video_20220719_093233 - INFO - Incorrect distance between leftwrist_lefthip
2023-04-09 19:15:34,994 - Logs/video_20220719_093233 - INFO - distance_between_leftwrist_lefthip: 186.70297265978385: (30, 60)
2023-04-09 19:15:34,994 - Logs/video_20220719_093233 - INFO - Incorrect angle between ankles
2023-04-09 19:15:34,994 - Logs/video_20220719_093233 - INFO - angle_between_ankle: 59.93661548873053: (80, 120)
2023-04-09 19:15:35,381 - Logs/video_20220719_093233 - INFO - Incorrect Front Savdhan Position
2023-04-09 19:15:35,381 - Logs/video_20220719_093233 - INFO - Incorrect distance between rightwrist_righthip
2023-04-09 19:15:35,382 - Logs/video_20220719_093233 - INFO - distance_between_rightwrist_righthip: 26.476404589747453: (30, 60)
2023-04-09 19:15:35,382 - Logs/video_20220719_093233 - INFO - Incorrect distance between leftwrist_lefthip
2023-04-09 19:15:35,382 - Logs/video_20220719_093233 - INFO - distance_between_leftwrist_lefthip: 188.47015678881365: (30, 60)
2023-04-09 19:15:35,382 - Logs/video_20220719_093233 - INFO - Incorrect angle between ankles
2023-04-09 19:15:35,382 - Logs/video_20220719_093233 - INFO - angle_between_ankle: 69.58886204227343: (80, 120)
2023-04-09 19:15:35,779 - Logs/video_20220719_093233 - INFO - Incorrect Front Savdhan Position
2023-04-09 19:15:35,779 - Logs/video_20220719_093233 - INFO - Incorrect distance between rightwrist_righthip
2023-04-09 19:15:35,779 - Logs/video_20220719_093233 - INFO - distance_between_rightwrist_righthip: 24.0: (30, 60)
2023-04-09 19:15:35,780 - Logs/video_20220719_093233 - INFO - Incorrect distance between leftwrist_lefthip
2023-04-09 19:15:35,780 - Logs/video_20220719_093233 - INFO - distance_between_leftwrist_lefthip: 180.62391868188442: (30, 60)
2023-04-09 19:15:35,780 - Logs/video_20220719_093233 - INFO - Incorrect angle between ankles
2023-04-09 19:15:35,780 - Logs/video_20220719_093233 - INFO - angle_between_ankle: 62.387697660347335: (80, 120)
2023-04-09 19:15:36,163 - Logs/video_20220719_093233 - INFO - Incorrect Front Savdhan Position
2023-04-09 19:15:36,163 - Logs/video_20220719_093233 - INFO - Incorrect distance between rightwrist_righthip
2023-04-09 19:15:36,163 - Logs/video_20220719_093233 - INFO - distance_between_rightwrist_righthip: 24.0: (30, 60)
2023-04-09 19:15:36,164 - Logs/video_20220719_093233 - INFO - Incorrect distance between leftwrist_lefthip
2023-04-09 19:15:36,164 - Logs/video_20220719_093233 - INFO - distance_between_leftwrist_lefthip: 186.76188047886004: (30, 60)
2023-04-09 19:15:36,164 - Logs/video_20220719_093233 - INFO - Incorrect angle between ankles
2023-04-09 19:15:36,164 - Logs/video_20220719_093233 - INFO - angle_between_ankle: 60.61098853367965: (80, 120)
2023-04-09 19:15:36,559 - Logs/video_20220719_093233 - INFO - Incorrect Front Savdhan Position
2023-04-09 19:15:36,560 - Logs/video_20220719_093233 - INFO - Incorrect distance between rightwrist_righthip
2023-04-09 19:15:36,560 - Logs/video_20220719_093233 - INFO - distance_between_rightwrist_righthip: 26.019223662515376: (30, 60)
2023-04-09 19:15:36,560 - Logs/video_20220719_093233 - INFO - Incorrect distance between leftwrist_lefthip
2023-04-09 19:15:36,560 - Logs/video_20220719_093233 - INFO - distance_between_leftwrist_lefthip: 176.56726763474595: (30, 60)
2023-04-09 19:15:36,560 - Logs/video_20220719_093233 - INFO - Incorrect angle between ankles
2023-04-09 19:15:36,560 - Logs/video_20220719_093233 - INFO - angle_between_ankle: 69.15613202490208: (80, 120)
2023-04-09 19:15:36,954 - Logs/video_20220719_093233 - INFO - Incorrect Front Savdhan Position
2023-04-09 19:15:36,955 - Logs/video_20220719_093233 - INFO - Incorrect distance between rightwrist_righthip
2023-04-09 19:15:36,955 - Logs/video_20220719_093233 - INFO - distance_between_rightwrist_righthip: 28.635642126552707: (30, 60)
2023-04-09 19:15:36,955 - Logs/video_20220719_093233 - INFO - Incorrect distance between leftwrist_lefthip
2023-04-09 19:15:36,955 - Logs/video_20220719_093233 - INFO - distance_between_leftwrist_lefthip: 143.09786860746738: (30, 60)
2023-04-09 19:15:36,955 - Logs/video_20220719_093233 - INFO - Incorrect angle between ankles
2023-04-09 19:15:36,955 - Logs/video_20220719_093233 - INFO - angle_between_ankle: 75.23772615618923: (80, 120)
2023-04-09 19:15:37,352 - Logs/video_20220719_093233 - INFO - Correct Front Savdhan Position
2023-04-09 19:15:37,743 - Logs/video_20220719_093233 - INFO - Incorrect Front Savdhan Position
2023-04-09 19:15:37,743 - Logs/video_20220719_093233 - INFO - Incorrect distance between leftwrist_lefthip
2023-04-09 19:15:37,743 - Logs/video_20220719_093233 - INFO - distance_between_leftwrist_lefthip: 28.284271247461902: (30, 60)
2023-04-09 19:15:37,744 - Logs/video_20220719_093233 - INFO - Incorrect angle between ankles
2023-04-09 19:15:37,744 - Logs/video_20220719_093233 - INFO - angle_between_ankle: 76.62758752810896: (80, 120)
2023-04-09 19:15:38,138 - Logs/video_20220719_093233 - INFO - Incorrect Front Savdhan Position
2023-04-09 19:15:38,138 - Logs/video_20220719_093233 - INFO - Incorrect distance between leftwrist_lefthip
2023-04-09 19:15:38,138 - Logs/video_20220719_093233 - INFO - distance_between_leftwrist_lefthip: 28.442925306655784: (30, 60)
2023-04-09 19:15:38,536 - Logs/video_20220719_093233 - INFO - Incorrect Front Savdhan Position
2023-04-09 19:15:38,536 - Logs/video_20220719_093233 - INFO - Incorrect distance between leftwrist_lefthip
2023-04-09 19:15:38,536 - Logs/video_20220719_093233 - INFO - distance_between_leftwrist_lefthip: 26.476404589747453: (30, 60)
2023-04-09 19:15:38,536 - Logs/video_20220719_093233 - INFO - Incorrect angle between ankles
2023-04-09 19:15:38,536 - Logs/video_20220719_093233 - INFO - angle_between_ankle: 78.16453336001952: (80, 120)
2023-04-09 19:15:38,925 - Logs/video_20220719_093233 - INFO - Incorrect Front Savdhan Position
2023-04-09 19:15:38,926 - Logs/video_20220719_093233 - INFO - Incorrect distance between leftwrist_lefthip
2023-04-09 19:15:38,926 - Logs/video_20220719_093233 - INFO - distance_between_leftwrist_lefthip: 28.442925306655784: (30, 60)
2023-04-09 19:15:39,328 - Logs/video_20220719_093233 - INFO - Incorrect Front Savdhan Position
2023-04-09 19:15:39,328 - Logs/video_20220719_093233 - INFO - Incorrect distance between leftwrist_lefthip
2023-04-09 19:15:39,328 - Logs/video_20220719_093233 - INFO - distance_between_leftwrist_lefthip: 26.68332812825267: (30, 60)
2023-04-09 19:15:39,329 - Logs/video_20220719_093233 - INFO - Incorrect angle between ankles
2023-04-09 19:15:39,329 - Logs/video_20220719_093233 - INFO - angle_between_ankle: 75.4696029816043: (80, 120)
2023-04-09 19:15:39,720 - Logs/video_20220719_093233 - INFO - Incorrect Front Savdhan Position
2023-04-09 19:15:39,720 - Logs/video_20220719_093233 - INFO - Incorrect distance between leftwrist_lefthip
2023-04-09 19:15:39,720 - Logs/video_20220719_093233 - INFO - distance_between_leftwrist_lefthip: 27.65863337187866: (30, 60)
2023-04-09 19:15:39,721 - Logs/video_20220719_093233 - INFO - Incorrect angle between ankles
2023-04-09 19:15:39,721 - Logs/video_20220719_093233 - INFO - angle_between_ankle: 76.52072021631476: (80, 120)
2023-04-09 19:15:40,111 - Logs/video_20220719_093233 - INFO - Incorrect Front Savdhan Position
2023-04-09 19:15:40,111 - Logs/video_20220719_093233 - INFO - Incorrect distance between leftwrist_lefthip
2023-04-09 19:15:40,111 - Logs/video_20220719_093233 - INFO - distance_between_leftwrist_lefthip: 26.68332812825267: (30, 60)
2023-04-09 19:15:40,111 - Logs/video_20220719_093233 - INFO - Incorrect angle between ankles
2023-04-09 19:15:40,111 - Logs/video_20220719_093233 - INFO - angle_between_ankle: 76.17949329521608: (80, 120)
2023-04-09 19:15:40,565 - Logs/video_20220719_093233 - INFO - Incorrect Front Savdhan Position
2023-04-09 19:15:40,565 - Logs/video_20220719_093233 - INFO - Incorrect distance between leftwrist_lefthip
2023-04-09 19:15:40,565 - Logs/video_20220719_093233 - INFO - distance_between_leftwrist_lefthip: 26.68332812825267: (30, 60)
2023-04-09 19:15:40,565 - Logs/video_20220719_093233 - INFO - Incorrect angle between ankles
2023-04-09 19:15:40,565 - Logs/video_20220719_093233 - INFO - angle_between_ankle: 74.19268346275665: (80, 120)
2023-04-09 19:15:40,951 - Logs/video_20220719_093233 - INFO - Incorrect Front Savdhan Position
2023-04-09 19:15:40,952 - Logs/video_20220719_093233 - INFO - Incorrect distance between leftwrist_lefthip
2023-04-09 19:15:40,952 - Logs/video_20220719_093233 - INFO - distance_between_leftwrist_lefthip: 27.073972741361768: (30, 60)
2023-04-09 19:15:40,952 - Logs/video_20220719_093233 - INFO - Incorrect angle between ankles
2023-04-09 19:15:40,952 - Logs/video_20220719_093233 - INFO - angle_between_ankle: 69.81668504638564: (80, 120)
2023-04-09 19:15:41,342 - Logs/video_20220719_093233 - INFO - Incorrect Front Savdhan Position
2023-04-09 19:15:41,343 - Logs/video_20220719_093233 - INFO - Incorrect distance between leftwrist_lefthip
2023-04-09 19:15:41,343 - Logs/video_20220719_093233 - INFO - distance_between_leftwrist_lefthip: 28.635642126552707: (30, 60)
2023-04-09 19:15:41,343 - Logs/video_20220719_093233 - INFO - Incorrect angle between ankles
2023-04-09 19:15:41,343 - Logs/video_20220719_093233 - INFO - angle_between_ankle: 75.92520813274541: (80, 120)
2023-04-09 19:15:41,730 - Logs/video_20220719_093233 - INFO - Incorrect Front Savdhan Position
2023-04-09 19:15:41,730 - Logs/video_20220719_093233 - INFO - Incorrect distance between leftwrist_lefthip
2023-04-09 19:15:41,730 - Logs/video_20220719_093233 - INFO - distance_between_leftwrist_lefthip: 27.459060435491963: (30, 60)
2023-04-09 19:15:41,731 - Logs/video_20220719_093233 - INFO - Incorrect angle between ankles
2023-04-09 19:15:41,731 - Logs/video_20220719_093233 - INFO - angle_between_ankle: 75.0971425102088: (80, 120)
2023-04-09 19:15:42,115 - Logs/video_20220719_093233 - INFO - Incorrect Front Savdhan Position
2023-04-09 19:15:42,115 - Logs/video_20220719_093233 - INFO - Incorrect distance between leftwrist_lefthip
2023-04-09 19:15:42,115 - Logs/video_20220719_093233 - INFO - distance_between_leftwrist_lefthip: 27.202941017470888: (30, 60)
2023-04-09 19:15:42,116 - Logs/video_20220719_093233 - INFO - Incorrect angle between ankles
2023-04-09 19:15:42,116 - Logs/video_20220719_093233 - INFO - angle_between_ankle: 76.86597769360368: (80, 120)
2023-04-09 19:15:42,517 - Logs/video_20220719_093233 - INFO - Incorrect Front Savdhan Position
2023-04-09 19:15:42,517 - Logs/video_20220719_093233 - INFO - Incorrect distance between leftwrist_lefthip
2023-04-09 19:15:42,517 - Logs/video_20220719_093233 - INFO - distance_between_leftwrist_lefthip: 26.476404589747453: (30, 60)
2023-04-09 19:15:42,518 - Logs/video_20220719_093233 - INFO - Incorrect angle between ankles
2023-04-09 19:15:42,518 - Logs/video_20220719_093233 - INFO - angle_between_ankle: 79.77783136636387: (80, 120)
2023-04-09 19:15:42,906 - Logs/video_20220719_093233 - INFO - Incorrect Front Savdhan Position
2023-04-09 19:15:42,907 - Logs/video_20220719_093233 - INFO - Incorrect distance between leftwrist_lefthip
2023-04-09 19:15:42,907 - Logs/video_20220719_093233 - INFO - distance_between_leftwrist_lefthip: 27.459060435491963: (30, 60)
2023-04-09 19:15:42,907 - Logs/video_20220719_093233 - INFO - Incorrect angle between ankles
2023-04-09 19:15:42,907 - Logs/video_20220719_093233 - INFO - angle_between_ankle: 77.59043411559881: (80, 120)
2023-04-09 19:15:43,308 - Logs/video_20220719_093233 - INFO - Incorrect Front Savdhan Position
2023-04-09 19:15:43,309 - Logs/video_20220719_093233 - INFO - Incorrect distance between leftwrist_lefthip
2023-04-09 19:15:43,309 - Logs/video_20220719_093233 - INFO - distance_between_leftwrist_lefthip: 28.284271247461902: (30, 60)
2023-04-09 19:15:43,309 - Logs/video_20220719_093233 - INFO - Incorrect angle between ankles
2023-04-09 19:15:43,309 - Logs/video_20220719_093233 - INFO - angle_between_ankle: 74.19268346275665: (80, 120)
2023-04-09 19:15:43,701 - Logs/video_20220719_093233 - INFO - Incorrect Front Savdhan Position
2023-04-09 19:15:43,701 - Logs/video_20220719_093233 - INFO - Incorrect distance between leftwrist_lefthip
2023-04-09 19:15:43,701 - Logs/video_20220719_093233 - INFO - distance_between_leftwrist_lefthip: 27.16615541441225: (30, 60)
2023-04-09 19:15:43,702 - Logs/video_20220719_093233 - INFO - Incorrect angle between ankles
2023-04-09 19:15:43,702 - Logs/video_20220719_093233 - INFO - angle_between_ankle: 75.32987726247165: (80, 120)
2023-04-09 19:15:44,092 - Logs/video_20220719_093233 - INFO - Incorrect Front Savdhan Position
2023-04-09 19:15:44,093 - Logs/video_20220719_093233 - INFO - Incorrect distance between leftwrist_lefthip
2023-04-09 19:15:44,093 - Logs/video_20220719_093233 - INFO - distance_between_leftwrist_lefthip: 27.294688127912362: (30, 60)
2023-04-09 19:15:44,093 - Logs/video_20220719_093233 - INFO - Incorrect angle between ankles
2023-04-09 19:15:44,093 - Logs/video_20220719_093233 - INFO - angle_between_ankle: 75.53993972564923: (80, 120)
