2023-04-09 19:21:53,005 - Logs/video_20220719_091433 - INFO - Logger Logs/video_20220719_091433 created, with level 20
2023-04-09 19:21:56,697 - Logs/video_20220719_091433 - INFO - Incorrect Front Savdhan Position
2023-04-09 19:21:56,698 - Logs/video_20220719_091433 - INFO - Incorrect distance between leftwrist_lefthip
2023-04-09 19:21:56,698 - Logs/video_20220719_091433 - INFO - distance_between_leftwrist_lefthip: 29.017236257093817: (30, 60)
2023-04-09 19:21:56,698 - Logs/video_20220719_091433 - INFO - Incorrect angle between ankles
2023-04-09 19:21:56,698 - Logs/video_20220719_091433 - INFO - angle_between_ankle: 78.79151812839626: (80, 120)
2023-04-09 19:21:57,895 - Logs/video_20220719_091433 - INFO - Incorrect Front Savdhan Position
2023-04-09 19:21:57,895 - Logs/video_20220719_091433 - INFO - Incorrect angle between ankles
2023-04-09 19:21:57,895 - Logs/video_20220719_091433 - INFO - angle_between_ankle: 77.69390389641954: (80, 120)
2023-04-09 19:21:58,287 - Logs/video_20220719_091433 - INFO - Incorrect Front Savdhan Position
2023-04-09 19:21:58,288 - Logs/video_20220719_091433 - INFO - Incorrect distance between leftwrist_lefthip
2023-04-09 19:21:58,288 - Logs/video_20220719_091433 - INFO - distance_between_leftwrist_lefthip: 29.017236257093817: (30, 60)
2023-04-09 19:21:58,288 - Logs/video_20220719_091433 - INFO - Incorrect angle between ankles
2023-04-09 19:21:58,288 - Logs/video_20220719_091433 - INFO - angle_between_ankle: 77.89113471639166: (80, 120)
2023-04-09 19:21:59,069 - Logs/video_20220719_091433 - INFO - Incorrect Front Savdhan Position
2023-04-09 19:21:59,070 - Logs/video_20220719_091433 - INFO - Incorrect angle between ankles
2023-04-09 19:21:59,070 - Logs/video_20220719_091433 - INFO - angle_between_ankle: 78.73175738972091: (80, 120)
2023-04-09 19:21:59,459 - Logs/video_20220719_091433 - INFO - Incorrect Front Savdhan Position
2023-04-09 19:21:59,459 - Logs/video_20220719_091433 - INFO - Incorrect distance between leftwrist_lefthip
2023-04-09 19:21:59,459 - Logs/video_20220719_091433 - INFO - distance_between_leftwrist_lefthip: 28.0: (30, 60)
2023-04-09 19:21:59,855 - Logs/video_20220719_091433 - INFO - Incorrect Front Savdhan Position
2023-04-09 19:21:59,856 - Logs/video_20220719_091433 - INFO - Incorrect distance between leftwrist_lefthip
2023-04-09 19:21:59,856 - Logs/video_20220719_091433 - INFO - distance_between_leftwrist_lefthip: 29.154759474226502: (30, 60)
2023-04-09 19:22:01,816 - Logs/video_20220719_091433 - INFO - Incorrect Front Savdhan Position
2023-04-09 19:22:01,816 - Logs/video_20220719_091433 - INFO - Incorrect angle between ankles
2023-04-09 19:22:01,816 - Logs/video_20220719_091433 - INFO - angle_between_ankle: 79.11822095210724: (80, 120)
2023-04-09 19:22:02,262 - Logs/video_20220719_091433 - INFO - Incorrect Front Savdhan Position
2023-04-09 19:22:02,263 - Logs/video_20220719_091433 - INFO - Incorrect distance between leftwrist_lefthip
2023-04-09 19:22:02,263 - Logs/video_20220719_091433 - INFO - distance_between_leftwrist_lefthip: 27.459060435491963: (30, 60)
2023-04-09 19:22:05,001 - Logs/video_20220719_091433 - INFO - Incorrect Front Savdhan Position
2023-04-09 19:22:05,002 - Logs/video_20220719_091433 - INFO - Incorrect angle between ankles
2023-04-09 19:22:05,002 - Logs/video_20220719_091433 - INFO - angle_between_ankle: 76.7809150929834: (80, 120)
2023-04-09 19:22:06,976 - Logs/video_20220719_091433 - INFO - Incorrect Front Savdhan Position
2023-04-09 19:22:06,977 - Logs/video_20220719_091433 - INFO - Incorrect distance between leftwrist_lefthip
2023-04-09 19:22:06,977 - Logs/video_20220719_091433 - INFO - distance_between_leftwrist_lefthip: 27.459060435491963: (30, 60)
2023-04-09 19:22:06,977 - Logs/video_20220719_091433 - INFO - Incorrect angle between ankles
2023-04-09 19:22:06,977 - Logs/video_20220719_091433 - INFO - angle_between_ankle: 79.96074521284764: (80, 120)
2023-04-09 19:22:08,171 - Logs/video_20220719_091433 - INFO - Incorrect Front Savdhan Position
2023-04-09 19:22:08,171 - Logs/video_20220719_091433 - INFO - Incorrect distance between leftwrist_lefthip
2023-04-09 19:22:08,171 - Logs/video_20220719_091433 - INFO - distance_between_leftwrist_lefthip: 29.614185789921695: (30, 60)
2023-04-09 19:22:08,171 - Logs/video_20220719_091433 - INFO - Incorrect angle between ankles
2023-04-09 19:22:08,171 - Logs/video_20220719_091433 - INFO - angle_between_ankle: 76.7809150929834: (80, 120)
2023-04-09 19:22:10,955 - Logs/video_20220719_091433 - INFO - Incorrect Front Savdhan Position
2023-04-09 19:22:10,955 - Logs/video_20220719_091433 - INFO - Incorrect distance between leftwrist_lefthip
2023-04-09 19:22:10,955 - Logs/video_20220719_091433 - INFO - distance_between_leftwrist_lefthip: 28.160255680657446: (30, 60)
2023-04-09 19:22:10,955 - Logs/video_20220719_091433 - INFO - Incorrect angle between ankles
2023-04-09 19:22:10,955 - Logs/video_20220719_091433 - INFO - angle_between_ankle: 78.79753896760651: (80, 120)
2023-04-09 19:22:12,186 - Logs/video_20220719_091433 - INFO - Incorrect Front Savdhan Position
2023-04-09 19:22:12,186 - Logs/video_20220719_091433 - INFO - Incorrect distance between leftwrist_lefthip
2023-04-09 19:22:12,186 - Logs/video_20220719_091433 - INFO - distance_between_leftwrist_lefthip: 28.160255680657446: (30, 60)
2023-04-09 19:22:12,186 - Logs/video_20220719_091433 - INFO - Incorrect angle between ankles
2023-04-09 19:22:12,186 - Logs/video_20220719_091433 - INFO - angle_between_ankle: 76.7809150929834: (80, 120)
2023-04-09 19:22:14,187 - Logs/video_20220719_091433 - INFO - Incorrect Front Savdhan Position
2023-04-09 19:22:14,188 - Logs/video_20220719_091433 - INFO - Incorrect distance between leftwrist_lefthip
2023-04-09 19:22:14,188 - Logs/video_20220719_091433 - INFO - distance_between_leftwrist_lefthip: 29.427877939124322: (30, 60)
2023-04-09 19:22:15,019 - Logs/video_20220719_091433 - INFO - Incorrect Front Savdhan Position
2023-04-09 19:22:15,020 - Logs/video_20220719_091433 - INFO - Incorrect angle between ankles
2023-04-09 19:22:15,022 - Logs/video_20220719_091433 - INFO - angle_between_ankle: 77.90524292298791: (80, 120)
2023-04-09 19:22:15,424 - Logs/video_20220719_091433 - INFO - Incorrect Front Savdhan Position
2023-04-09 19:22:15,424 - Logs/video_20220719_091433 - INFO - Incorrect distance between leftwrist_lefthip
2023-04-09 19:22:15,424 - Logs/video_20220719_091433 - INFO - distance_between_leftwrist_lefthip: 29.017236257093817: (30, 60)
2023-04-09 19:22:15,425 - Logs/video_20220719_091433 - INFO - Incorrect angle between ankles
2023-04-09 19:22:15,425 - Logs/video_20220719_091433 - INFO - angle_between_ankle: 77.21329855081326: (80, 120)
2023-04-09 19:22:17,852 - Logs/video_20220719_091433 - INFO - Incorrect Front Savdhan Position
2023-04-09 19:22:17,852 - Logs/video_20220719_091433 - INFO - Incorrect angle between ankles
2023-04-09 19:22:17,852 - Logs/video_20220719_091433 - INFO - angle_between_ankle: 78.13800433439515: (80, 120)
2023-04-09 19:22:18,235 - Logs/video_20220719_091433 - INFO - Incorrect Front Savdhan Position
2023-04-09 19:22:18,235 - Logs/video_20220719_091433 - INFO - Incorrect distance between rightwrist_righthip
2023-04-09 19:22:18,235 - Logs/video_20220719_091433 - INFO - distance_between_rightwrist_righthip: 27.16615541441225: (30, 60)
2023-04-09 19:22:18,235 - Logs/video_20220719_091433 - INFO - Incorrect distance between leftwrist_lefthip
2023-04-09 19:22:18,235 - Logs/video_20220719_091433 - INFO - distance_between_leftwrist_lefthip: 116.3872845288522: (30, 60)
2023-04-09 19:22:18,236 - Logs/video_20220719_091433 - INFO - Incorrect angle between ankles
2023-04-09 19:22:18,236 - Logs/video_20220719_091433 - INFO - angle_between_ankle: 72.8921291679521: (80, 120)
2023-04-09 19:22:18,696 - Logs/video_20220719_091433 - INFO - Incorrect Front Savdhan Position
2023-04-09 19:22:18,696 - Logs/video_20220719_091433 - INFO - Incorrect distance between rightwrist_righthip
2023-04-09 19:22:18,696 - Logs/video_20220719_091433 - INFO - distance_between_rightwrist_righthip: 25.709920264364882: (30, 60)
2023-04-09 19:22:18,697 - Logs/video_20220719_091433 - INFO - Incorrect distance between leftwrist_lefthip
2023-04-09 19:22:18,697 - Logs/video_20220719_091433 - INFO - distance_between_leftwrist_lefthip: 175.41379649275024: (30, 60)
2023-04-09 19:22:18,697 - Logs/video_20220719_091433 - INFO - Incorrect angle between ankles
2023-04-09 19:22:18,697 - Logs/video_20220719_091433 - INFO - angle_between_ankle: 78.01046921333767: (80, 120)
2023-04-09 19:22:19,117 - Logs/video_20220719_091433 - INFO - Incorrect Front Savdhan Position
2023-04-09 19:22:19,117 - Logs/video_20220719_091433 - INFO - Incorrect distance between rightwrist_righthip
2023-04-09 19:22:19,117 - Logs/video_20220719_091433 - INFO - distance_between_rightwrist_righthip: 23.40939982143925: (30, 60)
2023-04-09 19:22:19,117 - Logs/video_20220719_091433 - INFO - Incorrect distance between leftwrist_lefthip
2023-04-09 19:22:19,117 - Logs/video_20220719_091433 - INFO - distance_between_leftwrist_lefthip: 198.73600579663466: (30, 60)
2023-04-09 19:22:19,118 - Logs/video_20220719_091433 - INFO - Incorrect angle between ankles
2023-04-09 19:22:19,118 - Logs/video_20220719_091433 - INFO - angle_between_ankle: 72.97947438848014: (80, 120)
2023-04-09 19:22:19,502 - Logs/video_20220719_091433 - INFO - Incorrect Front Savdhan Position
2023-04-09 19:22:19,502 - Logs/video_20220719_091433 - INFO - Incorrect distance between rightwrist_righthip
2023-04-09 19:22:19,503 - Logs/video_20220719_091433 - INFO - distance_between_rightwrist_righthip: 28.160255680657446: (30, 60)
2023-04-09 19:22:19,503 - Logs/video_20220719_091433 - INFO - Incorrect distance between leftwrist_lefthip
2023-04-09 19:22:19,503 - Logs/video_20220719_091433 - INFO - distance_between_leftwrist_lefthip: 185.80904176062046: (30, 60)
2023-04-09 19:22:19,503 - Logs/video_20220719_091433 - INFO - Incorrect angle between ankles
2023-04-09 19:22:19,503 - Logs/video_20220719_091433 - INFO - angle_between_ankle: 67.2509095034204: (80, 120)
2023-04-09 19:22:19,929 - Logs/video_20220719_091433 - INFO - Incorrect Front Savdhan Position
2023-04-09 19:22:19,929 - Logs/video_20220719_091433 - INFO - Incorrect distance between rightwrist_righthip
2023-04-09 19:22:19,929 - Logs/video_20220719_091433 - INFO - distance_between_rightwrist_righthip: 26.68332812825267: (30, 60)
2023-04-09 19:22:19,929 - Logs/video_20220719_091433 - INFO - Incorrect distance between leftwrist_lefthip
2023-04-09 19:22:19,929 - Logs/video_20220719_091433 - INFO - distance_between_leftwrist_lefthip: 185.06485349736184: (30, 60)
2023-04-09 19:22:19,930 - Logs/video_20220719_091433 - INFO - Incorrect angle between ankles
2023-04-09 19:22:19,930 - Logs/video_20220719_091433 - INFO - angle_between_ankle: 69.2477620092559: (80, 120)
2023-04-09 19:22:20,325 - Logs/video_20220719_091433 - INFO - Incorrect Front Savdhan Position
2023-04-09 19:22:20,325 - Logs/video_20220719_091433 - INFO - Incorrect distance between rightwrist_righthip
2023-04-09 19:22:20,325 - Logs/video_20220719_091433 - INFO - distance_between_rightwrist_righthip: 27.073972741361768: (30, 60)
2023-04-09 19:22:20,325 - Logs/video_20220719_091433 - INFO - Incorrect distance between leftwrist_lefthip
2023-04-09 19:22:20,326 - Logs/video_20220719_091433 - INFO - distance_between_leftwrist_lefthip: 182.6608879864543: (30, 60)
2023-04-09 19:22:20,326 - Logs/video_20220719_091433 - INFO - Incorrect angle between ankles
2023-04-09 19:22:20,326 - Logs/video_20220719_091433 - INFO - angle_between_ankle: 74.34705671433014: (80, 120)
2023-04-09 19:22:20,738 - Logs/video_20220719_091433 - INFO - Incorrect Front Savdhan Position
2023-04-09 19:22:20,739 - Logs/video_20220719_091433 - INFO - Incorrect distance between rightwrist_righthip
2023-04-09 19:22:20,739 - Logs/video_20220719_091433 - INFO - distance_between_rightwrist_righthip: 26.30589287593181: (30, 60)
2023-04-09 19:22:20,739 - Logs/video_20220719_091433 - INFO - Incorrect distance between leftwrist_lefthip
2023-04-09 19:22:20,739 - Logs/video_20220719_091433 - INFO - distance_between_leftwrist_lefthip: 183.12017911743098: (30, 60)
2023-04-09 19:22:20,739 - Logs/video_20220719_091433 - INFO - Incorrect angle between ankles
2023-04-09 19:22:20,739 - Logs/video_20220719_091433 - INFO - angle_between_ankle: 76.70142966950573: (80, 120)
2023-04-09 19:22:21,335 - Logs/video_20220719_091433 - INFO - Incorrect Front Savdhan Position
2023-04-09 19:22:21,335 - Logs/video_20220719_091433 - INFO - Incorrect distance between rightwrist_righthip
2023-04-09 19:22:21,335 - Logs/video_20220719_091433 - INFO - distance_between_rightwrist_righthip: 26.476404589747453: (30, 60)
2023-04-09 19:22:21,335 - Logs/video_20220719_091433 - INFO - Incorrect distance between leftwrist_lefthip
2023-04-09 19:22:21,335 - Logs/video_20220719_091433 - INFO - distance_between_leftwrist_lefthip: 181.91481522954638: (30, 60)
2023-04-09 19:22:21,336 - Logs/video_20220719_091433 - INFO - Incorrect angle between ankles
2023-04-09 19:22:21,336 - Logs/video_20220719_091433 - INFO - angle_between_ankle: 74.31724621779368: (80, 120)
2023-04-09 19:22:22,045 - Logs/video_20220719_091433 - INFO - Incorrect Front Savdhan Position
2023-04-09 19:22:22,046 - Logs/video_20220719_091433 - INFO - Incorrect distance between rightwrist_righthip
2023-04-09 19:22:22,046 - Logs/video_20220719_091433 - INFO - distance_between_rightwrist_righthip: 26.476404589747453: (30, 60)
2023-04-09 19:22:22,046 - Logs/video_20220719_091433 - INFO - Incorrect distance between leftwrist_lefthip
2023-04-09 19:22:22,046 - Logs/video_20220719_091433 - INFO - distance_between_leftwrist_lefthip: 181.6865432551349: (30, 60)
2023-04-09 19:22:22,047 - Logs/video_20220719_091433 - INFO - Incorrect angle between ankles
2023-04-09 19:22:22,047 - Logs/video_20220719_091433 - INFO - angle_between_ankle: 76.93422099190875: (80, 120)
2023-04-09 19:22:22,531 - Logs/video_20220719_091433 - INFO - Incorrect Front Savdhan Position
2023-04-09 19:22:22,531 - Logs/video_20220719_091433 - INFO - Incorrect distance between rightwrist_righthip
2023-04-09 19:22:22,532 - Logs/video_20220719_091433 - INFO - distance_between_rightwrist_righthip: 25.298221281347036: (30, 60)
2023-04-09 19:22:22,532 - Logs/video_20220719_091433 - INFO - Incorrect distance between leftwrist_lefthip
2023-04-09 19:22:22,532 - Logs/video_20220719_091433 - INFO - distance_between_leftwrist_lefthip: 182.43903091169938: (30, 60)
2023-04-09 19:22:22,532 - Logs/video_20220719_091433 - INFO - Incorrect angle between ankles
2023-04-09 19:22:22,532 - Logs/video_20220719_091433 - INFO - angle_between_ankle: 71.38192936185325: (80, 120)
2023-04-09 19:22:22,948 - Logs/video_20220719_091433 - INFO - Incorrect Front Savdhan Position
2023-04-09 19:22:22,948 - Logs/video_20220719_091433 - INFO - Incorrect distance between rightwrist_righthip
2023-04-09 19:22:22,948 - Logs/video_20220719_091433 - INFO - distance_between_rightwrist_righthip: 26.476404589747453: (30, 60)
2023-04-09 19:22:22,949 - Logs/video_20220719_091433 - INFO - Incorrect distance between leftwrist_lefthip
2023-04-09 19:22:22,949 - Logs/video_20220719_091433 - INFO - distance_between_leftwrist_lefthip: 179.96944185055418: (30, 60)
2023-04-09 19:22:22,949 - Logs/video_20220719_091433 - INFO - Incorrect angle between ankles
2023-04-09 19:22:22,949 - Logs/video_20220719_091433 - INFO - angle_between_ankle: 76.21840276434638: (80, 120)
2023-04-09 19:22:23,322 - Logs/video_20220719_091433 - INFO - Incorrect Front Savdhan Position
2023-04-09 19:22:23,323 - Logs/video_20220719_091433 - INFO - Incorrect distance between rightwrist_righthip
2023-04-09 19:22:23,323 - Logs/video_20220719_091433 - INFO - distance_between_rightwrist_righthip: 26.92582403567252: (30, 60)
2023-04-09 19:22:23,323 - Logs/video_20220719_091433 - INFO - Incorrect distance between leftwrist_lefthip
2023-04-09 19:22:23,323 - Logs/video_20220719_091433 - INFO - distance_between_leftwrist_lefthip: 182.6608879864543: (30, 60)
2023-04-09 19:22:23,324 - Logs/video_20220719_091433 - INFO - Incorrect angle between ankles
2023-04-09 19:22:23,324 - Logs/video_20220719_091433 - INFO - angle_between_ankle: 70.68008193403375: (80, 120)
2023-04-09 19:22:23,698 - Logs/video_20220719_091433 - INFO - Incorrect Front Savdhan Position
2023-04-09 19:22:23,698 - Logs/video_20220719_091433 - INFO - Incorrect distance between rightwrist_righthip
2023-04-09 19:22:23,698 - Logs/video_20220719_091433 - INFO - distance_between_rightwrist_righthip: 24.351591323771842: (30, 60)
2023-04-09 19:22:23,699 - Logs/video_20220719_091433 - INFO - Incorrect distance between leftwrist_lefthip
2023-04-09 19:22:23,699 - Logs/video_20220719_091433 - INFO - distance_between_leftwrist_lefthip: 178.99720668211557: (30, 60)
2023-04-09 19:22:23,699 - Logs/video_20220719_091433 - INFO - Incorrect angle between ankles
2023-04-09 19:22:23,699 - Logs/video_20220719_091433 - INFO - angle_between_ankle: 68.3440109615775: (80, 120)
2023-04-09 19:22:24,071 - Logs/video_20220719_091433 - INFO - Incorrect Front Savdhan Position
2023-04-09 19:22:24,071 - Logs/video_20220719_091433 - INFO - Incorrect distance between rightwrist_righthip
2023-04-09 19:22:24,071 - Logs/video_20220719_091433 - INFO - distance_between_rightwrist_righthip: 25.0: (30, 60)
2023-04-09 19:22:24,072 - Logs/video_20220719_091433 - INFO - Incorrect distance between leftwrist_lefthip
2023-04-09 19:22:24,072 - Logs/video_20220719_091433 - INFO - distance_between_leftwrist_lefthip: 177.2935419015594: (30, 60)
2023-04-09 19:22:24,072 - Logs/video_20220719_091433 - INFO - Incorrect angle between ankles
2023-04-09 19:22:24,072 - Logs/video_20220719_091433 - INFO - angle_between_ankle: 73.2582951003289: (80, 120)
2023-04-09 19:22:24,458 - Logs/video_20220719_091433 - INFO - Incorrect Front Savdhan Position
2023-04-09 19:22:24,459 - Logs/video_20220719_091433 - INFO - Incorrect distance between rightwrist_righthip
2023-04-09 19:22:24,459 - Logs/video_20220719_091433 - INFO - distance_between_rightwrist_righthip: 26.248809496813376: (30, 60)
2023-04-09 19:22:24,459 - Logs/video_20220719_091433 - INFO - Incorrect distance between leftwrist_lefthip
2023-04-09 19:22:24,459 - Logs/video_20220719_091433 - INFO - distance_between_leftwrist_lefthip: 177.05366418123066: (30, 60)
2023-04-09 19:22:24,459 - Logs/video_20220719_091433 - INFO - Incorrect angle between ankles
2023-04-09 19:22:24,459 - Logs/video_20220719_091433 - INFO - angle_between_ankle: 73.96048990942863: (80, 120)
2023-04-09 19:22:24,840 - Logs/video_20220719_091433 - INFO - Incorrect Front Savdhan Position
2023-04-09 19:22:24,840 - Logs/video_20220719_091433 - INFO - Incorrect distance between rightwrist_righthip
2023-04-09 19:22:24,840 - Logs/video_20220719_091433 - INFO - distance_between_rightwrist_righthip: 26.570660511172846: (30, 60)
2023-04-09 19:22:24,840 - Logs/video_20220719_091433 - INFO - Incorrect distance between leftwrist_lefthip
2023-04-09 19:22:24,840 - Logs/video_20220719_091433 - INFO - distance_between_leftwrist_lefthip: 175.6160584912439: (30, 60)
2023-04-09 19:22:24,841 - Logs/video_20220719_091433 - INFO - Incorrect angle between ankles
2023-04-09 19:22:24,841 - Logs/video_20220719_091433 - INFO - angle_between_ankle: 75.93659784576197: (80, 120)
2023-04-09 19:22:25,221 - Logs/video_20220719_091433 - INFO - Incorrect Front Savdhan Position
2023-04-09 19:22:25,221 - Logs/video_20220719_091433 - INFO - Incorrect distance between rightwrist_righthip
2023-04-09 19:22:25,221 - Logs/video_20220719_091433 - INFO - distance_between_rightwrist_righthip: 26.68332812825267: (30, 60)
2023-04-09 19:22:25,221 - Logs/video_20220719_091433 - INFO - Incorrect distance between leftwrist_lefthip
2023-04-09 19:22:25,221 - Logs/video_20220719_091433 - INFO - distance_between_leftwrist_lefthip: 175.8465239918037: (30, 60)
2023-04-09 19:22:25,222 - Logs/video_20220719_091433 - INFO - Incorrect angle between ankles
2023-04-09 19:22:25,222 - Logs/video_20220719_091433 - INFO - angle_between_ankle: 70.98811859795126: (80, 120)
2023-04-09 19:22:25,611 - Logs/video_20220719_091433 - INFO - Incorrect Front Savdhan Position
2023-04-09 19:22:25,611 - Logs/video_20220719_091433 - INFO - Incorrect distance between rightwrist_righthip
2023-04-09 19:22:25,611 - Logs/video_20220719_091433 - INFO - distance_between_rightwrist_righthip: 25.495097567963924: (30, 60)
2023-04-09 19:22:25,611 - Logs/video_20220719_091433 - INFO - Incorrect distance between leftwrist_lefthip
2023-04-09 19:22:25,611 - Logs/video_20220719_091433 - INFO - distance_between_leftwrist_lefthip: 176.58992043715293: (30, 60)
2023-04-09 19:22:25,612 - Logs/video_20220719_091433 - INFO - Incorrect angle between ankles
2023-04-09 19:22:25,612 - Logs/video_20220719_091433 - INFO - angle_between_ankle: 68.99735556651801: (80, 120)
2023-04-09 19:22:25,994 - Logs/video_20220719_091433 - INFO - Incorrect Front Savdhan Position
2023-04-09 19:22:25,994 - Logs/video_20220719_091433 - INFO - Incorrect distance between rightwrist_righthip
2023-04-09 19:22:25,994 - Logs/video_20220719_091433 - INFO - distance_between_rightwrist_righthip: 25.96150997149434: (30, 60)
2023-04-09 19:22:25,995 - Logs/video_20220719_091433 - INFO - Incorrect distance between leftwrist_lefthip
2023-04-09 19:22:25,995 - Logs/video_20220719_091433 - INFO - distance_between_leftwrist_lefthip: 176.58992043715293: (30, 60)
2023-04-09 19:22:25,995 - Logs/video_20220719_091433 - INFO - Incorrect angle between ankles
2023-04-09 19:22:25,995 - Logs/video_20220719_091433 - INFO - angle_between_ankle: 71.91872433632446: (80, 120)
2023-04-09 19:22:26,389 - Logs/video_20220719_091433 - INFO - Incorrect Front Savdhan Position
2023-04-09 19:22:26,389 - Logs/video_20220719_091433 - INFO - Incorrect distance between rightwrist_righthip
2023-04-09 19:22:26,389 - Logs/video_20220719_091433 - INFO - distance_between_rightwrist_righthip: 26.92582403567252: (30, 60)
2023-04-09 19:22:26,389 - Logs/video_20220719_091433 - INFO - Incorrect distance between leftwrist_lefthip
2023-04-09 19:22:26,389 - Logs/video_20220719_091433 - INFO - distance_between_leftwrist_lefthip: 176.36609651517495: (30, 60)
2023-04-09 19:22:26,390 - Logs/video_20220719_091433 - INFO - Incorrect angle between ankles
2023-04-09 19:22:26,390 - Logs/video_20220719_091433 - INFO - angle_between_ankle: 72.02067401434005: (80, 120)
2023-04-09 19:22:26,775 - Logs/video_20220719_091433 - INFO - Incorrect Front Savdhan Position
2023-04-09 19:22:26,775 - Logs/video_20220719_091433 - INFO - Incorrect distance between rightwrist_righthip
2023-04-09 19:22:26,775 - Logs/video_20220719_091433 - INFO - distance_between_rightwrist_righthip: 25.495097567963924: (30, 60)
2023-04-09 19:22:26,776 - Logs/video_20220719_091433 - INFO - Incorrect distance between leftwrist_lefthip
2023-04-09 19:22:26,776 - Logs/video_20220719_091433 - INFO - distance_between_leftwrist_lefthip: 175.6160584912439: (30, 60)
2023-04-09 19:22:26,776 - Logs/video_20220719_091433 - INFO - Incorrect angle between ankles
2023-04-09 19:22:26,776 - Logs/video_20220719_091433 - INFO - angle_between_ankle: 71.63552565508324: (80, 120)
2023-04-09 19:22:27,159 - Logs/video_20220719_091433 - INFO - Incorrect Front Savdhan Position
2023-04-09 19:22:27,159 - Logs/video_20220719_091433 - INFO - Incorrect distance between rightwrist_righthip
2023-04-09 19:22:27,160 - Logs/video_20220719_091433 - INFO - distance_between_rightwrist_righthip: 25.0: (30, 60)
2023-04-09 19:22:27,160 - Logs/video_20220719_091433 - INFO - Incorrect distance between leftwrist_lefthip
2023-04-09 19:22:27,160 - Logs/video_20220719_091433 - INFO - distance_between_leftwrist_lefthip: 175.3909917869216: (30, 60)
2023-04-09 19:22:27,160 - Logs/video_20220719_091433 - INFO - Incorrect angle between ankles
2023-04-09 19:22:27,160 - Logs/video_20220719_091433 - INFO - angle_between_ankle: 70.25229981702692: (80, 120)
2023-04-09 19:22:27,546 - Logs/video_20220719_091433 - INFO - Incorrect Front Savdhan Position
2023-04-09 19:22:27,547 - Logs/video_20220719_091433 - INFO - Incorrect distance between rightwrist_righthip
2023-04-09 19:22:27,547 - Logs/video_20220719_091433 - INFO - distance_between_rightwrist_righthip: 25.709920264364882: (30, 60)
2023-04-09 19:22:27,547 - Logs/video_20220719_091433 - INFO - Incorrect distance between leftwrist_lefthip
2023-04-09 19:22:27,547 - Logs/video_20220719_091433 - INFO - distance_between_leftwrist_lefthip: 174.8742405273001: (30, 60)
2023-04-09 19:22:27,547 - Logs/video_20220719_091433 - INFO - Incorrect angle between ankles
2023-04-09 19:22:27,547 - Logs/video_20220719_091433 - INFO - angle_between_ankle: 70.58480079207723: (80, 120)
2023-04-09 19:22:27,932 - Logs/video_20220719_091433 - INFO - Incorrect Front Savdhan Position
2023-04-09 19:22:27,932 - Logs/video_20220719_091433 - INFO - Incorrect distance between rightwrist_righthip
2023-04-09 19:22:27,932 - Logs/video_20220719_091433 - INFO - distance_between_rightwrist_righthip: 26.92582403567252: (30, 60)
2023-04-09 19:22:27,933 - Logs/video_20220719_091433 - INFO - Incorrect distance between leftwrist_lefthip
2023-04-09 19:22:27,933 - Logs/video_20220719_091433 - INFO - distance_between_leftwrist_lefthip: 176.81911661356077: (30, 60)
2023-04-09 19:22:27,933 - Logs/video_20220719_091433 - INFO - Incorrect angle between ankles
2023-04-09 19:22:27,933 - Logs/video_20220719_091433 - INFO - angle_between_ankle: 70.98811859795126: (80, 120)
2023-04-09 19:22:28,319 - Logs/video_20220719_091433 - INFO - Incorrect Front Savdhan Position
2023-04-09 19:22:28,320 - Logs/video_20220719_091433 - INFO - Incorrect distance between rightwrist_righthip
2023-04-09 19:22:28,320 - Logs/video_20220719_091433 - INFO - distance_between_rightwrist_righthip: 26.248809496813376: (30, 60)
2023-04-09 19:22:28,320 - Logs/video_20220719_091433 - INFO - Incorrect distance between leftwrist_lefthip
2023-04-09 19:22:28,320 - Logs/video_20220719_091433 - INFO - distance_between_leftwrist_lefthip: 176.36609651517495: (30, 60)
2023-04-09 19:22:28,320 - Logs/video_20220719_091433 - INFO - Incorrect angle between ankles
2023-04-09 19:22:28,320 - Logs/video_20220719_091433 - INFO - angle_between_ankle: 68.09095131530316: (80, 120)
2023-04-09 19:22:28,701 - Logs/video_20220719_091433 - INFO - Incorrect Front Savdhan Position
2023-04-09 19:22:28,701 - Logs/video_20220719_091433 - INFO - Incorrect distance between rightwrist_righthip
2023-04-09 19:22:28,701 - Logs/video_20220719_091433 - INFO - distance_between_rightwrist_righthip: 28.635642126552707: (30, 60)
2023-04-09 19:22:28,702 - Logs/video_20220719_091433 - INFO - Incorrect distance between leftwrist_lefthip
2023-04-09 19:22:28,702 - Logs/video_20220719_091433 - INFO - distance_between_leftwrist_lefthip: 176.58992043715293: (30, 60)
2023-04-09 19:22:28,702 - Logs/video_20220719_091433 - INFO - Incorrect angle between ankles
2023-04-09 19:22:28,702 - Logs/video_20220719_091433 - INFO - angle_between_ankle: 73.38673161171211: (80, 120)
2023-04-09 19:22:29,081 - Logs/video_20220719_091433 - INFO - Incorrect Front Savdhan Position
2023-04-09 19:22:29,081 - Logs/video_20220719_091433 - INFO - Incorrect distance between rightwrist_righthip
2023-04-09 19:22:29,081 - Logs/video_20220719_091433 - INFO - distance_between_rightwrist_righthip: 27.202941017470888: (30, 60)
2023-04-09 19:22:29,081 - Logs/video_20220719_091433 - INFO - Incorrect distance between leftwrist_lefthip
2023-04-09 19:22:29,081 - Logs/video_20220719_091433 - INFO - distance_between_leftwrist_lefthip: 177.56407294269863: (30, 60)
2023-04-09 19:22:29,082 - Logs/video_20220719_091433 - INFO - Incorrect angle between ankles
2023-04-09 19:22:29,082 - Logs/video_20220719_091433 - INFO - angle_between_ankle: 71.23904741486591: (80, 120)
2023-04-09 19:22:29,467 - Logs/video_20220719_091433 - INFO - Incorrect Front Savdhan Position
2023-04-09 19:22:29,468 - Logs/video_20220719_091433 - INFO - Incorrect distance between rightwrist_righthip
2023-04-09 19:22:29,468 - Logs/video_20220719_091433 - INFO - distance_between_rightwrist_righthip: 25.96150997149434: (30, 60)
2023-04-09 19:22:29,468 - Logs/video_20220719_091433 - INFO - Incorrect distance between leftwrist_lefthip
2023-04-09 19:22:29,468 - Logs/video_20220719_091433 - INFO - distance_between_leftwrist_lefthip: 173.66922582887275: (30, 60)
2023-04-09 19:22:29,468 - Logs/video_20220719_091433 - INFO - Incorrect angle between ankles
2023-04-09 19:22:29,468 - Logs/video_20220719_091433 - INFO - angle_between_ankle: 71.28664821989673: (80, 120)
2023-04-09 19:22:29,858 - Logs/video_20220719_091433 - INFO - Incorrect Front Savdhan Position
2023-04-09 19:22:29,858 - Logs/video_20220719_091433 - INFO - Incorrect distance between rightwrist_righthip
2023-04-09 19:22:29,858 - Logs/video_20220719_091433 - INFO - distance_between_rightwrist_righthip: 24.186773244895647: (30, 60)
2023-04-09 19:22:29,858 - Logs/video_20220719_091433 - INFO - Incorrect distance between leftwrist_lefthip
2023-04-09 19:22:29,858 - Logs/video_20220719_091433 - INFO - distance_between_leftwrist_lefthip: 176.81911661356077: (30, 60)
2023-04-09 19:22:29,859 - Logs/video_20220719_091433 - INFO - Incorrect angle between ankles
2023-04-09 19:22:29,859 - Logs/video_20220719_091433 - INFO - angle_between_ankle: 72.01857030303596: (80, 120)
2023-04-09 19:22:30,238 - Logs/video_20220719_091433 - INFO - Incorrect Front Savdhan Position
2023-04-09 19:22:30,238 - Logs/video_20220719_091433 - INFO - Incorrect distance between rightwrist_righthip
2023-04-09 19:22:30,238 - Logs/video_20220719_091433 - INFO - distance_between_rightwrist_righthip: 27.294688127912362: (30, 60)
2023-04-09 19:22:30,239 - Logs/video_20220719_091433 - INFO - Incorrect distance between leftwrist_lefthip
2023-04-09 19:22:30,239 - Logs/video_20220719_091433 - INFO - distance_between_leftwrist_lefthip: 174.8742405273001: (30, 60)
2023-04-09 19:22:30,239 - Logs/video_20220719_091433 - INFO - Incorrect angle between ankles
2023-04-09 19:22:30,239 - Logs/video_20220719_091433 - INFO - angle_between_ankle: 73.92642583525361: (80, 120)
2023-04-09 19:22:30,615 - Logs/video_20220719_091433 - INFO - Incorrect Front Savdhan Position
2023-04-09 19:22:30,616 - Logs/video_20220719_091433 - INFO - Incorrect distance between rightwrist_righthip
2023-04-09 19:22:30,616 - Logs/video_20220719_091433 - INFO - distance_between_rightwrist_righthip: 25.0: (30, 60)
2023-04-09 19:22:30,616 - Logs/video_20220719_091433 - INFO - Incorrect distance between leftwrist_lefthip
2023-04-09 19:22:30,616 - Logs/video_20220719_091433 - INFO - distance_between_leftwrist_lefthip: 176.36609651517495: (30, 60)
2023-04-09 19:22:30,616 - Logs/video_20220719_091433 - INFO - Incorrect angle between ankles
2023-04-09 19:22:30,617 - Logs/video_20220719_091433 - INFO - angle_between_ankle: 70.68008193403375: (80, 120)
2023-04-09 19:22:30,999 - Logs/video_20220719_091433 - INFO - Incorrect Front Savdhan Position
2023-04-09 19:22:30,999 - Logs/video_20220719_091433 - INFO - Incorrect distance between rightwrist_righthip
2023-04-09 19:22:31,000 - Logs/video_20220719_091433 - INFO - distance_between_rightwrist_righthip: 24.515301344262525: (30, 60)
2023-04-09 19:22:31,000 - Logs/video_20220719_091433 - INFO - Incorrect distance between leftwrist_lefthip
2023-04-09 19:22:31,000 - Logs/video_20220719_091433 - INFO - distance_between_leftwrist_lefthip: 177.56407294269863: (30, 60)
2023-04-09 19:22:31,000 - Logs/video_20220719_091433 - INFO - Incorrect angle between ankles
2023-04-09 19:22:31,000 - Logs/video_20220719_091433 - INFO - angle_between_ankle: 68.40203672301713: (80, 120)
2023-04-09 19:22:31,382 - Logs/video_20220719_091433 - INFO - Incorrect Front Savdhan Position
2023-04-09 19:22:31,382 - Logs/video_20220719_091433 - INFO - Incorrect distance between rightwrist_righthip
2023-04-09 19:22:31,382 - Logs/video_20220719_091433 - INFO - distance_between_rightwrist_righthip: 26.68332812825267: (30, 60)
2023-04-09 19:22:31,383 - Logs/video_20220719_091433 - INFO - Incorrect distance between leftwrist_lefthip
2023-04-09 19:22:31,383 - Logs/video_20220719_091433 - INFO - distance_between_leftwrist_lefthip: 176.36609651517495: (30, 60)
2023-04-09 19:22:31,383 - Logs/video_20220719_091433 - INFO - Incorrect angle between ankles
2023-04-09 19:22:31,383 - Logs/video_20220719_091433 - INFO - angle_between_ankle: 71.04966076495303: (80, 120)
2023-04-09 19:22:31,759 - Logs/video_20220719_091433 - INFO - Incorrect Front Savdhan Position
2023-04-09 19:22:31,759 - Logs/video_20220719_091433 - INFO - Incorrect distance between rightwrist_righthip
2023-04-09 19:22:31,759 - Logs/video_20220719_091433 - INFO - distance_between_rightwrist_righthip: 27.459060435491963: (30, 60)
2023-04-09 19:22:31,760 - Logs/video_20220719_091433 - INFO - Incorrect distance between leftwrist_lefthip
2023-04-09 19:22:31,760 - Logs/video_20220719_091433 - INFO - distance_between_leftwrist_lefthip: 180.05554698481245: (30, 60)
2023-04-09 19:22:31,760 - Logs/video_20220719_091433 - INFO - Incorrect angle between ankles
2023-04-09 19:22:31,760 - Logs/video_20220719_091433 - INFO - angle_between_ankle: 72.44088047931804: (80, 120)
2023-04-09 19:22:32,148 - Logs/video_20220719_091433 - INFO - Incorrect Front Savdhan Position
2023-04-09 19:22:32,148 - Logs/video_20220719_091433 - INFO - Incorrect distance between rightwrist_righthip
2023-04-09 19:22:32,148 - Logs/video_20220719_091433 - INFO - distance_between_rightwrist_righthip: 27.892651361962706: (30, 60)
2023-04-09 19:22:32,149 - Logs/video_20220719_091433 - INFO - Incorrect distance between leftwrist_lefthip
2023-04-09 19:22:32,149 - Logs/video_20220719_091433 - INFO - distance_between_leftwrist_lefthip: 175.6160584912439: (30, 60)
2023-04-09 19:22:32,149 - Logs/video_20220719_091433 - INFO - Incorrect angle between ankles
2023-04-09 19:22:32,149 - Logs/video_20220719_091433 - INFO - angle_between_ankle: 75.09623077508712: (80, 120)
2023-04-09 19:22:32,524 - Logs/video_20220719_091433 - INFO - Incorrect Front Savdhan Position
2023-04-09 19:22:32,524 - Logs/video_20220719_091433 - INFO - Incorrect distance between rightwrist_righthip
2023-04-09 19:22:32,524 - Logs/video_20220719_091433 - INFO - distance_between_rightwrist_righthip: 26.68332812825267: (30, 60)
2023-04-09 19:22:32,524 - Logs/video_20220719_091433 - INFO - Incorrect distance between leftwrist_lefthip
2023-04-09 19:22:32,524 - Logs/video_20220719_091433 - INFO - distance_between_leftwrist_lefthip: 175.3909917869216: (30, 60)
2023-04-09 19:22:32,525 - Logs/video_20220719_091433 - INFO - Incorrect angle between ankles
2023-04-09 19:22:32,525 - Logs/video_20220719_091433 - INFO - angle_between_ankle: 76.46610628559431: (80, 120)
2023-04-09 19:22:32,912 - Logs/video_20220719_091433 - INFO - Incorrect Front Savdhan Position
2023-04-09 19:22:32,913 - Logs/video_20220719_091433 - INFO - Incorrect distance between rightwrist_righthip
2023-04-09 19:22:32,913 - Logs/video_20220719_091433 - INFO - distance_between_rightwrist_righthip: 25.96150997149434: (30, 60)
2023-04-09 19:22:32,913 - Logs/video_20220719_091433 - INFO - Incorrect distance between leftwrist_lefthip
2023-04-09 19:22:32,913 - Logs/video_20220719_091433 - INFO - distance_between_leftwrist_lefthip: 175.6160584912439: (30, 60)
2023-04-09 19:22:32,914 - Logs/video_20220719_091433 - INFO - Incorrect angle between ankles
2023-04-09 19:22:32,914 - Logs/video_20220719_091433 - INFO - angle_between_ankle: 73.09627230223067: (80, 120)
2023-04-09 19:22:33,301 - Logs/video_20220719_091433 - INFO - Incorrect Front Savdhan Position
2023-04-09 19:22:33,301 - Logs/video_20220719_091433 - INFO - Incorrect distance between rightwrist_righthip
2023-04-09 19:22:33,301 - Logs/video_20220719_091433 - INFO - distance_between_rightwrist_righthip: 27.459060435491963: (30, 60)
2023-04-09 19:22:33,301 - Logs/video_20220719_091433 - INFO - Incorrect distance between leftwrist_lefthip
2023-04-09 19:22:33,301 - Logs/video_20220719_091433 - INFO - distance_between_leftwrist_lefthip: 174.64249196572982: (30, 60)
2023-04-09 19:22:33,302 - Logs/video_20220719_091433 - INFO - Incorrect angle between ankles
2023-04-09 19:22:33,302 - Logs/video_20220719_091433 - INFO - angle_between_ankle: 73.26177422979912: (80, 120)
2023-04-09 19:22:33,688 - Logs/video_20220719_091433 - INFO - Incorrect Front Savdhan Position
2023-04-09 19:22:33,689 - Logs/video_20220719_091433 - INFO - Incorrect distance between rightwrist_righthip
2023-04-09 19:22:33,689 - Logs/video_20220719_091433 - INFO - distance_between_rightwrist_righthip: 25.298221281347036: (30, 60)
2023-04-09 19:22:33,689 - Logs/video_20220719_091433 - INFO - Incorrect distance between leftwrist_lefthip
2023-04-09 19:22:33,689 - Logs/video_20220719_091433 - INFO - distance_between_leftwrist_`lefthip: 175.17134468856486: (30, 60)
2023-04-09 19:22:33,689 - Logs/video_20220719_091433 - INFO - Incorrect angle between ankles
2023-04-09 19:22:33,689 - Logs/video_20220719_091433 - INFO - angle_between_ankle: 69.40055487309625: (80, 120)
2023-04-09 19:22:34,072 - Logs/video_20220719_091433 - INFO - Incorrect Front Savdhan Position
2023-04-09 19:22:34,072 - Logs/video_20220719_091433 - INFO - Incorrect distance between rightwrist_righthip
2023-04-09 19:22:34,072 - Logs/video_20220719_091433 - INFO - distance_between_rightwrist_righthip: 26.92582403567252: (30, 60)
2023-04-09 19:22:34,072 - Logs/video_20220719_091433 - INFO - Incorrect distance between leftwrist_lefthip
2023-04-09 19:22:34,072 - Logs/video_20220719_091433 - INFO - distance_between_leftwrist_lefthip: 180.48822676285565: (30, 60)
2023-04-09 19:22:34,073 - Logs/video_20220719_091433 - INFO - Incorrect angle between ankles
2023-04-09 19:22:34,073 - Logs/video_20220719_091433 - INFO - angle_between_ankle: 69.40055487309625: (80, 120)
2023-04-09 19:22:34,455 - Logs/video_20220719_091433 - INFO - Incorrect Front Savdhan Position
2023-04-09 19:22:34,456 - Logs/video_20220719_091433 - INFO - Incorrect distance between rightwrist_righthip
2023-04-09 19:22:34,456 - Logs/video_20220719_091433 - INFO - distance_between_rightwrist_righthip: 25.709920264364882: (30, 60)
2023-04-09 19:22:34,456 - Logs/video_20220719_091433 - INFO - Incorrect distance between leftwrist_lefthip
2023-04-09 19:22:34,456 - Logs/video_20220719_091433 - INFO - distance_between_leftwrist_lefthip: 177.68511473953018: (30, 60)
2023-04-09 19:22:34,456 - Logs/video_20220719_091433 - INFO - Incorrect angle between ankles
2023-04-09 19:22:34,456 - Logs/video_20220719_091433 - INFO - angle_between_ankle: 77.22348876960055: (80, 120)
2023-04-09 19:22:34,841 - Logs/video_20220719_091433 - INFO - Incorrect Front Savdhan Position
2023-04-09 19:22:34,841 - Logs/video_20220719_091433 - INFO - Incorrect distance between rightwrist_righthip
2023-04-09 19:22:34,841 - Logs/video_20220719_091433 - INFO - distance_between_rightwrist_righthip: 23.769728648009426: (30, 60)
2023-04-09 19:22:34,841 - Logs/video_20220719_091433 - INFO - Incorrect distance between leftwrist_lefthip
2023-04-09 19:22:34,841 - Logs/video_20220719_091433 - INFO - distance_between_leftwrist_lefthip: 171.04970037974343: (30, 60)
2023-04-09 19:22:34,841 - Logs/video_20220719_091433 - INFO - Incorrect angle between ankles
2023-04-09 19:22:34,841 - Logs/video_20220719_091433 - INFO - angle_between_ankle: 68.6516382431643: (80, 120)
2023-04-09 19:22:35,225 - Logs/video_20220719_091433 - INFO - Incorrect Front Savdhan Position
2023-04-09 19:22:35,226 - Logs/video_20220719_091433 - INFO - Incorrect distance between rightwrist_righthip
2023-04-09 19:22:35,226 - Logs/video_20220719_091433 - INFO - distance_between_rightwrist_righthip: 23.08679276123039: (30, 60)
2023-04-09 19:22:35,226 - Logs/video_20220719_091433 - INFO - Incorrect distance between leftwrist_lefthip
2023-04-09 19:22:35,226 - Logs/video_20220719_091433 - INFO - distance_between_leftwrist_lefthip: 177.89041570584965: (30, 60)
2023-04-09 19:22:35,226 - Logs/video_20220719_091433 - INFO - Incorrect angle between ankles
2023-04-09 19:22:35,226 - Logs/video_20220719_091433 - INFO - angle_between_ankle: 68.6516382431643: (80, 120)
2023-04-09 19:22:35,614 - Logs/video_20220719_091433 - INFO - Incorrect Front Savdhan Position
2023-04-09 19:22:35,614 - Logs/video_20220719_091433 - INFO - Incorrect distance between rightwrist_righthip
2023-04-09 19:22:35,614 - Logs/video_20220719_091433 - INFO - distance_between_rightwrist_righthip: 24.331050121192877: (30, 60)
2023-04-09 19:22:35,615 - Logs/video_20220719_091433 - INFO - Incorrect distance between leftwrist_lefthip
2023-04-09 19:22:35,615 - Logs/video_20220719_091433 - INFO - distance_between_leftwrist_lefthip: 178.86866690396056: (30, 60)
2023-04-09 19:22:35,615 - Logs/video_20220719_091433 - INFO - Incorrect angle between ankles
2023-04-09 19:22:35,615 - Logs/video_20220719_091433 - INFO - angle_between_ankle: 69.55045238920742: (80, 120)
2023-04-09 19:22:35,996 - Logs/video_20220719_091433 - INFO - Incorrect Front Savdhan Position
2023-04-09 19:22:35,996 - Logs/video_20220719_091433 - INFO - Incorrect distance between rightwrist_righthip
2023-04-09 19:22:35,996 - Logs/video_20220719_091433 - INFO - distance_between_rightwrist_righthip: 25.709920264364882: (30, 60)
2023-04-09 19:22:35,996 - Logs/video_20220719_091433 - INFO - Incorrect distance between leftwrist_lefthip
2023-04-09 19:22:35,996 - Logs/video_20220719_091433 - INFO - distance_between_leftwrist_lefthip: 176.36609651517495: (30, 60)
2023-04-09 19:22:35,996 - Logs/video_20220719_091433 - INFO - Incorrect angle between ankles
2023-04-09 19:22:35,996 - Logs/video_20220719_091433 - INFO - angle_between_ankle: 73.99259570390015: (80, 120)
2023-04-09 19:22:36,368 - Logs/video_20220719_091433 - INFO - Incorrect Front Savdhan Position
2023-04-09 19:22:36,368 - Logs/video_20220719_091433 - INFO - Incorrect distance between rightwrist_righthip
2023-04-09 19:22:36,368 - Logs/video_20220719_091433 - INFO - distance_between_rightwrist_righthip: 26.0: (30, 60)
2023-04-09 19:22:36,368 - Logs/video_20220719_091433 - INFO - Incorrect distance between leftwrist_lefthip
2023-04-09 19:22:36,368 - Logs/video_20220719_091433 - INFO - distance_between_leftwrist_lefthip: 177.89041570584965: (30, 60)
2023-04-09 19:22:36,368 - Logs/video_20220719_091433 - INFO - Incorrect angle between ankles
2023-04-09 19:22:36,369 - Logs/video_20220719_091433 - INFO - angle_between_ankle: 70.00853970004202: (80, 120)
2023-04-09 19:22:36,744 - Logs/video_20220719_091433 - INFO - Incorrect Front Savdhan Position
2023-04-09 19:22:36,744 - Logs/video_20220719_091433 - INFO - Incorrect distance between rightwrist_righthip
2023-04-09 19:22:36,744 - Logs/video_20220719_091433 - INFO - distance_between_rightwrist_righthip: 26.30589287593181: (30, 60)
2023-04-09 19:22:36,745 - Logs/video_20220719_091433 - INFO - Incorrect distance between leftwrist_lefthip
2023-04-09 19:22:36,745 - Logs/video_20220719_091433 - INFO - distance_between_leftwrist_lefthip: 175.72706109191037: (30, 60)
2023-04-09 19:22:36,745 - Logs/video_20220719_091433 - INFO - Incorrect angle between ankles
2023-04-09 19:22:36,745 - Logs/video_20220719_091433 - INFO - angle_between_ankle: 73.9923208947722: (80, 120)
2023-04-09 19:22:37,129 - Logs/video_20220719_091433 - INFO - Incorrect Front Savdhan Position
2023-04-09 19:22:37,129 - Logs/video_20220719_091433 - INFO - Incorrect distance between rightwrist_righthip
2023-04-09 19:22:37,129 - Logs/video_20220719_091433 - INFO - distance_between_rightwrist_righthip: 23.345235059857504: (30, 60)
2023-04-09 19:22:37,129 - Logs/video_20220719_091433 - INFO - Incorrect distance between leftwrist_lefthip
2023-04-09 19:22:37,129 - Logs/video_20220719_091433 - INFO - distance_between_leftwrist_lefthip: 178.86866690396056: (30, 60)
2023-04-09 19:22:37,130 - Logs/video_20220719_091433 - INFO - Incorrect angle between ankles
2023-04-09 19:22:37,130 - Logs/video_20220719_091433 - INFO - angle_between_ankle: 72.52461668716582: (80, 120)
2023-04-09 19:22:37,512 - Logs/video_20220719_091433 - INFO - Incorrect Front Savdhan Position
2023-04-09 19:22:37,513 - Logs/video_20220719_091433 - INFO - Incorrect distance between rightwrist_righthip
2023-04-09 19:22:37,513 - Logs/video_20220719_091433 - INFO - distance_between_rightwrist_righthip: 24.73863375370596: (30, 60)
2023-04-09 19:22:37,513 - Logs/video_20220719_091433 - INFO - Incorrect distance between leftwrist_lefthip
2023-04-09 19:22:37,513 - Logs/video_20220719_091433 - INFO - distance_between_leftwrist_lefthip: 178.10109488714548: (30, 60)
2023-04-09 19:22:37,513 - Logs/video_20220719_091433 - INFO - Incorrect angle between ankles
2023-04-09 19:22:37,513 - Logs/video_20220719_091433 - INFO - angle_between_ankle: 69.71744091108339: (80, 120)
2023-04-09 19:22:37,910 - Logs/video_20220719_091433 - INFO - Incorrect Front Savdhan Position
2023-04-09 19:22:37,910 - Logs/video_20220719_091433 - INFO - Incorrect distance between rightwrist_righthip
2023-04-09 19:22:37,910 - Logs/video_20220719_091433 - INFO - distance_between_rightwrist_righthip: 26.0: (30, 60)
2023-04-09 19:22:37,910 - Logs/video_20220719_091433 - INFO - Incorrect distance between leftwrist_lefthip
2023-04-09 19:22:37,910 - Logs/video_20220719_091433 - INFO - distance_between_leftwrist_lefthip: 177.48521065147935: (30, 60)
2023-04-09 19:22:37,911 - Logs/video_20220719_091433 - INFO - Incorrect angle between ankles
2023-04-09 19:22:37,911 - Logs/video_20220719_091433 - INFO - angle_between_ankle: 70.86635679409451: (80, 120)
2023-04-09 19:22:38,296 - Logs/video_20220719_091433 - INFO - Incorrect Front Savdhan Position
2023-04-09 19:22:38,296 - Logs/video_20220719_091433 - INFO - Incorrect distance between rightwrist_righthip
2023-04-09 19:22:38,297 - Logs/video_20220719_091433 - INFO - distance_between_rightwrist_righthip: 26.248809496813376: (30, 60)
2023-04-09 19:22:38,297 - Logs/video_20220719_091433 - INFO - Incorrect distance between leftwrist_lefthip
2023-04-09 19:22:38,297 - Logs/video_20220719_091433 - INFO - distance_between_leftwrist_lefthip: 173.9683879329805: (30, 60)
2023-04-09 19:22:38,297 - Logs/video_20220719_091433 - INFO - Incorrect angle between ankles
2023-04-09 19:22:38,297 - Logs/video_20220719_091433 - INFO - angle_between_ankle: 70.20112364547508: (80, 120)
2023-04-09 19:22:38,680 - Logs/video_20220719_091433 - INFO - Incorrect Front Savdhan Position
2023-04-09 19:22:38,680 - Logs/video_20220719_091433 - INFO - Incorrect distance between rightwrist_righthip
2023-04-09 19:22:38,680 - Logs/video_20220719_091433 - INFO - distance_between_rightwrist_righthip: 24.041630560342615: (30, 60)
2023-04-09 19:22:38,681 - Logs/video_20220719_091433 - INFO - Incorrect distance between leftwrist_lefthip
2023-04-09 19:22:38,681 - Logs/video_20220719_091433 - INFO - distance_between_leftwrist_lefthip: 176.11927776367924: (30, 60)
2023-04-09 19:22:38,681 - Logs/video_20220719_091433 - INFO - Incorrect angle between ankles
2023-04-09 19:22:38,681 - Logs/video_20220719_091433 - INFO - angle_between_ankle: 71.2450896262283: (80, 120)
