2023-04-09 19:12:59,114 - Logs/video_20220719_095724 - INFO - Logger Logs/video_20220719_095724 created, with level 20
2023-04-09 19:13:00,585 - Logs/video_20220719_095724 - INFO - Incorrect Front Savdhan Position
2023-04-09 19:13:00,586 - Logs/video_20220719_095724 - INFO - Incorrect distance between rightwrist_righthip
2023-04-09 19:13:00,586 - Logs/video_20220719_095724 - INFO - distance_between_rightwrist_righthip: 25.495097567963924: (30, 60)
2023-04-09 19:13:00,586 - Logs/video_20220719_095724 - INFO - Incorrect distance between leftwrist_lefthip
2023-04-09 19:13:00,586 - Logs/video_20220719_095724 - INFO - distance_between_leftwrist_lefthip: 180.34688796871433: (30, 60)
2023-04-09 19:13:00,586 - Logs/video_20220719_095724 - INFO - Incorrect angle between ankles
2023-04-09 19:13:00,586 - Logs/video_20220719_095724 - INFO - angle_between_ankle: 52.186202848145115: (80, 120)
2023-04-09 19:13:01,122 - Logs/video_20220719_095724 - INFO - Incorrect Front Savdhan Position
2023-04-09 19:13:01,123 - Logs/video_20220719_095724 - INFO - Incorrect distance between rightwrist_righthip
2023-04-09 19:13:01,123 - Logs/video_20220719_095724 - INFO - distance_between_rightwrist_righthip: 25.298221281347036: (30, 60)
2023-04-09 19:13:01,123 - Logs/video_20220719_095724 - INFO - Incorrect distance between leftwrist_lefthip
2023-04-09 19:13:01,123 - Logs/video_20220719_095724 - INFO - distance_between_leftwrist_lefthip: 177.72450590731714: (30, 60)
2023-04-09 19:13:01,123 - Logs/video_20220719_095724 - INFO - Incorrect angle between ankles
2023-04-09 19:13:01,123 - Logs/video_20220719_095724 - INFO - angle_between_ankle: 54.47681646005973: (80, 120)
2023-04-09 19:13:01,511 - Logs/video_20220719_095724 - INFO - Incorrect Front Savdhan Position
2023-04-09 19:13:01,512 - Logs/video_20220719_095724 - INFO - Incorrect distance between rightwrist_righthip
2023-04-09 19:13:01,512 - Logs/video_20220719_095724 - INFO - distance_between_rightwrist_righthip: 23.53720459187964: (30, 60)
2023-04-09 19:13:01,512 - Logs/video_20220719_095724 - INFO - Incorrect distance between leftwrist_lefthip
2023-04-09 19:13:01,512 - Logs/video_20220719_095724 - INFO - distance_between_leftwrist_lefthip: 178.70926109186397: (30, 60)
2023-04-09 19:13:01,512 - Logs/video_20220719_095724 - INFO - Incorrect angle between ankles
2023-04-09 19:13:01,512 - Logs/video_20220719_095724 - INFO - angle_between_ankle: 47.94167042286801: (80, 120)
2023-04-09 19:13:01,915 - Logs/video_20220719_095724 - INFO - Incorrect Front Savdhan Position
2023-04-09 19:13:01,915 - Logs/video_20220719_095724 - INFO - Incorrect distance between rightwrist_righthip
2023-04-09 19:13:01,915 - Logs/video_20220719_095724 - INFO - distance_between_rightwrist_righthip: 26.248809496813376: (30, 60)
2023-04-09 19:13:01,916 - Logs/video_20220719_095724 - INFO - Incorrect distance between leftwrist_lefthip
2023-04-09 19:13:01,916 - Logs/video_20220719_095724 - INFO - distance_between_leftwrist_lefthip: 179.6941846582688: (30, 60)
2023-04-09 19:13:01,916 - Logs/video_20220719_095724 - INFO - Incorrect angle between ankles
2023-04-09 19:13:01,916 - Logs/video_20220719_095724 - INFO - angle_between_ankle: 54.54452556555814: (80, 120)
2023-04-09 19:13:02,303 - Logs/video_20220719_095724 - INFO - Incorrect Front Savdhan Position
2023-04-09 19:13:02,304 - Logs/video_20220719_095724 - INFO - Incorrect distance between rightwrist_righthip
2023-04-09 19:13:02,304 - Logs/video_20220719_095724 - INFO - distance_between_rightwrist_righthip: 25.709920264364882: (30, 60)
2023-04-09 19:13:02,304 - Logs/video_20220719_095724 - INFO - Incorrect distance between leftwrist_lefthip
2023-04-09 19:13:02,304 - Logs/video_20220719_095724 - INFO - distance_between_leftwrist_lefthip: 178.05897899291685: (30, 60)
2023-04-09 19:13:02,304 - Logs/video_20220719_095724 - INFO - Incorrect angle between ankles
2023-04-09 19:13:02,304 - Logs/video_20220719_095724 - INFO - angle_between_ankle: 53.72529455210977: (80, 120)
2023-04-09 19:13:02,700 - Logs/video_20220719_095724 - INFO - Incorrect Front Savdhan Position
2023-04-09 19:13:02,701 - Logs/video_20220719_095724 - INFO - Incorrect distance between rightwrist_righthip
2023-04-09 19:13:02,701 - Logs/video_20220719_095724 - INFO - distance_between_rightwrist_righthip: 26.248809496813376: (30, 60)
2023-04-09 19:13:02,701 - Logs/video_20220719_095724 - INFO - Incorrect distance between leftwrist_lefthip
2023-04-09 19:13:02,701 - Logs/video_20220719_095724 - INFO - distance_between_leftwrist_lefthip: 179.3599732381782: (30, 60)
2023-04-09 19:13:02,701 - Logs/video_20220719_095724 - INFO - Incorrect angle between ankles
2023-04-09 19:13:02,701 - Logs/video_20220719_095724 - INFO - angle_between_ankle: 54.51065674988615: (80, 120)
2023-04-09 19:13:03,091 - Logs/video_20220719_095724 - INFO - Incorrect Front Savdhan Position
2023-04-09 19:13:03,092 - Logs/video_20220719_095724 - INFO - Incorrect distance between rightwrist_righthip
2023-04-09 19:13:03,092 - Logs/video_20220719_095724 - INFO - distance_between_rightwrist_righthip: 27.51363298439521: (30, 60)
2023-04-09 19:13:03,092 - Logs/video_20220719_095724 - INFO - Incorrect distance between leftwrist_lefthip
2023-04-09 19:13:03,092 - Logs/video_20220719_095724 - INFO - distance_between_leftwrist_lefthip: 182.1647605877712: (30, 60)
2023-04-09 19:13:03,092 - Logs/video_20220719_095724 - INFO - Incorrect angle between ankles
2023-04-09 19:13:03,092 - Logs/video_20220719_095724 - INFO - angle_between_ankle: 53.0983946764227: (80, 120)
2023-04-09 19:13:03,495 - Logs/video_20220719_095724 - INFO - Incorrect Front Savdhan Position
2023-04-09 19:13:03,495 - Logs/video_20220719_095724 - INFO - Incorrect distance between rightwrist_righthip
2023-04-09 19:13:03,496 - Logs/video_20220719_095724 - INFO - distance_between_rightwrist_righthip: 26.92582403567252: (30, 60)
2023-04-09 19:13:03,496 - Logs/video_20220719_095724 - INFO - Incorrect distance between leftwrist_lefthip
2023-04-09 19:13:03,496 - Logs/video_20220719_095724 - INFO - distance_between_leftwrist_lefthip: 178.70926109186397: (30, 60)
2023-04-09 19:13:03,496 - Logs/video_20220719_095724 - INFO - Incorrect angle between ankles
2023-04-09 19:13:03,496 - Logs/video_20220719_095724 - INFO - angle_between_ankle: 53.73745535896551: (80, 120)
2023-04-09 19:13:03,921 - Logs/video_20220719_095724 - INFO - Incorrect Front Savdhan Position
2023-04-09 19:13:03,922 - Logs/video_20220719_095724 - INFO - Incorrect distance between rightwrist_righthip
2023-04-09 19:13:03,922 - Logs/video_20220719_095724 - INFO - distance_between_rightwrist_righthip: 28.231188426986208: (30, 60)
2023-04-09 19:13:03,922 - Logs/video_20220719_095724 - INFO - Incorrect distance between leftwrist_lefthip
2023-04-09 19:13:03,922 - Logs/video_20220719_095724 - INFO - distance_between_leftwrist_lefthip: 83.73768566183328: (30, 60)
2023-04-09 19:13:03,922 - Logs/video_20220719_095724 - INFO - Incorrect angle between ankles
2023-04-09 19:13:03,922 - Logs/video_20220719_095724 - INFO - angle_between_ankle: 61.936895048591296: (80, 120)
2023-04-09 19:13:04,329 - Logs/video_20220719_095724 - INFO - Incorrect Front Savdhan Position
2023-04-09 19:13:04,329 - Logs/video_20220719_095724 - INFO - Incorrect angle between ankles
2023-04-09 19:13:04,329 - Logs/video_20220719_095724 - INFO - angle_between_ankle: 68.63734987190398: (80, 120)
2023-04-09 19:13:04,729 - Logs/video_20220719_095724 - INFO - Incorrect Front Savdhan Position
2023-04-09 19:13:04,730 - Logs/video_20220719_095724 - INFO - Incorrect angle between ankles
2023-04-09 19:13:04,730 - Logs/video_20220719_095724 - INFO - angle_between_ankle: 65.74608027568341: (80, 120)
2023-04-09 19:13:05,122 - Logs/video_20220719_095724 - INFO - Incorrect Front Savdhan Position
2023-04-09 19:13:05,122 - Logs/video_20220719_095724 - INFO - Incorrect angle between ankles
2023-04-09 19:13:05,122 - Logs/video_20220719_095724 - INFO - angle_between_ankle: 66.39522328952013: (80, 120)
2023-04-09 19:13:05,521 - Logs/video_20220719_095724 - INFO - Incorrect Front Savdhan Position
2023-04-09 19:13:05,522 - Logs/video_20220719_095724 - INFO - Incorrect angle between ankles
2023-04-09 19:13:05,522 - Logs/video_20220719_095724 - INFO - angle_between_ankle: 72.77428119943136: (80, 120)
2023-04-09 19:13:05,914 - Logs/video_20220719_095724 - INFO - Incorrect Front Savdhan Position
2023-04-09 19:13:05,915 - Logs/video_20220719_095724 - INFO - Incorrect angle between ankles
2023-04-09 19:13:05,915 - Logs/video_20220719_095724 - INFO - angle_between_ankle: 71.61629962451386: (80, 120)
2023-04-09 19:13:06,312 - Logs/video_20220719_095724 - INFO - Incorrect Front Savdhan Position
2023-04-09 19:13:06,312 - Logs/video_20220719_095724 - INFO - Incorrect angle between ankles
2023-04-09 19:13:06,312 - Logs/video_20220719_095724 - INFO - angle_between_ankle: 67.8205619899712: (80, 120)
2023-04-09 19:13:06,812 - Logs/video_20220719_095724 - INFO - Incorrect Front Savdhan Position
2023-04-09 19:13:06,813 - Logs/video_20220719_095724 - INFO - Incorrect angle between ankles
2023-04-09 19:13:06,813 - Logs/video_20220719_095724 - INFO - angle_between_ankle: 66.85596648711044: (80, 120)
