2023-04-09 19:22:42,620 - Logs/video_20220719_091407 - INFO - Logger Logs/video_20220719_091407 created, with level 20
2023-04-09 19:22:44,224 - Logs/video_20220719_091407 - INFO - Incorrect Front Savdhan Position
2023-04-09 19:22:44,224 - Logs/video_20220719_091407 - INFO - Incorrect angle between ankles
2023-04-09 19:22:44,224 - Logs/video_20220719_091407 - INFO - angle_between_ankle: 66.82089121953952: (80, 120)
2023-04-09 19:22:44,745 - Logs/video_20220719_091407 - INFO - Incorrect Front Savdhan Position
2023-04-09 19:22:44,746 - Logs/video_20220719_091407 - INFO - Incorrect angle between ankles
2023-04-09 19:22:44,746 - Logs/video_20220719_091407 - INFO - angle_between_ankle: 66.96132177047683: (80, 120)
2023-04-09 19:22:45,135 - Logs/video_20220719_091407 - INFO - Incorrect Front Savdhan Position
2023-04-09 19:22:45,135 - Logs/video_20220719_091407 - INFO - Incorrect angle between ankles
2023-04-09 19:22:45,135 - Logs/video_20220719_091407 - INFO - angle_between_ankle: 65.44954761079259: (80, 120)
2023-04-09 19:22:45,503 - Logs/video_20220719_091407 - INFO - Incorrect Front Savdhan Position
2023-04-09 19:22:45,503 - Logs/video_20220719_091407 - INFO - Incorrect angle between ankles
2023-04-09 19:22:45,503 - Logs/video_20220719_091407 - INFO - angle_between_ankle: 67.88415727591182: (80, 120)
2023-04-09 19:22:45,908 - Logs/video_20220719_091407 - INFO - Incorrect Front Savdhan Position
2023-04-09 19:22:45,908 - Logs/video_20220719_091407 - INFO - Incorrect distance between leftwrist_lefthip
2023-04-09 19:22:45,908 - Logs/video_20220719_091407 - INFO - distance_between_leftwrist_lefthip: 29.068883707497267: (30, 60)
2023-04-09 19:22:45,908 - Logs/video_20220719_091407 - INFO - Incorrect angle between ankles
2023-04-09 19:22:45,908 - Logs/video_20220719_091407 - INFO - angle_between_ankle: 68.65421335091024: (80, 120)
2023-04-09 19:22:46,290 - Logs/video_20220719_091407 - INFO - Incorrect Front Savdhan Position
2023-04-09 19:22:46,291 - Logs/video_20220719_091407 - INFO - Incorrect distance between leftwrist_lefthip
2023-04-09 19:22:46,291 - Logs/video_20220719_091407 - INFO - distance_between_leftwrist_lefthip: 29.017236257093817: (30, 60)
2023-04-09 19:22:46,291 - Logs/video_20220719_091407 - INFO - Incorrect angle between ankles
2023-04-09 19:22:46,291 - Logs/video_20220719_091407 - INFO - angle_between_ankle: 70.59767216178187: (80, 120)
2023-04-09 19:22:46,691 - Logs/video_20220719_091407 - INFO - Incorrect Front Savdhan Position
2023-04-09 19:22:46,691 - Logs/video_20220719_091407 - INFO - Incorrect distance between leftwrist_lefthip
2023-04-09 19:22:46,691 - Logs/video_20220719_091407 - INFO - distance_between_leftwrist_lefthip: 29.154759474226502: (30, 60)
2023-04-09 19:22:46,691 - Logs/video_20220719_091407 - INFO - Incorrect angle between ankles
2023-04-09 19:22:46,691 - Logs/video_20220719_091407 - INFO - angle_between_ankle: 66.83100950757576: (80, 120)
2023-04-09 19:22:47,064 - Logs/video_20220719_091407 - INFO - Incorrect Front Savdhan Position
2023-04-09 19:22:47,065 - Logs/video_20220719_091407 - INFO - Incorrect angle between ankles
2023-04-09 19:22:47,065 - Logs/video_20220719_091407 - INFO - angle_between_ankle: 66.89679108546135: (80, 120)
2023-04-09 19:22:47,450 - Logs/video_20220719_091407 - INFO - Incorrect Front Savdhan Position
2023-04-09 19:22:47,451 - Logs/video_20220719_091407 - INFO - Incorrect angle between ankles
2023-04-09 19:22:47,451 - Logs/video_20220719_091407 - INFO - angle_between_ankle: 67.59223730971935: (80, 120)
2023-04-09 19:22:47,832 - Logs/video_20220719_091407 - INFO - Incorrect Front Savdhan Position
2023-04-09 19:22:47,833 - Logs/video_20220719_091407 - INFO - Incorrect angle between ankles
2023-04-09 19:22:47,833 - Logs/video_20220719_091407 - INFO - angle_between_ankle: 70.11186926608961: (80, 120)
2023-04-09 19:22:48,212 - Logs/video_20220719_091407 - INFO - Incorrect Front Savdhan Position
2023-04-09 19:22:48,212 - Logs/video_20220719_091407 - INFO - Incorrect angle between ankles
2023-04-09 19:22:48,212 - Logs/video_20220719_091407 - INFO - angle_between_ankle: 67.85356928991118: (80, 120)
2023-04-09 19:22:48,593 - Logs/video_20220719_091407 - INFO - Incorrect Front Savdhan Position
2023-04-09 19:22:48,594 - Logs/video_20220719_091407 - INFO - Incorrect distance between leftwrist_lefthip
2023-04-09 19:22:48,594 - Logs/video_20220719_091407 - INFO - distance_between_leftwrist_lefthip: 30.0: (30, 60)
2023-04-09 19:22:48,594 - Logs/video_20220719_091407 - INFO - Incorrect angle between ankles
2023-04-09 19:22:48,594 - Logs/video_20220719_091407 - INFO - angle_between_ankle: 67.06089946720827: (80, 120)
2023-04-09 19:22:48,999 - Logs/video_20220719_091407 - INFO - Incorrect Front Savdhan Position
2023-04-09 19:22:48,999 - Logs/video_20220719_091407 - INFO - Incorrect angle between ankles
2023-04-09 19:22:48,999 - Logs/video_20220719_091407 - INFO - angle_between_ankle: 66.1155068655002: (80, 120)
2023-04-09 19:22:49,384 - Logs/video_20220719_091407 - INFO - Incorrect Front Savdhan Position
2023-04-09 19:22:49,385 - Logs/video_20220719_091407 - INFO - Incorrect angle between ankles
2023-04-09 19:22:49,385 - Logs/video_20220719_091407 - INFO - angle_between_ankle: 65.89339424447859: (80, 120)
2023-04-09 19:22:49,771 - Logs/video_20220719_091407 - INFO - Incorrect Front Savdhan Position
2023-04-09 19:22:49,772 - Logs/video_20220719_091407 - INFO - Incorrect distance between leftwrist_lefthip
2023-04-09 19:22:49,772 - Logs/video_20220719_091407 - INFO - distance_between_leftwrist_lefthip: 29.017236257093817: (30, 60)
2023-04-09 19:22:49,772 - Logs/video_20220719_091407 - INFO - Incorrect angle between ankles
2023-04-09 19:22:49,772 - Logs/video_20220719_091407 - INFO - angle_between_ankle: 65.79315601427439: (80, 120)
2023-04-09 19:22:50,315 - Logs/video_20220719_091407 - INFO - Incorrect Front Savdhan Position
2023-04-09 19:22:50,315 - Logs/video_20220719_091407 - INFO - Incorrect angle between ankles
2023-04-09 19:22:50,315 - Logs/video_20220719_091407 - INFO - angle_between_ankle: 68.44292071496228: (80, 120)
2023-04-09 19:22:50,719 - Logs/video_20220719_091407 - INFO - Incorrect Front Savdhan Position
2023-04-09 19:22:50,719 - Logs/video_20220719_091407 - INFO - Incorrect angle between ankles
2023-04-09 19:22:50,719 - Logs/video_20220719_091407 - INFO - angle_between_ankle: 67.85356928991118: (80, 120)
2023-04-09 19:22:51,107 - Logs/video_20220719_091407 - INFO - Incorrect Front Savdhan Position
2023-04-09 19:22:51,107 - Logs/video_20220719_091407 - INFO - Incorrect angle between ankles
2023-04-09 19:22:51,107 - Logs/video_20220719_091407 - INFO - angle_between_ankle: 70.20991988605586: (80, 120)
2023-04-09 19:22:51,485 - Logs/video_20220719_091407 - INFO - Incorrect Front Savdhan Position
2023-04-09 19:22:51,485 - Logs/video_20220719_091407 - INFO - Incorrect distance between leftwrist_lefthip
2023-04-09 19:22:51,486 - Logs/video_20220719_091407 - INFO - distance_between_leftwrist_lefthip: 29.0: (30, 60)
2023-04-09 19:22:51,486 - Logs/video_20220719_091407 - INFO - Incorrect angle between ankles
2023-04-09 19:22:51,486 - Logs/video_20220719_091407 - INFO - angle_between_ankle: 68.21395543135795: (80, 120)
2023-04-09 19:22:51,867 - Logs/video_20220719_091407 - INFO - Incorrect Front Savdhan Position
2023-04-09 19:22:51,867 - Logs/video_20220719_091407 - INFO - Incorrect distance between leftwrist_lefthip
2023-04-09 19:22:51,867 - Logs/video_20220719_091407 - INFO - distance_between_leftwrist_lefthip: 29.154759474226502: (30, 60)
2023-04-09 19:22:51,867 - Logs/video_20220719_091407 - INFO - Incorrect angle between ankles
2023-04-09 19:22:51,867 - Logs/video_20220719_091407 - INFO - angle_between_ankle: 73.02028915541389: (80, 120)
2023-04-09 19:22:52,247 - Logs/video_20220719_091407 - INFO - Incorrect Front Savdhan Position
2023-04-09 19:22:52,247 - Logs/video_20220719_091407 - INFO - Incorrect distance between leftwrist_lefthip
2023-04-09 19:22:52,247 - Logs/video_20220719_091407 - INFO - distance_between_leftwrist_lefthip: 28.160255680657446: (30, 60)
2023-04-09 19:22:52,247 - Logs/video_20220719_091407 - INFO - Incorrect angle between ankles
2023-04-09 19:22:52,247 - Logs/video_20220719_091407 - INFO - angle_between_ankle: 66.0292181061697: (80, 120)
2023-04-09 19:22:52,626 - Logs/video_20220719_091407 - INFO - Incorrect Front Savdhan Position
2023-04-09 19:22:52,627 - Logs/video_20220719_091407 - INFO - Incorrect distance between leftwrist_lefthip
2023-04-09 19:22:52,627 - Logs/video_20220719_091407 - INFO - distance_between_leftwrist_lefthip: 28.0178514522438: (30, 60)
2023-04-09 19:22:52,627 - Logs/video_20220719_091407 - INFO - Incorrect angle between ankles
2023-04-09 19:22:52,627 - Logs/video_20220719_091407 - INFO - angle_between_ankle: 71.56505117707798: (80, 120)
2023-04-09 19:22:53,009 - Logs/video_20220719_091407 - INFO - Incorrect Front Savdhan Position
2023-04-09 19:22:53,009 - Logs/video_20220719_091407 - INFO - Incorrect distance between leftwrist_lefthip
2023-04-09 19:22:53,010 - Logs/video_20220719_091407 - INFO - distance_between_leftwrist_lefthip: 26.1725046566048: (30, 60)
2023-04-09 19:22:53,010 - Logs/video_20220719_091407 - INFO - Incorrect angle between ankles
2023-04-09 19:22:53,010 - Logs/video_20220719_091407 - INFO - angle_between_ankle: 67.39960354577815: (80, 120)
2023-04-09 19:22:53,470 - Logs/video_20220719_091407 - INFO - Incorrect Front Savdhan Position
2023-04-09 19:22:53,471 - Logs/video_20220719_091407 - INFO - Incorrect distance between leftwrist_lefthip
2023-04-09 19:22:53,471 - Logs/video_20220719_091407 - INFO - distance_between_leftwrist_lefthip: 27.018512172212592: (30, 60)
2023-04-09 19:22:53,471 - Logs/video_20220719_091407 - INFO - Incorrect angle between ankles
2023-04-09 19:22:53,471 - Logs/video_20220719_091407 - INFO - angle_between_ankle: 64.3171510665681: (80, 120)
2023-04-10 19:09:52,204 - Logs/video_20220719_091407 - INFO - Logger Logs/video_20220719_091407 created, with level 20
2023-04-10 19:10:35,929 - Logs/video_20220719_091407 - INFO - Incorrect Front Savdhan Position
2023-04-10 19:10:35,930 - Logs/video_20220719_091407 - INFO - Incorrect angle between ankles
2023-04-10 19:10:35,930 - Logs/video_20220719_091407 - INFO - angle_between_ankle: 66.82089121953952: (80, 120)
2023-04-10 19:10:36,557 - Logs/video_20220719_091407 - INFO - Incorrect Front Savdhan Position
2023-04-10 19:10:36,558 - Logs/video_20220719_091407 - INFO - Incorrect angle between ankles
2023-04-10 19:10:36,558 - Logs/video_20220719_091407 - INFO - angle_between_ankle: 66.96132177047683: (80, 120)
2023-04-10 19:10:36,928 - Logs/video_20220719_091407 - INFO - Incorrect Front Savdhan Position
2023-04-10 19:10:36,928 - Logs/video_20220719_091407 - INFO - Incorrect angle between ankles
2023-04-10 19:10:36,928 - Logs/video_20220719_091407 - INFO - angle_between_ankle: 65.44954761079259: (80, 120)
2023-04-10 19:10:37,317 - Logs/video_20220719_091407 - INFO - Incorrect Front Savdhan Position
2023-04-10 19:10:37,317 - Logs/video_20220719_091407 - INFO - Incorrect angle between ankles
2023-04-10 19:10:37,317 - Logs/video_20220719_091407 - INFO - angle_between_ankle: 67.88415727591182: (80, 120)
2023-04-10 19:10:37,709 - Logs/video_20220719_091407 - INFO - Incorrect Front Savdhan Position
2023-04-10 19:10:37,710 - Logs/video_20220719_091407 - INFO - Incorrect distance between leftwrist_lefthip
2023-04-10 19:10:37,710 - Logs/video_20220719_091407 - INFO - distance_between_leftwrist_lefthip: 29.068883707497267: (30, 60)
2023-04-10 19:10:37,710 - Logs/video_20220719_091407 - INFO - Incorrect angle between ankles
2023-04-10 19:10:37,710 - Logs/video_20220719_091407 - INFO - angle_between_ankle: 68.65421335091024: (80, 120)
2023-04-10 19:10:38,096 - Logs/video_20220719_091407 - INFO - Incorrect Front Savdhan Position
2023-04-10 19:10:38,097 - Logs/video_20220719_091407 - INFO - Incorrect distance between leftwrist_lefthip
2023-04-10 19:10:38,097 - Logs/video_20220719_091407 - INFO - distance_between_leftwrist_lefthip: 29.017236257093817: (30, 60)
2023-04-10 19:10:38,097 - Logs/video_20220719_091407 - INFO - Incorrect angle between ankles
2023-04-10 19:10:38,097 - Logs/video_20220719_091407 - INFO - angle_between_ankle: 70.59767216178187: (80, 120)
2023-04-10 19:10:38,478 - Logs/video_20220719_091407 - INFO - Incorrect Front Savdhan Position
2023-04-10 19:10:38,479 - Logs/video_20220719_091407 - INFO - Incorrect distance between leftwrist_lefthip
2023-04-10 19:10:38,479 - Logs/video_20220719_091407 - INFO - distance_between_leftwrist_lefthip: 29.154759474226502: (30, 60)
2023-04-10 19:10:38,479 - Logs/video_20220719_091407 - INFO - Incorrect angle between ankles
2023-04-10 19:10:38,479 - Logs/video_20220719_091407 - INFO - angle_between_ankle: 66.83100950757576: (80, 120)
2023-04-10 19:10:38,878 - Logs/video_20220719_091407 - INFO - Incorrect Front Savdhan Position
2023-04-10 19:10:38,878 - Logs/video_20220719_091407 - INFO - Incorrect angle between ankles
2023-04-10 19:10:38,878 - Logs/video_20220719_091407 - INFO - angle_between_ankle: 66.89679108546135: (80, 120)
2023-04-10 19:10:39,272 - Logs/video_20220719_091407 - INFO - Incorrect Front Savdhan Position
2023-04-10 19:10:39,272 - Logs/video_20220719_091407 - INFO - Incorrect angle between ankles
2023-04-10 19:10:39,272 - Logs/video_20220719_091407 - INFO - angle_between_ankle: 67.59223730971935: (80, 120)
2023-04-10 19:10:39,665 - Logs/video_20220719_091407 - INFO - Incorrect Front Savdhan Position
2023-04-10 19:10:39,666 - Logs/video_20220719_091407 - INFO - Incorrect angle between ankles
2023-04-10 19:10:39,666 - Logs/video_20220719_091407 - INFO - angle_between_ankle: 70.11186926608961: (80, 120)
2023-04-10 19:10:40,057 - Logs/video_20220719_091407 - INFO - Incorrect Front Savdhan Position
2023-04-10 19:10:40,057 - Logs/video_20220719_091407 - INFO - Incorrect angle between ankles
2023-04-10 19:10:40,057 - Logs/video_20220719_091407 - INFO - angle_between_ankle: 67.85356928991118: (80, 120)
2023-04-10 19:10:40,446 - Logs/video_20220719_091407 - INFO - Incorrect Front Savdhan Position
2023-04-10 19:10:40,446 - Logs/video_20220719_091407 - INFO - Incorrect distance between leftwrist_lefthip
2023-04-10 19:10:40,446 - Logs/video_20220719_091407 - INFO - distance_between_leftwrist_lefthip: 30.0: (30, 60)
2023-04-10 19:10:40,446 - Logs/video_20220719_091407 - INFO - Incorrect angle between ankles
2023-04-10 19:10:40,447 - Logs/video_20220719_091407 - INFO - angle_between_ankle: 67.06089946720827: (80, 120)
2023-04-10 19:10:40,837 - Logs/video_20220719_091407 - INFO - Incorrect Front Savdhan Position
2023-04-10 19:10:40,837 - Logs/video_20220719_091407 - INFO - Incorrect angle between ankles
2023-04-10 19:10:40,837 - Logs/video_20220719_091407 - INFO - angle_between_ankle: 66.1155068655002: (80, 120)
2023-04-10 19:10:41,230 - Logs/video_20220719_091407 - INFO - Incorrect Front Savdhan Position
2023-04-10 19:10:41,231 - Logs/video_20220719_091407 - INFO - Incorrect angle between ankles
2023-04-10 19:10:41,231 - Logs/video_20220719_091407 - INFO - angle_between_ankle: 65.89339424447859: (80, 120)
2023-04-10 19:10:41,610 - Logs/video_20220719_091407 - INFO - Incorrect Front Savdhan Position
2023-04-10 19:10:41,611 - Logs/video_20220719_091407 - INFO - Incorrect distance between leftwrist_lefthip
2023-04-10 19:10:41,611 - Logs/video_20220719_091407 - INFO - distance_between_leftwrist_lefthip: 29.017236257093817: (30, 60)
2023-04-10 19:10:41,611 - Logs/video_20220719_091407 - INFO - Incorrect angle between ankles
2023-04-10 19:10:41,611 - Logs/video_20220719_091407 - INFO - angle_between_ankle: 65.79315601427439: (80, 120)
2023-04-10 19:10:42,006 - Logs/video_20220719_091407 - INFO - Incorrect Front Savdhan Position
2023-04-10 19:10:42,007 - Logs/video_20220719_091407 - INFO - Incorrect angle between ankles
2023-04-10 19:10:42,007 - Logs/video_20220719_091407 - INFO - angle_between_ankle: 68.44292071496228: (80, 120)
2023-04-10 19:10:42,404 - Logs/video_20220719_091407 - INFO - Incorrect Front Savdhan Position
2023-04-10 19:10:42,404 - Logs/video_20220719_091407 - INFO - Incorrect angle between ankles
2023-04-10 19:10:42,404 - Logs/video_20220719_091407 - INFO - angle_between_ankle: 67.85356928991118: (80, 120)
2023-04-10 19:10:42,801 - Logs/video_20220719_091407 - INFO - Incorrect Front Savdhan Position
2023-04-10 19:10:42,802 - Logs/video_20220719_091407 - INFO - Incorrect angle between ankles
2023-04-10 19:10:42,802 - Logs/video_20220719_091407 - INFO - angle_between_ankle: 70.20991988605586: (80, 120)
2023-04-10 19:10:43,293 - Logs/video_20220719_091407 - INFO - Incorrect Front Savdhan Position
2023-04-10 19:10:43,293 - Logs/video_20220719_091407 - INFO - Incorrect distance between leftwrist_lefthip
2023-04-10 19:10:43,293 - Logs/video_20220719_091407 - INFO - distance_between_leftwrist_lefthip: 29.0: (30, 60)
2023-04-10 19:10:43,293 - Logs/video_20220719_091407 - INFO - Incorrect angle between ankles
2023-04-10 19:10:43,293 - Logs/video_20220719_091407 - INFO - angle_between_ankle: 68.21395543135795: (80, 120)
2023-04-10 19:10:43,675 - Logs/video_20220719_091407 - INFO - Incorrect Front Savdhan Position
2023-04-10 19:10:43,675 - Logs/video_20220719_091407 - INFO - Incorrect distance between leftwrist_lefthip
2023-04-10 19:10:43,675 - Logs/video_20220719_091407 - INFO - distance_between_leftwrist_lefthip: 29.154759474226502: (30, 60)
2023-04-10 19:10:43,675 - Logs/video_20220719_091407 - INFO - Incorrect angle between ankles
2023-04-10 19:10:43,675 - Logs/video_20220719_091407 - INFO - angle_between_ankle: 73.02028915541389: (80, 120)
2023-04-10 19:10:44,065 - Logs/video_20220719_091407 - INFO - Incorrect Front Savdhan Position
2023-04-10 19:10:44,065 - Logs/video_20220719_091407 - INFO - Incorrect distance between leftwrist_lefthip
2023-04-10 19:10:44,065 - Logs/video_20220719_091407 - INFO - distance_between_leftwrist_lefthip: 28.160255680657446: (30, 60)
2023-04-10 19:10:44,066 - Logs/video_20220719_091407 - INFO - Incorrect angle between ankles
2023-04-10 19:10:44,066 - Logs/video_20220719_091407 - INFO - angle_between_ankle: 66.0292181061697: (80, 120)
2023-04-10 19:10:44,453 - Logs/video_20220719_091407 - INFO - Incorrect Front Savdhan Position
2023-04-10 19:10:44,453 - Logs/video_20220719_091407 - INFO - Incorrect distance between leftwrist_lefthip
2023-04-10 19:10:44,453 - Logs/video_20220719_091407 - INFO - distance_between_leftwrist_lefthip: 28.0178514522438: (30, 60)
2023-04-10 19:10:44,454 - Logs/video_20220719_091407 - INFO - Incorrect angle between ankles
2023-04-10 19:10:44,454 - Logs/video_20220719_091407 - INFO - angle_between_ankle: 71.56505117707798: (80, 120)
2023-04-10 19:10:44,834 - Logs/video_20220719_091407 - INFO - Incorrect Front Savdhan Position
2023-04-10 19:10:44,834 - Logs/video_20220719_091407 - INFO - Incorrect distance between leftwrist_lefthip
2023-04-10 19:10:44,834 - Logs/video_20220719_091407 - INFO - distance_between_leftwrist_lefthip: 26.1725046566048: (30, 60)
2023-04-10 19:10:44,834 - Logs/video_20220719_091407 - INFO - Incorrect angle between ankles
2023-04-10 19:10:44,835 - Logs/video_20220719_091407 - INFO - angle_between_ankle: 67.39960354577815: (80, 120)
2023-04-10 19:10:45,222 - Logs/video_20220719_091407 - INFO - Incorrect Front Savdhan Position
2023-04-10 19:10:45,222 - Logs/video_20220719_091407 - INFO - Incorrect distance between leftwrist_lefthip
2023-04-10 19:10:45,222 - Logs/video_20220719_091407 - INFO - distance_between_leftwrist_lefthip: 27.018512172212592: (30, 60)
2023-04-10 19:10:45,222 - Logs/video_20220719_091407 - INFO - Incorrect angle between ankles
2023-04-10 19:10:45,222 - Logs/video_20220719_091407 - INFO - angle_between_ankle: 64.3171510665681: (80, 120)
