2023-04-09 19:16:11,954 - Logs/video_20220719_093025 - INFO - Logger Logs/video_20220719_093025 created, with level 20
2023-04-09 19:16:13,416 - Logs/video_20220719_093025 - INFO - Incorrect Front Savdhan Position
2023-04-09 19:16:13,416 - Logs/video_20220719_093025 - INFO - Incorrect distance between leftwrist_lefthip
2023-04-09 19:16:13,416 - Logs/video_20220719_093025 - INFO - distance_between_leftwrist_lefthip: 25.079872407968907: (30, 60)
2023-04-09 19:16:13,941 - Logs/video_20220719_093025 - INFO - Incorrect Front Savdhan Position
2023-04-09 19:16:13,941 - Logs/video_20220719_093025 - INFO - Incorrect distance between leftwrist_lefthip
2023-04-09 19:16:13,941 - Logs/video_20220719_093025 - INFO - distance_between_leftwrist_lefthip: 24.020824298928627: (30, 60)
2023-04-09 19:16:14,328 - Logs/video_20220719_093025 - INFO - Incorrect Front Savdhan Position
2023-04-09 19:16:14,328 - Logs/video_20220719_093025 - INFO - Incorrect distance between leftwrist_lefthip
2023-04-09 19:16:14,328 - Logs/video_20220719_093025 - INFO - distance_between_leftwrist_lefthip: 25.317977802344327: (30, 60)
2023-04-09 19:16:14,725 - Logs/video_20220719_093025 - INFO - Incorrect Front Savdhan Position
2023-04-09 19:16:14,725 - Logs/video_20220719_093025 - INFO - Incorrect distance between leftwrist_lefthip
2023-04-09 19:16:14,725 - Logs/video_20220719_093025 - INFO - distance_between_leftwrist_lefthip: 26.248809496813376: (30, 60)
2023-04-09 19:16:15,109 - Logs/video_20220719_093025 - INFO - Incorrect Front Savdhan Position
2023-04-09 19:16:15,109 - Logs/video_20220719_093025 - INFO - Incorrect distance between leftwrist_lefthip
2023-04-09 19:16:15,109 - Logs/video_20220719_093025 - INFO - distance_between_leftwrist_lefthip: 25.179356624028344: (30, 60)
2023-04-09 19:16:15,505 - Logs/video_20220719_093025 - INFO - Incorrect Front Savdhan Position
2023-04-09 19:16:15,505 - Logs/video_20220719_093025 - INFO - Incorrect distance between leftwrist_lefthip
2023-04-09 19:16:15,505 - Logs/video_20220719_093025 - INFO - distance_between_leftwrist_lefthip: 25.317977802344327: (30, 60)
2023-04-09 19:16:15,892 - Logs/video_20220719_093025 - INFO - Incorrect Front Savdhan Position
2023-04-09 19:16:15,892 - Logs/video_20220719_093025 - INFO - Incorrect distance between rightwrist_righthip
2023-04-09 19:16:15,892 - Logs/video_20220719_093025 - INFO - distance_between_rightwrist_righthip: 28.0178514522438: (30, 60)
2023-04-09 19:16:15,893 - Logs/video_20220719_093025 - INFO - Incorrect distance between leftwrist_lefthip
2023-04-09 19:16:15,893 - Logs/video_20220719_093025 - INFO - distance_between_leftwrist_lefthip: 25.019992006393608: (30, 60)
2023-04-09 19:16:16,289 - Logs/video_20220719_093025 - INFO - Incorrect Front Savdhan Position
2023-04-09 19:16:16,290 - Logs/video_20220719_093025 - INFO - Incorrect distance between rightwrist_righthip
2023-04-09 19:16:16,290 - Logs/video_20220719_093025 - INFO - distance_between_rightwrist_righthip: 29.017236257093817: (30, 60)
2023-04-09 19:16:16,290 - Logs/video_20220719_093025 - INFO - Incorrect distance between leftwrist_lefthip
2023-04-09 19:16:16,290 - Logs/video_20220719_093025 - INFO - distance_between_leftwrist_lefthip: 25.079872407968907: (30, 60)
2023-04-09 19:16:16,682 - Logs/video_20220719_093025 - INFO - Incorrect Front Savdhan Position
2023-04-09 19:16:16,682 - Logs/video_20220719_093025 - INFO - Incorrect distance between rightwrist_righthip
2023-04-09 19:16:16,683 - Logs/video_20220719_093025 - INFO - distance_between_rightwrist_righthip: 29.068883707497267: (30, 60)
2023-04-09 19:16:16,683 - Logs/video_20220719_093025 - INFO - Incorrect distance between leftwrist_lefthip
2023-04-09 19:16:16,683 - Logs/video_20220719_093025 - INFO - distance_between_leftwrist_lefthip: 25.019992006393608: (30, 60)
2023-04-09 19:16:17,098 - Logs/video_20220719_093025 - INFO - Incorrect Front Savdhan Position
2023-04-09 19:16:17,099 - Logs/video_20220719_093025 - INFO - Incorrect distance between rightwrist_righthip
2023-04-09 19:16:17,099 - Logs/video_20220719_093025 - INFO - distance_between_rightwrist_righthip: 28.0: (30, 60)
2023-04-09 19:16:17,099 - Logs/video_20220719_093025 - INFO - Incorrect distance between leftwrist_lefthip
2023-04-09 19:16:17,099 - Logs/video_20220719_093025 - INFO - distance_between_leftwrist_lefthip: 27.018512172212592: (30, 60)
2023-04-09 19:16:17,522 - Logs/video_20220719_093025 - INFO - Incorrect Front Savdhan Position
2023-04-09 19:16:17,522 - Logs/video_20220719_093025 - INFO - Incorrect distance between rightwrist_righthip
2023-04-09 19:16:17,523 - Logs/video_20220719_093025 - INFO - distance_between_rightwrist_righthip: 28.071337695236398: (30, 60)
2023-04-09 19:16:17,523 - Logs/video_20220719_093025 - INFO - Incorrect distance between leftwrist_lefthip
2023-04-09 19:16:17,523 - Logs/video_20220719_093025 - INFO - distance_between_leftwrist_lefthip: 27.073972741361768: (30, 60)
2023-04-09 19:16:17,911 - Logs/video_20220719_093025 - INFO - Incorrect Front Savdhan Position
2023-04-09 19:16:17,911 - Logs/video_20220719_093025 - INFO - Incorrect distance between leftwrist_lefthip
2023-04-09 19:16:17,911 - Logs/video_20220719_093025 - INFO - distance_between_leftwrist_lefthip: 24.73863375370596: (30, 60)
2023-04-09 19:16:18,317 - Logs/video_20220719_093025 - INFO - Incorrect Front Savdhan Position
2023-04-09 19:16:18,318 - Logs/video_20220719_093025 - INFO - Incorrect distance between leftwrist_lefthip
2023-04-09 19:16:18,318 - Logs/video_20220719_093025 - INFO - distance_between_leftwrist_lefthip: 24.331050121192877: (30, 60)
2023-04-09 19:16:18,722 - Logs/video_20220719_093025 - INFO - Incorrect Front Savdhan Position
2023-04-09 19:16:18,722 - Logs/video_20220719_093025 - INFO - Incorrect distance between rightwrist_righthip
2023-04-09 19:16:18,722 - Logs/video_20220719_093025 - INFO - distance_between_rightwrist_righthip: 29.427877939124322: (30, 60)
2023-04-09 19:16:18,722 - Logs/video_20220719_093025 - INFO - Incorrect distance between leftwrist_lefthip
2023-04-09 19:16:18,722 - Logs/video_20220719_093025 - INFO - distance_between_leftwrist_lefthip: 26.019223662515376: (30, 60)
2023-04-09 19:16:19,114 - Logs/video_20220719_093025 - INFO - Incorrect Front Savdhan Position
2023-04-09 19:16:19,115 - Logs/video_20220719_093025 - INFO - Incorrect distance between rightwrist_righthip
2023-04-09 19:16:19,115 - Logs/video_20220719_093025 - INFO - distance_between_rightwrist_righthip: 29.0: (30, 60)
2023-04-09 19:16:19,115 - Logs/video_20220719_093025 - INFO - Incorrect distance between leftwrist_lefthip
2023-04-09 19:16:19,115 - Logs/video_20220719_093025 - INFO - distance_between_leftwrist_lefthip: 27.294688127912362: (30, 60)
2023-04-09 19:16:19,618 - Logs/video_20220719_093025 - INFO - Incorrect Front Savdhan Position
2023-04-09 19:16:19,619 - Logs/video_20220719_093025 - INFO - Incorrect distance between leftwrist_lefthip
2023-04-09 19:16:19,619 - Logs/video_20220719_093025 - INFO - distance_between_leftwrist_lefthip: 24.08318915758459: (30, 60)
2023-04-09 19:16:20,160 - Logs/video_20220719_093025 - INFO - Incorrect Front Savdhan Position
2023-04-09 19:16:20,160 - Logs/video_20220719_093025 - INFO - Incorrect distance between rightwrist_righthip
2023-04-09 19:16:20,160 - Logs/video_20220719_093025 - INFO - distance_between_rightwrist_righthip: 30.0: (30, 60)
2023-04-09 19:16:20,161 - Logs/video_20220719_093025 - INFO - Incorrect distance between leftwrist_lefthip
2023-04-09 19:16:20,161 - Logs/video_20220719_093025 - INFO - distance_between_leftwrist_lefthip: 26.019223662515376: (30, 60)
2023-04-09 19:16:20,906 - Logs/video_20220719_093025 - INFO - Incorrect Front Savdhan Position
2023-04-09 19:16:20,907 - Logs/video_20220719_093025 - INFO - Incorrect distance between leftwrist_lefthip
2023-04-09 19:16:20,907 - Logs/video_20220719_093025 - INFO - distance_between_leftwrist_lefthip: 25.495097567963924: (30, 60)
2023-04-09 19:16:21,543 - Logs/video_20220719_093025 - INFO - Incorrect Front Savdhan Position
2023-04-09 19:16:21,543 - Logs/video_20220719_093025 - INFO - Incorrect distance between rightwrist_righthip
2023-04-09 19:16:21,543 - Logs/video_20220719_093025 - INFO - distance_between_rightwrist_righthip: 30.0: (30, 60)
2023-04-09 19:16:21,544 - Logs/video_20220719_093025 - INFO - Incorrect distance between leftwrist_lefthip
2023-04-09 19:16:21,544 - Logs/video_20220719_093025 - INFO - distance_between_leftwrist_lefthip: 24.08318915758459: (30, 60)
2023-04-09 19:16:21,942 - Logs/video_20220719_093025 - INFO - Incorrect Front Savdhan Position
2023-04-09 19:16:21,942 - Logs/video_20220719_093025 - INFO - Incorrect distance between leftwrist_lefthip
2023-04-09 19:16:21,942 - Logs/video_20220719_093025 - INFO - distance_between_leftwrist_lefthip: 25.495097567963924: (30, 60)
2023-04-09 19:16:22,345 - Logs/video_20220719_093025 - INFO - Incorrect Front Savdhan Position
2023-04-09 19:16:22,346 - Logs/video_20220719_093025 - INFO - Incorrect distance between leftwrist_lefthip
2023-04-09 19:16:22,346 - Logs/video_20220719_093025 - INFO - distance_between_leftwrist_lefthip: 26.30589287593181: (30, 60)
2023-04-09 19:16:22,742 - Logs/video_20220719_093025 - INFO - Incorrect Front Savdhan Position
2023-04-09 19:16:22,742 - Logs/video_20220719_093025 - INFO - Incorrect distance between leftwrist_lefthip
2023-04-09 19:16:22,742 - Logs/video_20220719_093025 - INFO - distance_between_leftwrist_lefthip: 25.709920264364882: (30, 60)
2023-04-09 19:16:23,143 - Logs/video_20220719_093025 - INFO - Incorrect Front Savdhan Position
2023-04-09 19:16:23,144 - Logs/video_20220719_093025 - INFO - Incorrect distance between rightwrist_righthip
2023-04-09 19:16:23,144 - Logs/video_20220719_093025 - INFO - distance_between_rightwrist_righthip: 29.068883707497267: (30, 60)
2023-04-09 19:16:23,144 - Logs/video_20220719_093025 - INFO - Incorrect distance between leftwrist_lefthip
2023-04-09 19:16:23,144 - Logs/video_20220719_093025 - INFO - distance_between_leftwrist_lefthip: 26.476404589747453: (30, 60)
2023-04-09 19:16:23,541 - Logs/video_20220719_093025 - INFO - Incorrect Front Savdhan Position
2023-04-09 19:16:23,541 - Logs/video_20220719_093025 - INFO - Incorrect distance between leftwrist_lefthip
2023-04-09 19:16:23,541 - Logs/video_20220719_093025 - INFO - distance_between_leftwrist_lefthip: 25.709920264364882: (30, 60)
2023-04-09 19:16:23,937 - Logs/video_20220719_093025 - INFO - Incorrect Front Savdhan Position
2023-04-09 19:16:23,938 - Logs/video_20220719_093025 - INFO - Incorrect distance between leftwrist_lefthip
2023-04-09 19:16:23,938 - Logs/video_20220719_093025 - INFO - distance_between_leftwrist_lefthip: 26.476404589747453: (30, 60)
2023-04-09 19:16:24,349 - Logs/video_20220719_093025 - INFO - Incorrect Front Savdhan Position
2023-04-09 19:16:24,350 - Logs/video_20220719_093025 - INFO - Incorrect distance between leftwrist_lefthip
2023-04-09 19:16:24,350 - Logs/video_20220719_093025 - INFO - distance_between_leftwrist_lefthip: 27.85677655436824: (30, 60)
2023-04-09 19:16:24,761 - Logs/video_20220719_093025 - INFO - Incorrect Front Savdhan Position
2023-04-09 19:16:24,761 - Logs/video_20220719_093025 - INFO - Incorrect distance between leftwrist_lefthip
2023-04-09 19:16:24,762 - Logs/video_20220719_093025 - INFO - distance_between_leftwrist_lefthip: 26.68332812825267: (30, 60)
2023-04-09 19:16:25,156 - Logs/video_20220719_093025 - INFO - Incorrect Front Savdhan Position
2023-04-09 19:16:25,157 - Logs/video_20220719_093025 - INFO - Incorrect distance between leftwrist_lefthip
2023-04-09 19:16:25,157 - Logs/video_20220719_093025 - INFO - distance_between_leftwrist_lefthip: 25.96150997149434: (30, 60)
2023-04-09 19:16:25,551 - Logs/video_20220719_093025 - INFO - Incorrect Front Savdhan Position
2023-04-09 19:16:25,551 - Logs/video_20220719_093025 - INFO - Incorrect distance between leftwrist_lefthip
2023-04-09 19:16:25,551 - Logs/video_20220719_093025 - INFO - distance_between_leftwrist_lefthip: 26.0: (30, 60)
2023-04-09 19:16:25,948 - Logs/video_20220719_093025 - INFO - Incorrect Front Savdhan Position
2023-04-09 19:16:25,948 - Logs/video_20220719_093025 - INFO - Incorrect distance between leftwrist_lefthip
2023-04-09 19:16:25,948 - Logs/video_20220719_093025 - INFO - distance_between_leftwrist_lefthip: 26.30589287593181: (30, 60)
2023-04-09 19:16:26,345 - Logs/video_20220719_093025 - INFO - Incorrect Front Savdhan Position
2023-04-09 19:16:26,346 - Logs/video_20220719_093025 - INFO - Incorrect distance between leftwrist_lefthip
2023-04-09 19:16:26,346 - Logs/video_20220719_093025 - INFO - distance_between_leftwrist_lefthip: 25.019992006393608: (30, 60)
2023-04-09 19:16:26,745 - Logs/video_20220719_093025 - INFO - Incorrect Front Savdhan Position
2023-04-09 19:16:26,746 - Logs/video_20220719_093025 - INFO - Incorrect distance between leftwrist_lefthip
2023-04-09 19:16:26,746 - Logs/video_20220719_093025 - INFO - distance_between_leftwrist_lefthip: 26.476404589747453: (30, 60)
2023-04-09 19:16:27,142 - Logs/video_20220719_093025 - INFO - Incorrect Front Savdhan Position
2023-04-09 19:16:27,142 - Logs/video_20220719_093025 - INFO - Incorrect distance between leftwrist_lefthip
2023-04-09 19:16:27,142 - Logs/video_20220719_093025 - INFO - distance_between_leftwrist_lefthip: 25.179356624028344: (30, 60)
2023-04-09 19:16:27,549 - Logs/video_20220719_093025 - INFO - Incorrect Front Savdhan Position
2023-04-09 19:16:27,549 - Logs/video_20220719_093025 - INFO - Incorrect distance between leftwrist_lefthip
2023-04-09 19:16:27,549 - Logs/video_20220719_093025 - INFO - distance_between_leftwrist_lefthip: 25.317977802344327: (30, 60)
2023-04-09 19:16:27,936 - Logs/video_20220719_093025 - INFO - Incorrect Front Savdhan Position
2023-04-09 19:16:27,937 - Logs/video_20220719_093025 - INFO - Incorrect distance between rightwrist_righthip
2023-04-09 19:16:27,937 - Logs/video_20220719_093025 - INFO - distance_between_rightwrist_righthip: 29.068883707497267: (30, 60)
2023-04-09 19:16:27,937 - Logs/video_20220719_093025 - INFO - Incorrect distance between leftwrist_lefthip
2023-04-09 19:16:27,937 - Logs/video_20220719_093025 - INFO - distance_between_leftwrist_lefthip: 23.021728866442675: (30, 60)
2023-04-09 19:16:28,335 - Logs/video_20220719_093025 - INFO - Incorrect Front Savdhan Position
2023-04-09 19:16:28,335 - Logs/video_20220719_093025 - INFO - Incorrect distance between leftwrist_lefthip
2023-04-09 19:16:28,335 - Logs/video_20220719_093025 - INFO - distance_between_leftwrist_lefthip: 26.92582403567252: (30, 60)
2023-04-09 19:16:28,744 - Logs/video_20220719_093025 - INFO - Incorrect Front Savdhan Position
2023-04-09 19:16:28,744 - Logs/video_20220719_093025 - INFO - Incorrect distance between rightwrist_righthip
2023-04-09 19:16:28,744 - Logs/video_20220719_093025 - INFO - distance_between_rightwrist_righthip: 29.068883707497267: (30, 60)
2023-04-09 19:16:28,744 - Logs/video_20220719_093025 - INFO - Incorrect distance between leftwrist_lefthip
2023-04-09 19:16:28,744 - Logs/video_20220719_093025 - INFO - distance_between_leftwrist_lefthip: 26.0: (30, 60)
2023-04-09 19:16:29,149 - Logs/video_20220719_093025 - INFO - Incorrect Front Savdhan Position
2023-04-09 19:16:29,150 - Logs/video_20220719_093025 - INFO - Incorrect distance between leftwrist_lefthip
2023-04-09 19:16:29,150 - Logs/video_20220719_093025 - INFO - distance_between_leftwrist_lefthip: 26.476404589747453: (30, 60)
2023-04-09 19:16:29,561 - Logs/video_20220719_093025 - INFO - Incorrect Front Savdhan Position
2023-04-09 19:16:29,562 - Logs/video_20220719_093025 - INFO - Incorrect distance between leftwrist_lefthip
2023-04-09 19:16:29,562 - Logs/video_20220719_093025 - INFO - distance_between_leftwrist_lefthip: 26.476404589747453: (30, 60)
2023-04-09 19:16:29,956 - Logs/video_20220719_093025 - INFO - Incorrect Front Savdhan Position
2023-04-09 19:16:29,956 - Logs/video_20220719_093025 - INFO - Incorrect distance between leftwrist_lefthip
2023-04-09 19:16:29,956 - Logs/video_20220719_093025 - INFO - distance_between_leftwrist_lefthip: 27.202941017470888: (30, 60)
2023-04-09 19:16:30,406 - Logs/video_20220719_093025 - INFO - Incorrect Front Savdhan Position
2023-04-09 19:16:30,407 - Logs/video_20220719_093025 - INFO - Incorrect distance between leftwrist_lefthip
2023-04-09 19:16:30,407 - Logs/video_20220719_093025 - INFO - distance_between_leftwrist_lefthip: 25.179356624028344: (30, 60)
2023-04-09 19:16:30,828 - Logs/video_20220719_093025 - INFO - Incorrect Front Savdhan Position
2023-04-09 19:16:30,828 - Logs/video_20220719_093025 - INFO - Incorrect distance between leftwrist_lefthip
2023-04-09 19:16:30,828 - Logs/video_20220719_093025 - INFO - distance_between_leftwrist_lefthip: 25.179356624028344: (30, 60)
2023-04-09 19:16:31,227 - Logs/video_20220719_093025 - INFO - Incorrect Front Savdhan Position
2023-04-09 19:16:31,227 - Logs/video_20220719_093025 - INFO - Incorrect distance between leftwrist_lefthip
2023-04-09 19:16:31,227 - Logs/video_20220719_093025 - INFO - distance_between_leftwrist_lefthip: 24.73863375370596: (30, 60)
2023-04-09 19:16:31,622 - Logs/video_20220719_093025 - INFO - Incorrect Front Savdhan Position
2023-04-09 19:16:31,623 - Logs/video_20220719_093025 - INFO - Incorrect distance between leftwrist_lefthip
2023-04-09 19:16:31,623 - Logs/video_20220719_093025 - INFO - distance_between_leftwrist_lefthip: 24.186773244895647: (30, 60)
2023-04-09 19:16:32,013 - Logs/video_20220719_093025 - INFO - Incorrect Front Savdhan Position
2023-04-09 19:16:32,014 - Logs/video_20220719_093025 - INFO - Incorrect distance between leftwrist_lefthip
2023-04-09 19:16:32,014 - Logs/video_20220719_093025 - INFO - distance_between_leftwrist_lefthip: 26.0: (30, 60)
2023-04-09 19:16:32,405 - Logs/video_20220719_093025 - INFO - Incorrect Front Savdhan Position
2023-04-09 19:16:32,405 - Logs/video_20220719_093025 - INFO - Incorrect distance between leftwrist_lefthip
2023-04-09 19:16:32,405 - Logs/video_20220719_093025 - INFO - distance_between_leftwrist_lefthip: 24.331050121192877: (30, 60)
2023-04-09 19:16:32,802 - Logs/video_20220719_093025 - INFO - Incorrect Front Savdhan Position
2023-04-09 19:16:32,802 - Logs/video_20220719_093025 - INFO - Incorrect distance between leftwrist_lefthip
2023-04-09 19:16:32,802 - Logs/video_20220719_093025 - INFO - distance_between_leftwrist_lefthip: 26.0: (30, 60)
2023-04-09 19:16:33,197 - Logs/video_20220719_093025 - INFO - Incorrect Front Savdhan Position
2023-04-09 19:16:33,197 - Logs/video_20220719_093025 - INFO - Incorrect distance between leftwrist_lefthip
2023-04-09 19:16:33,197 - Logs/video_20220719_093025 - INFO - distance_between_leftwrist_lefthip: 26.076809620810597: (30, 60)
2023-04-09 19:16:33,580 - Logs/video_20220719_093025 - INFO - Incorrect Front Savdhan Position
2023-04-09 19:16:33,580 - Logs/video_20220719_093025 - INFO - Incorrect distance between leftwrist_lefthip
2023-04-09 19:16:33,580 - Logs/video_20220719_093025 - INFO - distance_between_leftwrist_lefthip: 25.019992006393608: (30, 60)
2023-04-09 19:16:33,970 - Logs/video_20220719_093025 - INFO - Incorrect Front Savdhan Position
2023-04-09 19:16:33,971 - Logs/video_20220719_093025 - INFO - Incorrect distance between leftwrist_lefthip
2023-04-09 19:16:33,971 - Logs/video_20220719_093025 - INFO - distance_between_leftwrist_lefthip: 23.08679276123039: (30, 60)
2023-04-09 19:16:34,370 - Logs/video_20220719_093025 - INFO - Incorrect Front Savdhan Position
2023-04-09 19:16:34,371 - Logs/video_20220719_093025 - INFO - Incorrect distance between leftwrist_lefthip
2023-04-09 19:16:34,371 - Logs/video_20220719_093025 - INFO - distance_between_leftwrist_lefthip: 26.019223662515376: (30, 60)
2023-04-09 19:16:34,768 - Logs/video_20220719_093025 - INFO - Incorrect Front Savdhan Position
2023-04-09 19:16:34,768 - Logs/video_20220719_093025 - INFO - Incorrect distance between leftwrist_lefthip
2023-04-09 19:16:34,768 - Logs/video_20220719_093025 - INFO - distance_between_leftwrist_lefthip: 24.515301344262525: (30, 60)
2023-04-09 19:16:35,181 - Logs/video_20220719_093025 - INFO - Incorrect Front Savdhan Position
2023-04-09 19:16:35,181 - Logs/video_20220719_093025 - INFO - Incorrect distance between leftwrist_lefthip
2023-04-09 19:16:35,181 - Logs/video_20220719_093025 - INFO - distance_between_leftwrist_lefthip: 24.08318915758459: (30, 60)
2023-04-09 19:16:35,581 - Logs/video_20220719_093025 - INFO - Incorrect Front Savdhan Position
2023-04-09 19:16:35,582 - Logs/video_20220719_093025 - INFO - Incorrect distance between rightwrist_righthip
2023-04-09 19:16:35,582 - Logs/video_20220719_093025 - INFO - distance_between_rightwrist_righthip: 29.068883707497267: (30, 60)
2023-04-09 19:16:35,582 - Logs/video_20220719_093025 - INFO - Incorrect distance between leftwrist_lefthip
2023-04-09 19:16:35,582 - Logs/video_20220719_093025 - INFO - distance_between_leftwrist_lefthip: 25.019992006393608: (30, 60)
2023-04-09 19:16:36,019 - Logs/video_20220719_093025 - INFO - Incorrect Front Savdhan Position
2023-04-09 19:16:36,019 - Logs/video_20220719_093025 - INFO - Incorrect distance between leftwrist_lefthip
2023-04-09 19:16:36,019 - Logs/video_20220719_093025 - INFO - distance_between_leftwrist_lefthip: 24.331050121192877: (30, 60)
2023-04-09 19:16:36,568 - Logs/video_20220719_093025 - INFO - Incorrect Front Savdhan Position
2023-04-09 19:16:36,569 - Logs/video_20220719_093025 - INFO - Incorrect distance between rightwrist_righthip
2023-04-09 19:16:36,569 - Logs/video_20220719_093025 - INFO - distance_between_rightwrist_righthip: 30.0: (30, 60)
2023-04-09 19:16:36,570 - Logs/video_20220719_093025 - INFO - Incorrect distance between leftwrist_lefthip
2023-04-09 19:16:36,570 - Logs/video_20220719_093025 - INFO - distance_between_leftwrist_lefthip: 25.079872407968907: (30, 60)
2023-04-09 19:16:37,250 - Logs/video_20220719_093025 - INFO - Incorrect Front Savdhan Position
2023-04-09 19:16:37,251 - Logs/video_20220719_093025 - INFO - Incorrect distance between leftwrist_lefthip
2023-04-09 19:16:37,251 - Logs/video_20220719_093025 - INFO - distance_between_leftwrist_lefthip: 25.079872407968907: (30, 60)
2023-04-09 19:16:37,647 - Logs/video_20220719_093025 - INFO - Incorrect Front Savdhan Position
2023-04-09 19:16:37,647 - Logs/video_20220719_093025 - INFO - Incorrect distance between rightwrist_righthip
2023-04-09 19:16:37,647 - Logs/video_20220719_093025 - INFO - distance_between_rightwrist_righthip: 30.0: (30, 60)
2023-04-09 19:16:37,647 - Logs/video_20220719_093025 - INFO - Incorrect distance between leftwrist_lefthip
2023-04-09 19:16:37,647 - Logs/video_20220719_093025 - INFO - distance_between_leftwrist_lefthip: 26.0: (30, 60)
2023-04-09 19:16:38,048 - Logs/video_20220719_093025 - INFO - Incorrect Front Savdhan Position
2023-04-09 19:16:38,048 - Logs/video_20220719_093025 - INFO - Incorrect distance between leftwrist_lefthip
2023-04-09 19:16:38,048 - Logs/video_20220719_093025 - INFO - distance_between_leftwrist_lefthip: 23.769728648009426: (30, 60)
2023-04-09 19:16:38,451 - Logs/video_20220719_093025 - INFO - Incorrect Front Savdhan Position
2023-04-09 19:16:38,451 - Logs/video_20220719_093025 - INFO - Incorrect distance between rightwrist_righthip
2023-04-09 19:16:38,451 - Logs/video_20220719_093025 - INFO - distance_between_rightwrist_righthip: 28.071337695236398: (30, 60)
2023-04-09 19:16:38,451 - Logs/video_20220719_093025 - INFO - Incorrect distance between leftwrist_lefthip
2023-04-09 19:16:38,451 - Logs/video_20220719_093025 - INFO - distance_between_leftwrist_lefthip: 24.186773244895647: (30, 60)
2023-04-09 19:16:38,845 - Logs/video_20220719_093025 - INFO - Incorrect Front Savdhan Position
2023-04-09 19:16:38,845 - Logs/video_20220719_093025 - INFO - Incorrect distance between leftwrist_lefthip
2023-04-09 19:16:38,845 - Logs/video_20220719_093025 - INFO - distance_between_leftwrist_lefthip: 24.73863375370596: (30, 60)
2023-04-09 19:16:39,258 - Logs/video_20220719_093025 - INFO - Incorrect Front Savdhan Position
2023-04-09 19:16:39,258 - Logs/video_20220719_093025 - INFO - Incorrect distance between rightwrist_righthip
2023-04-09 19:16:39,258 - Logs/video_20220719_093025 - INFO - distance_between_rightwrist_righthip: 29.0: (30, 60)
2023-04-09 19:16:39,258 - Logs/video_20220719_093025 - INFO - Incorrect distance between leftwrist_lefthip
2023-04-09 19:16:39,259 - Logs/video_20220719_093025 - INFO - distance_between_leftwrist_lefthip: 24.08318915758459: (30, 60)
2023-04-09 19:16:39,661 - Logs/video_20220719_093025 - INFO - Incorrect Front Savdhan Position
2023-04-09 19:16:39,661 - Logs/video_20220719_093025 - INFO - Incorrect distance between leftwrist_lefthip
2023-04-09 19:16:39,661 - Logs/video_20220719_093025 - INFO - distance_between_leftwrist_lefthip: 24.331050121192877: (30, 60)
2023-04-09 19:16:40,067 - Logs/video_20220719_093025 - INFO - Incorrect Front Savdhan Position
2023-04-09 19:16:40,067 - Logs/video_20220719_093025 - INFO - Incorrect distance between leftwrist_lefthip
2023-04-09 19:16:40,067 - Logs/video_20220719_093025 - INFO - distance_between_leftwrist_lefthip: 24.186773244895647: (30, 60)
2023-04-09 19:16:40,464 - Logs/video_20220719_093025 - INFO - Incorrect Front Savdhan Position
2023-04-09 19:16:40,464 - Logs/video_20220719_093025 - INFO - Incorrect distance between leftwrist_lefthip
2023-04-09 19:16:40,464 - Logs/video_20220719_093025 - INFO - distance_between_leftwrist_lefthip: 24.331050121192877: (30, 60)
2023-04-09 19:16:40,862 - Logs/video_20220719_093025 - INFO - Incorrect Front Savdhan Position
2023-04-09 19:16:40,862 - Logs/video_20220719_093025 - INFO - Incorrect distance between leftwrist_lefthip
2023-04-09 19:16:40,862 - Logs/video_20220719_093025 - INFO - distance_between_leftwrist_lefthip: 29.017236257093817: (30, 60)
2023-04-09 19:16:41,255 - Logs/video_20220719_093025 - INFO - Incorrect Front Savdhan Position
2023-04-09 19:16:41,255 - Logs/video_20220719_093025 - INFO - Incorrect distance between knees
2023-04-09 19:16:41,255 - Logs/video_20220719_093025 - INFO - distance_between_knees: 32.14031735997639: (35, 60)
2023-04-09 19:16:41,255 - Logs/video_20220719_093025 - INFO - Incorrect distance between rightwrist_righthip
2023-04-09 19:16:41,255 - Logs/video_20220719_093025 - INFO - distance_between_rightwrist_righthip: 23.0: (30, 60)
2023-04-09 19:16:41,256 - Logs/video_20220719_093025 - INFO - Incorrect distance between leftwrist_lefthip
2023-04-09 19:16:41,256 - Logs/video_20220719_093025 - INFO - distance_between_leftwrist_lefthip: 93.23089616645332: (30, 60)
2023-04-09 19:16:41,256 - Logs/video_20220719_093025 - INFO - Incorrect angle between ankles
2023-04-09 19:16:41,256 - Logs/video_20220719_093025 - INFO - angle_between_ankle: 66.83100950757576: (80, 120)
2023-04-09 19:16:41,656 - Logs/video_20220719_093025 - INFO - Incorrect Front Savdhan Position
2023-04-09 19:16:41,656 - Logs/video_20220719_093025 - INFO - Incorrect distance between rightwrist_righthip
2023-04-09 19:16:41,656 - Logs/video_20220719_093025 - INFO - distance_between_rightwrist_righthip: 26.076809620810597: (30, 60)
2023-04-09 19:16:41,656 - Logs/video_20220719_093025 - INFO - Incorrect distance between leftwrist_lefthip
2023-04-09 19:16:41,656 - Logs/video_20220719_093025 - INFO - distance_between_leftwrist_lefthip: 174.6339027795004: (30, 60)
2023-04-09 19:16:41,657 - Logs/video_20220719_093025 - INFO - Incorrect angle between ankles
2023-04-09 19:16:41,657 - Logs/video_20220719_093025 - INFO - angle_between_ankle: 74.35775354279127: (80, 120)
2023-04-09 19:16:42,051 - Logs/video_20220719_093025 - INFO - Incorrect Front Savdhan Position
2023-04-09 19:16:42,052 - Logs/video_20220719_093025 - INFO - Incorrect distance between rightwrist_righthip
2023-04-09 19:16:42,052 - Logs/video_20220719_093025 - INFO - distance_between_rightwrist_righthip: 24.331050121192877: (30, 60)
2023-04-09 19:16:42,052 - Logs/video_20220719_093025 - INFO - Incorrect distance between leftwrist_lefthip
2023-04-09 19:16:42,052 - Logs/video_20220719_093025 - INFO - distance_between_leftwrist_lefthip: 164.75436261295178: (30, 60)
2023-04-09 19:16:42,053 - Logs/video_20220719_093025 - INFO - Incorrect angle between ankles
2023-04-09 19:16:42,053 - Logs/video_20220719_093025 - INFO - angle_between_ankle: 72.42667972805242: (80, 120)
2023-04-09 19:16:42,437 - Logs/video_20220719_093025 - INFO - Incorrect Front Savdhan Position
2023-04-09 19:16:42,438 - Logs/video_20220719_093025 - INFO - Incorrect distance between rightwrist_righthip
2023-04-09 19:16:42,438 - Logs/video_20220719_093025 - INFO - distance_between_rightwrist_righthip: 25.317977802344327: (30, 60)
2023-04-09 19:16:42,438 - Logs/video_20220719_093025 - INFO - Incorrect distance between leftwrist_lefthip
2023-04-09 19:16:42,438 - Logs/video_20220719_093025 - INFO - distance_between_leftwrist_lefthip: 163.41664541900252: (30, 60)
2023-04-09 19:16:42,438 - Logs/video_20220719_093025 - INFO - Incorrect angle between ankles
2023-04-09 19:16:42,438 - Logs/video_20220719_093025 - INFO - angle_between_ankle: 73.3804963979935: (80, 120)
2023-04-09 19:16:42,837 - Logs/video_20220719_093025 - INFO - Incorrect Front Savdhan Position
2023-04-09 19:16:42,838 - Logs/video_20220719_093025 - INFO - Incorrect distance between rightwrist_righthip
2023-04-09 19:16:42,838 - Logs/video_20220719_093025 - INFO - distance_between_rightwrist_righthip: 25.317977802344327: (30, 60)
2023-04-09 19:16:42,838 - Logs/video_20220719_093025 - INFO - Incorrect distance between leftwrist_lefthip
2023-04-09 19:16:42,838 - Logs/video_20220719_093025 - INFO - distance_between_leftwrist_lefthip: 162.78820596099706: (30, 60)
2023-04-09 19:16:42,838 - Logs/video_20220719_093025 - INFO - Incorrect angle between ankles
2023-04-09 19:16:42,838 - Logs/video_20220719_093025 - INFO - angle_between_ankle: 69.03034347809061: (80, 120)
2023-04-09 19:16:43,236 - Logs/video_20220719_093025 - INFO - Incorrect Front Savdhan Position
2023-04-09 19:16:43,237 - Logs/video_20220719_093025 - INFO - Incorrect distance between rightwrist_righthip
2023-04-09 19:16:43,237 - Logs/video_20220719_093025 - INFO - distance_between_rightwrist_righthip: 23.53720459187964: (30, 60)
2023-04-09 19:16:43,237 - Logs/video_20220719_093025 - INFO - Incorrect distance between leftwrist_lefthip
2023-04-09 19:16:43,237 - Logs/video_20220719_093025 - INFO - distance_between_leftwrist_lefthip: 163.59095329510126: (30, 60)
2023-04-09 19:16:43,237 - Logs/video_20220719_093025 - INFO - Incorrect angle between ankles
2023-04-09 19:16:43,237 - Logs/video_20220719_093025 - INFO - angle_between_ankle: 66.15318202476095: (80, 120)
2023-04-09 19:16:43,620 - Logs/video_20220719_093025 - INFO - Incorrect Front Savdhan Position
2023-04-09 19:16:43,620 - Logs/video_20220719_093025 - INFO - Incorrect distance between rightwrist_righthip
2023-04-09 19:16:43,620 - Logs/video_20220719_093025 - INFO - distance_between_rightwrist_righthip: 24.331050121192877: (30, 60)
2023-04-09 19:16:43,620 - Logs/video_20220719_093025 - INFO - Incorrect distance between leftwrist_lefthip
2023-04-09 19:16:43,620 - Logs/video_20220719_093025 - INFO - distance_between_leftwrist_lefthip: 161.62301816263673: (30, 60)
2023-04-09 19:16:43,620 - Logs/video_20220719_093025 - INFO - Incorrect angle between ankles
2023-04-09 19:16:43,621 - Logs/video_20220719_093025 - INFO - angle_between_ankle: 74.82071947834874: (80, 120)
2023-04-09 19:16:44,019 - Logs/video_20220719_093025 - INFO - Incorrect Front Savdhan Position
2023-04-09 19:16:44,019 - Logs/video_20220719_093025 - INFO - Incorrect distance between knees
2023-04-09 19:16:44,020 - Logs/video_20220719_093025 - INFO - distance_between_knees: 33.734255586866: (35, 60)
2023-04-09 19:16:44,020 - Logs/video_20220719_093025 - INFO - Incorrect distance between rightwrist_righthip
2023-04-09 19:16:44,020 - Logs/video_20220719_093025 - INFO - distance_between_rightwrist_righthip: 23.53720459187964: (30, 60)
2023-04-09 19:16:44,020 - Logs/video_20220719_093025 - INFO - Incorrect distance between leftwrist_lefthip
2023-04-09 19:16:44,020 - Logs/video_20220719_093025 - INFO - distance_between_leftwrist_lefthip: 159.24823389915505: (30, 60)
2023-04-09 19:16:44,020 - Logs/video_20220719_093025 - INFO - Incorrect angle between ankles
2023-04-09 19:16:44,020 - Logs/video_20220719_093025 - INFO - angle_between_ankle: 63.0152639668521: (80, 120)
2023-04-09 19:16:44,443 - Logs/video_20220719_093025 - INFO - Incorrect Front Savdhan Position
2023-04-09 19:16:44,443 - Logs/video_20220719_093025 - INFO - Incorrect distance between knees
2023-04-09 19:16:44,443 - Logs/video_20220719_093025 - INFO - distance_between_knees: 34.23448553724738: (35, 60)
2023-04-09 19:16:44,443 - Logs/video_20220719_093025 - INFO - Incorrect distance between rightwrist_righthip
2023-04-09 19:16:44,443 - Logs/video_20220719_093025 - INFO - distance_between_rightwrist_righthip: 20.223748416156685: (30, 60)
2023-04-09 19:16:44,444 - Logs/video_20220719_093025 - INFO - Incorrect distance between leftwrist_lefthip
2023-04-09 19:16:44,444 - Logs/video_20220719_093025 - INFO - distance_between_leftwrist_lefthip: 163.36768346279504: (30, 60)
2023-04-09 19:16:44,444 - Logs/video_20220719_093025 - INFO - Incorrect angle between ankles
2023-04-09 19:16:44,444 - Logs/video_20220719_093025 - INFO - angle_between_ankle: 64.70902712187268: (80, 120)
2023-04-09 19:16:44,912 - Logs/video_20220719_093025 - INFO - Incorrect Front Savdhan Position
2023-04-09 19:16:44,912 - Logs/video_20220719_093025 - INFO - Incorrect distance between knees
2023-04-09 19:16:44,912 - Logs/video_20220719_093025 - INFO - distance_between_knees: 34.48187929913333: (35, 60)
2023-04-09 19:16:44,912 - Logs/video_20220719_093025 - INFO - Incorrect distance between rightwrist_righthip
2023-04-09 19:16:44,913 - Logs/video_20220719_093025 - INFO - distance_between_rightwrist_righthip: 21.0: (30, 60)
2023-04-09 19:16:44,913 - Logs/video_20220719_093025 - INFO - Incorrect distance between leftwrist_lefthip
2023-04-09 19:16:44,913 - Logs/video_20220719_093025 - INFO - distance_between_leftwrist_lefthip: 159.45218719101973: (30, 60)
2023-04-09 19:16:44,913 - Logs/video_20220719_093025 - INFO - Incorrect angle between ankles
2023-04-09 19:16:44,913 - Logs/video_20220719_093025 - INFO - angle_between_ankle: 69.1960376402209: (80, 120)
2023-04-09 19:16:45,597 - Logs/video_20220719_093025 - INFO - Incorrect Front Savdhan Position
2023-04-09 19:16:45,598 - Logs/video_20220719_093025 - INFO - Incorrect distance between knees
2023-04-09 19:16:45,598 - Logs/video_20220719_093025 - INFO - distance_between_knees: 34.52535300326414: (35, 60)
2023-04-09 19:16:45,598 - Logs/video_20220719_093025 - INFO - Incorrect distance between rightwrist_righthip
2023-04-09 19:16:45,598 - Logs/video_20220719_093025 - INFO - distance_between_rightwrist_righthip: 21.840329667841555: (30, 60)
2023-04-09 19:16:45,598 - Logs/video_20220719_093025 - INFO - Incorrect distance between leftwrist_lefthip
2023-04-09 19:16:45,598 - Logs/video_20220719_093025 - INFO - distance_between_leftwrist_lefthip: 159.1257364476281: (30, 60)
2023-04-09 19:16:45,599 - Logs/video_20220719_093025 - INFO - Incorrect angle between ankles
2023-04-09 19:16:45,599 - Logs/video_20220719_093025 - INFO - angle_between_ankle: 65.37643521383639: (80, 120)
2023-04-09 19:16:45,989 - Logs/video_20220719_093025 - INFO - Incorrect Front Savdhan Position
2023-04-09 19:16:45,990 - Logs/video_20220719_093025 - INFO - Incorrect distance between rightwrist_righthip
2023-04-09 19:16:45,990 - Logs/video_20220719_093025 - INFO - distance_between_rightwrist_righthip: 23.021728866442675: (30, 60)
2023-04-09 19:16:45,990 - Logs/video_20220719_093025 - INFO - Incorrect distance between leftwrist_lefthip
2023-04-09 19:16:45,990 - Logs/video_20220719_093025 - INFO - distance_between_leftwrist_lefthip: 163.77118183612157: (30, 60)
2023-04-09 19:16:45,990 - Logs/video_20220719_093025 - INFO - Incorrect angle between ankles
2023-04-09 19:16:45,990 - Logs/video_20220719_093025 - INFO - angle_between_ankle: 71.11805324668914: (80, 120)
2023-04-09 19:16:46,376 - Logs/video_20220719_093025 - INFO - Incorrect Front Savdhan Position
2023-04-09 19:16:46,376 - Logs/video_20220719_093025 - INFO - Incorrect distance between knees
2023-04-09 19:16:46,376 - Logs/video_20220719_093025 - INFO - distance_between_knees: 32.7566787083184: (35, 60)
2023-04-09 19:16:46,376 - Logs/video_20220719_093025 - INFO - Incorrect distance between rightwrist_righthip
2023-04-09 19:16:46,377 - Logs/video_20220719_093025 - INFO - distance_between_rightwrist_righthip: 22.0: (30, 60)
2023-04-09 19:16:46,377 - Logs/video_20220719_093025 - INFO - Incorrect distance between leftwrist_lefthip
2023-04-09 19:16:46,377 - Logs/video_20220719_093025 - INFO - distance_between_leftwrist_lefthip: 159.66214329013624: (30, 60)
2023-04-09 19:16:46,377 - Logs/video_20220719_093025 - INFO - Incorrect angle between ankles
2023-04-09 19:16:46,377 - Logs/video_20220719_093025 - INFO - angle_between_ankle: 70.20991988605586: (80, 120)
2023-04-09 19:16:46,764 - Logs/video_20220719_093025 - INFO - Incorrect Front Savdhan Position
2023-04-09 19:16:46,764 - Logs/video_20220719_093025 - INFO - Incorrect distance between rightwrist_righthip
2023-04-09 19:16:46,764 - Logs/video_20220719_093025 - INFO - distance_between_rightwrist_righthip: 24.020824298928627: (30, 60)
2023-04-09 19:16:46,765 - Logs/video_20220719_093025 - INFO - Incorrect distance between leftwrist_lefthip
2023-04-09 19:16:46,765 - Logs/video_20220719_093025 - INFO - distance_between_leftwrist_lefthip: 165.13025161974412: (30, 60)
2023-04-09 19:16:46,765 - Logs/video_20220719_093025 - INFO - Incorrect angle between ankles
2023-04-09 19:16:46,765 - Logs/video_20220719_093025 - INFO - angle_between_ankle: 72.29957221133282: (80, 120)
2023-04-09 19:16:47,164 - Logs/video_20220719_093025 - INFO - Incorrect Front Savdhan Position
2023-04-09 19:16:47,164 - Logs/video_20220719_093025 - INFO - Incorrect distance between rightwrist_righthip
2023-04-09 19:16:47,164 - Logs/video_20220719_093025 - INFO - distance_between_rightwrist_righthip: 24.020824298928627: (30, 60)
2023-04-09 19:16:47,164 - Logs/video_20220719_093025 - INFO - Incorrect distance between leftwrist_lefthip
2023-04-09 19:16:47,165 - Logs/video_20220719_093025 - INFO - distance_between_leftwrist_lefthip: 163.5726138447387: (30, 60)
2023-04-09 19:16:47,165 - Logs/video_20220719_093025 - INFO - Incorrect angle between ankles
2023-04-09 19:16:47,165 - Logs/video_20220719_093025 - INFO - angle_between_ankle: 74.13629954682116: (80, 120)
2023-04-09 19:16:47,544 - Logs/video_20220719_093025 - INFO - Incorrect Front Savdhan Position
2023-04-09 19:16:47,544 - Logs/video_20220719_093025 - INFO - Incorrect distance between rightwrist_righthip
2023-04-09 19:16:47,544 - Logs/video_20220719_093025 - INFO - distance_between_rightwrist_righthip: 25.317977802344327: (30, 60)
2023-04-09 19:16:47,544 - Logs/video_20220719_093025 - INFO - Incorrect distance between leftwrist_lefthip
2023-04-09 19:16:47,544 - Logs/video_20220719_093025 - INFO - distance_between_leftwrist_lefthip: 162.18816233005415: (30, 60)
2023-04-09 19:16:47,545 - Logs/video_20220719_093025 - INFO - Incorrect angle between ankles
2023-04-09 19:16:47,545 - Logs/video_20220719_093025 - INFO - angle_between_ankle: 74.42066860799427: (80, 120)
2023-04-09 19:16:47,922 - Logs/video_20220719_093025 - INFO - Incorrect Front Savdhan Position
2023-04-09 19:16:47,922 - Logs/video_20220719_093025 - INFO - Incorrect distance between rightwrist_righthip
2023-04-09 19:16:47,922 - Logs/video_20220719_093025 - INFO - distance_between_rightwrist_righthip: 25.179356624028344: (30, 60)
2023-04-09 19:16:47,923 - Logs/video_20220719_093025 - INFO - Incorrect distance between leftwrist_lefthip
2023-04-09 19:16:47,923 - Logs/video_20220719_093025 - INFO - distance_between_leftwrist_lefthip: 159.66214329013624: (30, 60)
2023-04-09 19:16:47,923 - Logs/video_20220719_093025 - INFO - Incorrect angle between ankles
2023-04-09 19:16:47,923 - Logs/video_20220719_093025 - INFO - angle_between_ankle: 65.62198509156376: (80, 120)
2023-04-09 19:16:48,352 - Logs/video_20220719_093025 - INFO - Incorrect Front Savdhan Position
2023-04-09 19:16:48,353 - Logs/video_20220719_093025 - INFO - Incorrect distance between rightwrist_righthip
2023-04-09 19:16:48,353 - Logs/video_20220719_093025 - INFO - distance_between_rightwrist_righthip: 24.08318915758459: (30, 60)
2023-04-09 19:16:48,353 - Logs/video_20220719_093025 - INFO - Incorrect distance between leftwrist_lefthip
2023-04-09 19:16:48,353 - Logs/video_20220719_093025 - INFO - distance_between_leftwrist_lefthip: 162.3884232326923: (30, 60)
2023-04-09 19:16:48,353 - Logs/video_20220719_093025 - INFO - Incorrect angle between ankles
2023-04-09 19:16:48,353 - Logs/video_20220719_093025 - INFO - angle_between_ankle: 72.81041544384634: (80, 120)
2023-04-09 19:16:48,768 - Logs/video_20220719_093025 - INFO - Incorrect Front Savdhan Position
2023-04-09 19:16:48,769 - Logs/video_20220719_093025 - INFO - Incorrect distance between rightwrist_righthip
2023-04-09 19:16:48,769 - Logs/video_20220719_093025 - INFO - distance_between_rightwrist_righthip: 24.186773244895647: (30, 60)
2023-04-09 19:16:48,769 - Logs/video_20220719_093025 - INFO - Incorrect distance between leftwrist_lefthip
2023-04-09 19:16:48,769 - Logs/video_20220719_093025 - INFO - distance_between_leftwrist_lefthip: 164.34719346554112: (30, 60)
2023-04-09 19:16:48,770 - Logs/video_20220719_093025 - INFO - Incorrect angle between ankles
2023-04-09 19:16:48,770 - Logs/video_20220719_093025 - INFO - angle_between_ankle: 62.94606193632469: (80, 120)
2023-04-09 19:16:49,147 - Logs/video_20220719_093025 - INFO - Incorrect Front Savdhan Position
2023-04-09 19:16:49,147 - Logs/video_20220719_093025 - INFO - Incorrect distance between rightwrist_righthip
2023-04-09 19:16:49,147 - Logs/video_20220719_093025 - INFO - distance_between_rightwrist_righthip: 25.317977802344327: (30, 60)
2023-04-09 19:16:49,148 - Logs/video_20220719_093025 - INFO - Incorrect distance between leftwrist_lefthip
2023-04-09 19:16:49,148 - Logs/video_20220719_093025 - INFO - distance_between_leftwrist_lefthip: 161.4094173212951: (30, 60)
2023-04-09 19:16:49,148 - Logs/video_20220719_093025 - INFO - Incorrect angle between ankles
2023-04-09 19:16:49,148 - Logs/video_20220719_093025 - INFO - angle_between_ankle: 65.89339424447859: (80, 120)
2023-04-09 19:16:49,522 - Logs/video_20220719_093025 - INFO - Incorrect Front Savdhan Position
2023-04-09 19:16:49,523 - Logs/video_20220719_093025 - INFO - Incorrect distance between rightwrist_righthip
2023-04-09 19:16:49,523 - Logs/video_20220719_093025 - INFO - distance_between_rightwrist_righthip: 24.020824298928627: (30, 60)
2023-04-09 19:16:49,523 - Logs/video_20220719_093025 - INFO - Incorrect distance between leftwrist_lefthip
2023-04-09 19:16:49,523 - Logs/video_20220719_093025 - INFO - distance_between_leftwrist_lefthip: 161.83015788165073: (30, 60)
2023-04-09 19:16:49,523 - Logs/video_20220719_093025 - INFO - Incorrect angle between ankles
2023-04-09 19:16:49,523 - Logs/video_20220719_093025 - INFO - angle_between_ankle: 72.56883298995523: (80, 120)
2023-04-09 19:16:49,905 - Logs/video_20220719_093025 - INFO - Incorrect Front Savdhan Position
2023-04-09 19:16:49,906 - Logs/video_20220719_093025 - INFO - Incorrect distance between rightwrist_righthip
2023-04-09 19:16:49,906 - Logs/video_20220719_093025 - INFO - distance_between_rightwrist_righthip: 25.495097567963924: (30, 60)
2023-04-09 19:16:49,906 - Logs/video_20220719_093025 - INFO - Incorrect distance between leftwrist_lefthip
2023-04-09 19:16:49,906 - Logs/video_20220719_093025 - INFO - distance_between_leftwrist_lefthip: 161.4094173212951: (30, 60)
2023-04-09 19:16:49,906 - Logs/video_20220719_093025 - INFO - Incorrect angle between ankles
2023-04-09 19:16:49,906 - Logs/video_20220719_093025 - INFO - angle_between_ankle: 72.69816861567807: (80, 120)
2023-04-09 19:16:50,287 - Logs/video_20220719_093025 - INFO - Incorrect Front Savdhan Position
2023-04-09 19:16:50,287 - Logs/video_20220719_093025 - INFO - Incorrect distance between rightwrist_righthip
2023-04-09 19:16:50,287 - Logs/video_20220719_093025 - INFO - distance_between_rightwrist_righthip: 24.331050121192877: (30, 60)
2023-04-09 19:16:50,288 - Logs/video_20220719_093025 - INFO - Incorrect distance between leftwrist_lefthip
2023-04-09 19:16:50,288 - Logs/video_20220719_093025 - INFO - distance_between_leftwrist_lefthip: 161.6168308066954: (30, 60)
2023-04-09 19:16:50,288 - Logs/video_20220719_093025 - INFO - Incorrect angle between ankles
2023-04-09 19:16:50,288 - Logs/video_20220719_093025 - INFO - angle_between_ankle: 71.25024236968889: (80, 120)
2023-04-09 19:16:50,673 - Logs/video_20220719_093025 - INFO - Incorrect Front Savdhan Position
2023-04-09 19:16:50,673 - Logs/video_20220719_093025 - INFO - Incorrect distance between rightwrist_righthip
2023-04-09 19:16:50,673 - Logs/video_20220719_093025 - INFO - distance_between_rightwrist_righthip: 24.08318915758459: (30, 60)
2023-04-09 19:16:50,674 - Logs/video_20220719_093025 - INFO - Incorrect distance between leftwrist_lefthip
2023-04-09 19:16:50,674 - Logs/video_20220719_093025 - INFO - distance_between_leftwrist_lefthip: 161.83015788165073: (30, 60)
2023-04-09 19:16:50,674 - Logs/video_20220719_093025 - INFO - Incorrect angle between ankles
2023-04-09 19:16:50,674 - Logs/video_20220719_093025 - INFO - angle_between_ankle: 68.8209483052073: (80, 120)
2023-04-09 19:16:51,061 - Logs/video_20220719_093025 - INFO - Incorrect Front Savdhan Position
2023-04-09 19:16:51,061 - Logs/video_20220719_093025 - INFO - Incorrect distance between rightwrist_righthip
2023-04-09 19:16:51,061 - Logs/video_20220719_093025 - INFO - distance_between_rightwrist_righthip: 24.0: (30, 60)
2023-04-09 19:16:51,061 - Logs/video_20220719_093025 - INFO - Incorrect distance between leftwrist_lefthip
2023-04-09 19:16:51,061 - Logs/video_20220719_093025 - INFO - distance_between_leftwrist_lefthip: 163.5726138447387: (30, 60)
2023-04-09 19:16:51,062 - Logs/video_20220719_093025 - INFO - Incorrect angle between ankles
2023-04-09 19:16:51,062 - Logs/video_20220719_093025 - INFO - angle_between_ankle: 70.8518625420604: (80, 120)
2023-04-09 19:16:51,445 - Logs/video_20220719_093025 - INFO - Incorrect Front Savdhan Position
2023-04-09 19:16:51,445 - Logs/video_20220719_093025 - INFO - Incorrect distance between rightwrist_righthip
2023-04-09 19:16:51,445 - Logs/video_20220719_093025 - INFO - distance_between_rightwrist_righthip: 24.020824298928627: (30, 60)
2023-04-09 19:16:51,445 - Logs/video_20220719_093025 - INFO - Incorrect distance between leftwrist_lefthip
2023-04-09 19:16:51,445 - Logs/video_20220719_093025 - INFO - distance_between_leftwrist_lefthip: 162.5945878558078: (30, 60)
2023-04-09 19:16:51,446 - Logs/video_20220719_093025 - INFO - Incorrect angle between ankles
2023-04-09 19:16:51,446 - Logs/video_20220719_093025 - INFO - angle_between_ankle: 75.96375653207352: (80, 120)
2023-04-09 19:16:51,823 - Logs/video_20220719_093025 - INFO - Incorrect Front Savdhan Position
2023-04-09 19:16:51,824 - Logs/video_20220719_093025 - INFO - Incorrect distance between rightwrist_righthip
2023-04-09 19:16:51,824 - Logs/video_20220719_093025 - INFO - distance_between_rightwrist_righthip: 22.02271554554524: (30, 60)
2023-04-09 19:16:51,824 - Logs/video_20220719_093025 - INFO - Incorrect distance between leftwrist_lefthip
2023-04-09 19:16:51,824 - Logs/video_20220719_093025 - INFO - distance_between_leftwrist_lefthip: 162.5945878558078: (30, 60)
2023-04-09 19:16:51,824 - Logs/video_20220719_093025 - INFO - Incorrect angle between ankles
2023-04-09 19:16:51,824 - Logs/video_20220719_093025 - INFO - angle_between_ankle: 73.07248693585296: (80, 120)
2023-04-09 19:16:52,217 - Logs/video_20220719_093025 - INFO - Incorrect Front Savdhan Position
2023-04-09 19:16:52,218 - Logs/video_20220719_093025 - INFO - Incorrect distance between rightwrist_righthip
2023-04-09 19:16:52,218 - Logs/video_20220719_093025 - INFO - distance_between_rightwrist_righthip: 24.331050121192877: (30, 60)
2023-04-09 19:16:52,218 - Logs/video_20220719_093025 - INFO - Incorrect distance between leftwrist_lefthip
2023-04-09 19:16:52,218 - Logs/video_20220719_093025 - INFO - distance_between_leftwrist_lefthip: 162.04937519163718: (30, 60)
2023-04-09 19:16:52,218 - Logs/video_20220719_093025 - INFO - Incorrect angle between ankles
2023-04-09 19:16:52,218 - Logs/video_20220719_093025 - INFO - angle_between_ankle: 74.5387822595581: (80, 120)
2023-04-09 19:16:52,604 - Logs/video_20220719_093025 - INFO - Incorrect Front Savdhan Position
2023-04-09 19:16:52,605 - Logs/video_20220719_093025 - INFO - Incorrect distance between rightwrist_righthip
2023-04-09 19:16:52,605 - Logs/video_20220719_093025 - INFO - distance_between_rightwrist_righthip: 23.769728648009426: (30, 60)
2023-04-09 19:16:52,605 - Logs/video_20220719_093025 - INFO - Incorrect distance between leftwrist_lefthip
2023-04-09 19:16:52,605 - Logs/video_20220719_093025 - INFO - distance_between_leftwrist_lefthip: 160.85397104206038: (30, 60)
2023-04-09 19:16:52,605 - Logs/video_20220719_093025 - INFO - Incorrect angle between ankles
2023-04-09 19:16:52,605 - Logs/video_20220719_093025 - INFO - angle_between_ankle: 73.92642583525361: (80, 120)
2023-04-09 19:16:52,998 - Logs/video_20220719_093025 - INFO - Incorrect Front Savdhan Position
2023-04-09 19:16:52,999 - Logs/video_20220719_093025 - INFO - Incorrect distance between rightwrist_righthip
2023-04-09 19:16:52,999 - Logs/video_20220719_093025 - INFO - distance_between_rightwrist_righthip: 23.53720459187964: (30, 60)
2023-04-09 19:16:52,999 - Logs/video_20220719_093025 - INFO - Incorrect distance between leftwrist_lefthip
2023-04-09 19:16:52,999 - Logs/video_20220719_093025 - INFO - distance_between_leftwrist_lefthip: 161.83015788165073: (30, 60)
2023-04-09 19:16:52,999 - Logs/video_20220719_093025 - INFO - Incorrect angle between ankles
2023-04-09 19:16:52,999 - Logs/video_20220719_093025 - INFO - angle_between_ankle: 72.5775920886987: (80, 120)
2023-04-09 19:16:53,421 - Logs/video_20220719_093025 - INFO - Incorrect Front Savdhan Position
2023-04-09 19:16:53,422 - Logs/video_20220719_093025 - INFO - Incorrect distance between rightwrist_righthip
2023-04-09 19:16:53,422 - Logs/video_20220719_093025 - INFO - distance_between_rightwrist_righthip: 24.08318915758459: (30, 60)
2023-04-09 19:16:53,422 - Logs/video_20220719_093025 - INFO - Incorrect distance between leftwrist_lefthip
2023-04-09 19:16:53,422 - Logs/video_20220719_093025 - INFO - distance_between_leftwrist_lefthip: 164.55090397806995: (30, 60)
2023-04-09 19:16:53,422 - Logs/video_20220719_093025 - INFO - Incorrect angle between ankles
2023-04-09 19:16:53,422 - Logs/video_20220719_093025 - INFO - angle_between_ankle: 70.93406589959291: (80, 120)
2023-04-09 19:16:53,829 - Logs/video_20220719_093025 - INFO - Incorrect Front Savdhan Position
2023-04-09 19:16:53,829 - Logs/video_20220719_093025 - INFO - Incorrect distance between rightwrist_righthip
2023-04-09 19:16:53,829 - Logs/video_20220719_093025 - INFO - distance_between_rightwrist_righthip: 24.08318915758459: (30, 60)
2023-04-09 19:16:53,829 - Logs/video_20220719_093025 - INFO - Incorrect distance between leftwrist_lefthip
2023-04-09 19:16:53,829 - Logs/video_20220719_093025 - INFO - distance_between_leftwrist_lefthip: 162.5945878558078: (30, 60)
2023-04-09 19:16:53,830 - Logs/video_20220719_093025 - INFO - Incorrect angle between ankles
2023-04-09 19:16:53,830 - Logs/video_20220719_093025 - INFO - angle_between_ankle: 71.56505117707799: (80, 120)
2023-04-09 19:16:54,220 - Logs/video_20220719_093025 - INFO - Incorrect Front Savdhan Position
2023-04-09 19:16:54,221 - Logs/video_20220719_093025 - INFO - Incorrect distance between rightwrist_righthip
2023-04-09 19:16:54,221 - Logs/video_20220719_093025 - INFO - distance_between_rightwrist_righthip: 25.495097567963924: (30, 60)
2023-04-09 19:16:54,221 - Logs/video_20220719_093025 - INFO - Incorrect distance between leftwrist_lefthip
2023-04-09 19:16:54,221 - Logs/video_20220719_093025 - INFO - distance_between_leftwrist_lefthip: 161.4094173212951: (30, 60)
2023-04-09 19:16:54,221 - Logs/video_20220719_093025 - INFO - Incorrect angle between ankles
2023-04-09 19:16:54,221 - Logs/video_20220719_093025 - INFO - angle_between_ankle: 70.8209919741893: (80, 120)
2023-04-09 19:16:54,601 - Logs/video_20220719_093025 - INFO - Incorrect Front Savdhan Position
2023-04-09 19:16:54,601 - Logs/video_20220719_093025 - INFO - Incorrect distance between rightwrist_righthip
2023-04-09 19:16:54,602 - Logs/video_20220719_093025 - INFO - distance_between_rightwrist_righthip: 24.0: (30, 60)
2023-04-09 19:16:54,602 - Logs/video_20220719_093025 - INFO - Incorrect distance between leftwrist_lefthip
2023-04-09 19:16:54,602 - Logs/video_20220719_093025 - INFO - distance_between_leftwrist_lefthip: 160.63934760823702: (30, 60)
2023-04-09 19:16:54,602 - Logs/video_20220719_093025 - INFO - Incorrect angle between ankles
2023-04-09 19:16:54,602 - Logs/video_20220719_093025 - INFO - angle_between_ankle: 68.44292071496228: (80, 120)
2023-04-09 19:16:54,993 - Logs/video_20220719_093025 - INFO - Incorrect Front Savdhan Position
2023-04-09 19:16:54,994 - Logs/video_20220719_093025 - INFO - Incorrect distance between rightwrist_righthip
2023-04-09 19:16:54,994 - Logs/video_20220719_093025 - INFO - distance_between_rightwrist_righthip: 24.0: (30, 60)
2023-04-09 19:16:54,994 - Logs/video_20220719_093025 - INFO - Incorrect distance between leftwrist_lefthip
2023-04-09 19:16:54,994 - Logs/video_20220719_093025 - INFO - distance_between_leftwrist_lefthip: 162.8066337714775: (30, 60)
2023-04-09 19:16:54,994 - Logs/video_20220719_093025 - INFO - Incorrect angle between ankles
2023-04-09 19:16:54,994 - Logs/video_20220719_093025 - INFO - angle_between_ankle: 71.6186988950266: (80, 120)
2023-04-09 19:16:55,379 - Logs/video_20220719_093025 - INFO - Incorrect Front Savdhan Position
2023-04-09 19:16:55,379 - Logs/video_20220719_093025 - INFO - Incorrect distance between rightwrist_righthip
2023-04-09 19:16:55,379 - Logs/video_20220719_093025 - INFO - distance_between_rightwrist_righthip: 24.186773244895647: (30, 60)
2023-04-09 19:16:55,380 - Logs/video_20220719_093025 - INFO - Incorrect distance between leftwrist_lefthip
2023-04-09 19:16:55,380 - Logs/video_20220719_093025 - INFO - distance_between_leftwrist_lefthip: 161.83015788165073: (30, 60)
2023-04-09 19:16:55,380 - Logs/video_20220719_093025 - INFO - Incorrect angle between ankles
2023-04-09 19:16:55,380 - Logs/video_20220719_093025 - INFO - angle_between_ankle: 74.35775354279127: (80, 120)
2023-04-09 19:16:55,765 - Logs/video_20220719_093025 - INFO - Incorrect Front Savdhan Position
2023-04-09 19:16:55,765 - Logs/video_20220719_093025 - INFO - Incorrect distance between rightwrist_righthip
2023-04-09 19:16:55,765 - Logs/video_20220719_093025 - INFO - distance_between_rightwrist_righthip: 25.317977802344327: (30, 60)
2023-04-09 19:16:55,766 - Logs/video_20220719_093025 - INFO - Incorrect distance between leftwrist_lefthip
2023-04-09 19:16:55,766 - Logs/video_20220719_093025 - INFO - distance_between_leftwrist_lefthip: 165.5294535724685: (30, 60)
2023-04-09 19:16:55,766 - Logs/video_20220719_093025 - INFO - Incorrect angle between ankles
2023-04-09 19:16:55,766 - Logs/video_20220719_093025 - INFO - angle_between_ankle: 73.30465821658699: (80, 120)
2023-04-09 19:16:56,144 - Logs/video_20220719_093025 - INFO - Incorrect Front Savdhan Position
2023-04-09 19:16:56,144 - Logs/video_20220719_093025 - INFO - Incorrect distance between rightwrist_righthip
2023-04-09 19:16:56,144 - Logs/video_20220719_093025 - INFO - distance_between_rightwrist_righthip: 24.331050121192877: (30, 60)
2023-04-09 19:16:56,145 - Logs/video_20220719_093025 - INFO - Incorrect distance between leftwrist_lefthip
2023-04-09 19:16:56,145 - Logs/video_20220719_093025 - INFO - distance_between_leftwrist_lefthip: 162.8066337714775: (30, 60)
2023-04-09 19:16:56,145 - Logs/video_20220719_093025 - INFO - Incorrect angle between ankles
2023-04-09 19:16:56,145 - Logs/video_20220719_093025 - INFO - angle_between_ankle: 70.5599651718238: (80, 120)
2023-04-09 19:16:56,536 - Logs/video_20220719_093025 - INFO - Incorrect Front Savdhan Position
2023-04-09 19:16:56,536 - Logs/video_20220719_093025 - INFO - Incorrect distance between rightwrist_righthip
2023-04-09 19:16:56,536 - Logs/video_20220719_093025 - INFO - distance_between_rightwrist_righthip: 24.020824298928627: (30, 60)
2023-04-09 19:16:56,537 - Logs/video_20220719_093025 - INFO - Incorrect distance between leftwrist_lefthip
2023-04-09 19:16:56,537 - Logs/video_20220719_093025 - INFO - distance_between_leftwrist_lefthip: 167.28717822953436: (30, 60)
2023-04-09 19:16:56,537 - Logs/video_20220719_093025 - INFO - Incorrect angle between ankles
2023-04-09 19:16:56,537 - Logs/video_20220719_093025 - INFO - angle_between_ankle: 69.82473011808455: (80, 120)
2023-04-09 19:16:56,925 - Logs/video_20220719_093025 - INFO - Incorrect Front Savdhan Position
2023-04-09 19:16:56,925 - Logs/video_20220719_093025 - INFO - Incorrect distance between rightwrist_righthip
2023-04-09 19:16:56,925 - Logs/video_20220719_093025 - INFO - distance_between_rightwrist_righthip: 24.698178070456937: (30, 60)
2023-04-09 19:16:56,926 - Logs/video_20220719_093025 - INFO - Incorrect distance between leftwrist_lefthip
2023-04-09 19:16:56,926 - Logs/video_20220719_093025 - INFO - distance_between_leftwrist_lefthip: 160.85397104206038: (30, 60)
2023-04-09 19:16:56,926 - Logs/video_20220719_093025 - INFO - Incorrect angle between ankles
2023-04-09 19:16:56,926 - Logs/video_20220719_093025 - INFO - angle_between_ankle: 67.32285838375508: (80, 120)
2023-04-09 19:16:57,305 - Logs/video_20220719_093025 - INFO - Incorrect Front Savdhan Position
2023-04-09 19:16:57,306 - Logs/video_20220719_093025 - INFO - Incorrect distance between rightwrist_righthip
2023-04-09 19:16:57,306 - Logs/video_20220719_093025 - INFO - distance_between_rightwrist_righthip: 24.331050121192877: (30, 60)
2023-04-09 19:16:57,306 - Logs/video_20220719_093025 - INFO - Incorrect distance between leftwrist_lefthip
2023-04-09 19:16:57,306 - Logs/video_20220719_093025 - INFO - distance_between_leftwrist_lefthip: 164.55090397806995: (30, 60)
2023-04-09 19:16:57,306 - Logs/video_20220719_093025 - INFO - Incorrect angle between ankles
2023-04-09 19:16:57,306 - Logs/video_20220719_093025 - INFO - angle_between_ankle: 67.99567017334664: (80, 120)
2023-04-09 19:16:57,691 - Logs/video_20220719_093025 - INFO - Incorrect Front Savdhan Position
2023-04-09 19:16:57,691 - Logs/video_20220719_093025 - INFO - Incorrect distance between rightwrist_righthip
2023-04-09 19:16:57,691 - Logs/video_20220719_093025 - INFO - distance_between_rightwrist_righthip: 23.769728648009426: (30, 60)
2023-04-09 19:16:57,691 - Logs/video_20220719_093025 - INFO - Incorrect distance between leftwrist_lefthip
2023-04-09 19:16:57,691 - Logs/video_20220719_093025 - INFO - distance_between_leftwrist_lefthip: 159.3549497191725: (30, 60)
2023-04-09 19:16:57,692 - Logs/video_20220719_093025 - INFO - Incorrect angle between ankles
2023-04-09 19:16:57,692 - Logs/video_20220719_093025 - INFO - angle_between_ankle: 70.8209919741893: (80, 120)
2023-04-09 19:16:58,070 - Logs/video_20220719_093025 - INFO - Incorrect Front Savdhan Position
2023-04-09 19:16:58,070 - Logs/video_20220719_093025 - INFO - Incorrect distance between rightwrist_righthip
2023-04-09 19:16:58,070 - Logs/video_20220719_093025 - INFO - distance_between_rightwrist_righthip: 26.1725046566048: (30, 60)
2023-04-09 19:16:58,070 - Logs/video_20220719_093025 - INFO - Incorrect distance between leftwrist_lefthip
2023-04-09 19:16:58,070 - Logs/video_20220719_093025 - INFO - distance_between_leftwrist_lefthip: 164.0: (30, 60)
2023-04-09 19:16:58,071 - Logs/video_20220719_093025 - INFO - Incorrect angle between ankles
2023-04-09 19:16:58,071 - Logs/video_20220719_093025 - INFO - angle_between_ankle: 75.22634710278058: (80, 120)
2023-04-09 19:16:58,463 - Logs/video_20220719_093025 - INFO - Incorrect Front Savdhan Position
2023-04-09 19:16:58,463 - Logs/video_20220719_093025 - INFO - Incorrect distance between rightwrist_righthip
2023-04-09 19:16:58,463 - Logs/video_20220719_093025 - INFO - distance_between_rightwrist_righthip: 24.331050121192877: (30, 60)
2023-04-09 19:16:58,464 - Logs/video_20220719_093025 - INFO - Incorrect distance between leftwrist_lefthip
2023-04-09 19:16:58,464 - Logs/video_20220719_093025 - INFO - distance_between_leftwrist_lefthip: 166.715326230074: (30, 60)
2023-04-09 19:16:58,464 - Logs/video_20220719_093025 - INFO - Incorrect angle between ankles
2023-04-09 19:16:58,464 - Logs/video_20220719_093025 - INFO - angle_between_ankle: 76.46005019802902: (80, 120)
2023-04-09 19:16:58,852 - Logs/video_20220719_093025 - INFO - Incorrect Front Savdhan Position
2023-04-09 19:16:58,852 - Logs/video_20220719_093025 - INFO - Incorrect distance between knees
2023-04-09 19:16:58,852 - Logs/video_20220719_093025 - INFO - distance_between_knees: 34.48187929913333: (35, 60)
2023-04-09 19:16:58,852 - Logs/video_20220719_093025 - INFO - Incorrect distance between rightwrist_righthip
2023-04-09 19:16:58,852 - Logs/video_20220719_093025 - INFO - distance_between_rightwrist_righthip: 23.194827009486403: (30, 60)
2023-04-09 19:16:58,852 - Logs/video_20220719_093025 - INFO - Incorrect distance between leftwrist_lefthip
2023-04-09 19:16:58,852 - Logs/video_20220719_093025 - INFO - distance_between_leftwrist_lefthip: 157.9271984174987: (30, 60)
2023-04-09 19:16:58,853 - Logs/video_20220719_093025 - INFO - Incorrect angle between ankles
2023-04-09 19:16:58,853 - Logs/video_20220719_093025 - INFO - angle_between_ankle: 67.65835579957765: (80, 120)
2023-04-09 19:16:59,271 - Logs/video_20220719_093025 - INFO - Incorrect Front Savdhan Position
2023-04-09 19:16:59,271 - Logs/video_20220719_093025 - INFO - Incorrect distance between rightwrist_righthip
2023-04-09 19:16:59,271 - Logs/video_20220719_093025 - INFO - distance_between_rightwrist_righthip: 25.019992006393608: (30, 60)
2023-04-09 19:16:59,271 - Logs/video_20220719_093025 - INFO - Incorrect distance between leftwrist_lefthip
2023-04-09 19:16:59,271 - Logs/video_20220719_093025 - INFO - distance_between_leftwrist_lefthip: 167.4873129523547: (30, 60)
2023-04-09 19:16:59,272 - Logs/video_20220719_093025 - INFO - Incorrect angle between ankles
2023-04-09 19:16:59,272 - Logs/video_20220719_093025 - INFO - angle_between_ankle: 75.24738083326721: (80, 120)
2023-04-09 19:16:59,665 - Logs/video_20220719_093025 - INFO - Incorrect Front Savdhan Position
2023-04-09 19:16:59,665 - Logs/video_20220719_093025 - INFO - Incorrect distance between rightwrist_righthip
2023-04-09 19:16:59,665 - Logs/video_20220719_093025 - INFO - distance_between_rightwrist_righthip: 24.186773244895647: (30, 60)
2023-04-09 19:16:59,665 - Logs/video_20220719_093025 - INFO - Incorrect distance between leftwrist_lefthip
2023-04-09 19:16:59,665 - Logs/video_20220719_093025 - INFO - distance_between_leftwrist_lefthip: 169.0562036720333: (30, 60)
2023-04-09 19:16:59,666 - Logs/video_20220719_093025 - INFO - Incorrect angle between ankles
2023-04-09 19:16:59,666 - Logs/video_20220719_093025 - INFO - angle_between_ankle: 75.69972255081441: (80, 120)
2023-04-09 19:17:00,046 - Logs/video_20220719_093025 - INFO - Incorrect Front Savdhan Position
2023-04-09 19:17:00,046 - Logs/video_20220719_093025 - INFO - Incorrect distance between rightwrist_righthip
2023-04-09 19:17:00,047 - Logs/video_20220719_093025 - INFO - distance_between_rightwrist_righthip: 26.30589287593181: (30, 60)
2023-04-09 19:17:00,047 - Logs/video_20220719_093025 - INFO - Incorrect distance between leftwrist_lefthip
2023-04-09 19:17:00,047 - Logs/video_20220719_093025 - INFO - distance_between_leftwrist_lefthip: 169.0562036720333: (30, 60)
2023-04-09 19:17:00,047 - Logs/video_20220719_093025 - INFO - Incorrect angle between ankles
2023-04-09 19:17:00,047 - Logs/video_20220719_093025 - INFO - angle_between_ankle: 67.71956105460671: (80, 120)
2023-04-09 19:17:00,426 - Logs/video_20220719_093025 - INFO - Incorrect Front Savdhan Position
2023-04-09 19:17:00,426 - Logs/video_20220719_093025 - INFO - Incorrect distance between rightwrist_righthip
2023-04-09 19:17:00,426 - Logs/video_20220719_093025 - INFO - distance_between_rightwrist_righthip: 23.345235059857504: (30, 60)
2023-04-09 19:17:00,426 - Logs/video_20220719_093025 - INFO - Incorrect distance between leftwrist_lefthip
2023-04-09 19:17:00,427 - Logs/video_20220719_093025 - INFO - distance_between_leftwrist_lefthip: 166.715326230074: (30, 60)
2023-04-09 19:17:00,427 - Logs/video_20220719_093025 - INFO - Incorrect angle between ankles
2023-04-09 19:17:00,427 - Logs/video_20220719_093025 - INFO - angle_between_ankle: 68.2261896345931: (80, 120)
2023-04-09 19:17:00,813 - Logs/video_20220719_093025 - INFO - Incorrect Front Savdhan Position
2023-04-09 19:17:00,814 - Logs/video_20220719_093025 - INFO - Incorrect distance between rightwrist_righthip
2023-04-09 19:17:00,814 - Logs/video_20220719_093025 - INFO - distance_between_rightwrist_righthip: 23.08679276123039: (30, 60)
2023-04-09 19:17:00,814 - Logs/video_20220719_093025 - INFO - Incorrect distance between leftwrist_lefthip
2023-04-09 19:17:00,814 - Logs/video_20220719_093025 - INFO - distance_between_leftwrist_lefthip: 169.0562036720333: (30, 60)
2023-04-09 19:17:00,814 - Logs/video_20220719_093025 - INFO - Incorrect angle between ankles
2023-04-09 19:17:00,814 - Logs/video_20220719_093025 - INFO - angle_between_ankle: 77.26980197958073: (80, 120)
2023-04-09 19:17:01,187 - Logs/video_20220719_093025 - INFO - Incorrect Front Savdhan Position
2023-04-09 19:17:01,187 - Logs/video_20220719_093025 - INFO - Incorrect distance between rightwrist_righthip
2023-04-09 19:17:01,187 - Logs/video_20220719_093025 - INFO - distance_between_rightwrist_righthip: 25.019992006393608: (30, 60)
2023-04-09 19:17:01,188 - Logs/video_20220719_093025 - INFO - Incorrect distance between leftwrist_lefthip
2023-04-09 19:17:01,188 - Logs/video_20220719_093025 - INFO - distance_between_leftwrist_lefthip: 167.88686666919483: (30, 60)
2023-04-09 19:17:01,188 - Logs/video_20220719_093025 - INFO - Incorrect angle between ankles
2023-04-09 19:17:01,188 - Logs/video_20220719_093025 - INFO - angle_between_ankle: 74.65563560663726: (80, 120)
2023-04-09 19:17:01,579 - Logs/video_20220719_093025 - INFO - Incorrect Front Savdhan Position
2023-04-09 19:17:01,579 - Logs/video_20220719_093025 - INFO - Incorrect distance between rightwrist_righthip
2023-04-09 19:17:01,579 - Logs/video_20220719_093025 - INFO - distance_between_rightwrist_righthip: 24.020824298928627: (30, 60)
2023-04-09 19:17:01,579 - Logs/video_20220719_093025 - INFO - Incorrect distance between leftwrist_lefthip
2023-04-09 19:17:01,579 - Logs/video_20220719_093025 - INFO - distance_between_leftwrist_lefthip: 166.50825805346713: (30, 60)
2023-04-09 19:17:01,579 - Logs/video_20220719_093025 - INFO - Incorrect angle between ankles
2023-04-09 19:17:01,579 - Logs/video_20220719_093025 - INFO - angle_between_ankle: 65.8627883360467: (80, 120)
2023-04-09 19:17:01,964 - Logs/video_20220719_093025 - INFO - Incorrect Front Savdhan Position
2023-04-09 19:17:01,965 - Logs/video_20220719_093025 - INFO - Incorrect distance between rightwrist_righthip
2023-04-09 19:17:01,965 - Logs/video_20220719_093025 - INFO - distance_between_rightwrist_righthip: 23.345235059857504: (30, 60)
2023-04-09 19:17:01,965 - Logs/video_20220719_093025 - INFO - Incorrect distance between leftwrist_lefthip
2023-04-09 19:17:01,965 - Logs/video_20220719_093025 - INFO - distance_between_leftwrist_lefthip: 166.1114083980989: (30, 60)
2023-04-09 19:17:01,965 - Logs/video_20220719_093025 - INFO - Incorrect angle between ankles
2023-04-09 19:17:01,965 - Logs/video_20220719_093025 - INFO - angle_between_ankle: 68.5345743312174: (80, 120)
2023-04-09 19:17:02,348 - Logs/video_20220719_093025 - INFO - Incorrect Front Savdhan Position
2023-04-09 19:17:02,348 - Logs/video_20220719_093025 - INFO - Incorrect distance between rightwrist_righthip
2023-04-09 19:17:02,348 - Logs/video_20220719_093025 - INFO - distance_between_rightwrist_righthip: 25.079872407968907: (30, 60)
2023-04-09 19:17:02,348 - Logs/video_20220719_093025 - INFO - Incorrect distance between leftwrist_lefthip
2023-04-09 19:17:02,348 - Logs/video_20220719_093025 - INFO - distance_between_leftwrist_lefthip: 167.09278859364338: (30, 60)
2023-04-09 19:17:02,348 - Logs/video_20220719_093025 - INFO - Incorrect angle between ankles
2023-04-09 19:17:02,348 - Logs/video_20220719_093025 - INFO - angle_between_ankle: 74.72870061973524: (80, 120)
2023-04-09 19:17:02,739 - Logs/video_20220719_093025 - INFO - Incorrect Front Savdhan Position
2023-04-09 19:17:02,740 - Logs/video_20220719_093025 - INFO - Incorrect distance between rightwrist_righthip
2023-04-09 19:17:02,740 - Logs/video_20220719_093025 - INFO - distance_between_rightwrist_righthip: 24.0: (30, 60)
2023-04-09 19:17:02,740 - Logs/video_20220719_093025 - INFO - Incorrect distance between leftwrist_lefthip
2023-04-09 19:17:02,740 - Logs/video_20220719_093025 - INFO - distance_between_leftwrist_lefthip: 166.50825805346713: (30, 60)
2023-04-09 19:17:02,740 - Logs/video_20220719_093025 - INFO - Incorrect angle between ankles
2023-04-09 19:17:02,740 - Logs/video_20220719_093025 - INFO - angle_between_ankle: 67.59223730971935: (80, 120)
2023-04-09 19:17:03,127 - Logs/video_20220719_093025 - INFO - Correct Front Savdhan Position
2023-04-09 19:17:03,522 - Logs/video_20220719_093025 - INFO - Incorrect Front Savdhan Position
2023-04-09 19:17:03,522 - Logs/video_20220719_093025 - INFO - Incorrect distance between leftwrist_lefthip
2023-04-09 19:17:03,522 - Logs/video_20220719_093025 - INFO - distance_between_leftwrist_lefthip: 26.076809620810597: (30, 60)
2023-04-09 19:17:03,930 - Logs/video_20220719_093025 - INFO - Incorrect Front Savdhan Position
2023-04-09 19:17:03,930 - Logs/video_20220719_093025 - INFO - Incorrect distance between leftwrist_lefthip
2023-04-09 19:17:03,930 - Logs/video_20220719_093025 - INFO - distance_between_leftwrist_lefthip: 28.160255680657446: (30, 60)
2023-04-09 19:17:04,322 - Logs/video_20220719_093025 - INFO - Incorrect Front Savdhan Position
2023-04-09 19:17:04,323 - Logs/video_20220719_093025 - INFO - Incorrect distance between leftwrist_lefthip
2023-04-09 19:17:04,323 - Logs/video_20220719_093025 - INFO - distance_between_leftwrist_lefthip: 26.68332812825267: (30, 60)
2023-04-09 19:17:04,704 - Logs/video_20220719_093025 - INFO - Incorrect Front Savdhan Position
2023-04-09 19:17:04,705 - Logs/video_20220719_093025 - INFO - Incorrect distance between leftwrist_lefthip
2023-04-09 19:17:04,705 - Logs/video_20220719_093025 - INFO - distance_between_leftwrist_lefthip: 26.1725046566048: (30, 60)
2023-04-09 19:17:05,095 - Logs/video_20220719_093025 - INFO - Incorrect Front Savdhan Position
2023-04-09 19:17:05,095 - Logs/video_20220719_093025 - INFO - Incorrect distance between leftwrist_lefthip
2023-04-09 19:17:05,095 - Logs/video_20220719_093025 - INFO - distance_between_leftwrist_lefthip: 28.442925306655784: (30, 60)
2023-04-09 19:17:05,502 - Logs/video_20220719_093025 - INFO - Incorrect Front Savdhan Position
2023-04-09 19:17:05,502 - Logs/video_20220719_093025 - INFO - Incorrect distance between leftwrist_lefthip
2023-04-09 19:17:05,503 - Logs/video_20220719_093025 - INFO - distance_between_leftwrist_lefthip: 28.284271247461902: (30, 60)
2023-04-09 19:17:05,896 - Logs/video_20220719_093025 - INFO - Incorrect Front Savdhan Position
2023-04-09 19:17:05,896 - Logs/video_20220719_093025 - INFO - Incorrect distance between rightwrist_righthip
2023-04-09 19:17:05,896 - Logs/video_20220719_093025 - INFO - distance_between_rightwrist_righthip: 29.832867780352597: (30, 60)
2023-04-09 19:17:05,896 - Logs/video_20220719_093025 - INFO - Incorrect distance between leftwrist_lefthip
2023-04-09 19:17:05,896 - Logs/video_20220719_093025 - INFO - distance_between_leftwrist_lefthip: 25.495097567963924: (30, 60)
2023-04-09 19:17:06,301 - Logs/video_20220719_093025 - INFO - Incorrect Front Savdhan Position
2023-04-09 19:17:06,301 - Logs/video_20220719_093025 - INFO - Incorrect distance between leftwrist_lefthip
2023-04-09 19:17:06,301 - Logs/video_20220719_093025 - INFO - distance_between_leftwrist_lefthip: 27.892651361962706: (30, 60)
2023-04-09 19:17:06,693 - Logs/video_20220719_093025 - INFO - Incorrect Front Savdhan Position
2023-04-09 19:17:06,694 - Logs/video_20220719_093025 - INFO - Incorrect distance between leftwrist_lefthip
2023-04-09 19:17:06,694 - Logs/video_20220719_093025 - INFO - distance_between_leftwrist_lefthip: 26.30589287593181: (30, 60)
2023-04-09 19:17:07,094 - Logs/video_20220719_093025 - INFO - Incorrect Front Savdhan Position
2023-04-09 19:17:07,094 - Logs/video_20220719_093025 - INFO - Incorrect distance between leftwrist_lefthip
2023-04-09 19:17:07,094 - Logs/video_20220719_093025 - INFO - distance_between_leftwrist_lefthip: 26.476404589747453: (30, 60)
2023-04-09 19:17:07,586 - Logs/video_20220719_093025 - INFO - Incorrect Front Savdhan Position
2023-04-09 19:17:07,586 - Logs/video_20220719_093025 - INFO - Incorrect distance between leftwrist_lefthip
2023-04-09 19:17:07,586 - Logs/video_20220719_093025 - INFO - distance_between_leftwrist_lefthip: 27.459060435491963: (30, 60)
2023-04-09 19:17:07,971 - Logs/video_20220719_093025 - INFO - Incorrect Front Savdhan Position
2023-04-09 19:17:07,971 - Logs/video_20220719_093025 - INFO - Incorrect distance between leftwrist_lefthip
2023-04-09 19:17:07,971 - Logs/video_20220719_093025 - INFO - distance_between_leftwrist_lefthip: 26.30589287593181: (30, 60)
2023-04-09 19:17:08,377 - Logs/video_20220719_093025 - INFO - Incorrect Front Savdhan Position
2023-04-09 19:17:08,377 - Logs/video_20220719_093025 - INFO - Incorrect distance between leftwrist_lefthip
2023-04-09 19:17:08,377 - Logs/video_20220719_093025 - INFO - distance_between_leftwrist_lefthip: 26.30589287593181: (30, 60)
2023-04-09 19:17:08,763 - Logs/video_20220719_093025 - INFO - Incorrect Front Savdhan Position
2023-04-09 19:17:08,764 - Logs/video_20220719_093025 - INFO - Incorrect distance between leftwrist_lefthip
2023-04-09 19:17:08,764 - Logs/video_20220719_093025 - INFO - distance_between_leftwrist_lefthip: 28.284271247461902: (30, 60)
2023-04-09 19:17:09,168 - Logs/video_20220719_093025 - INFO - Incorrect Front Savdhan Position
2023-04-09 19:17:09,168 - Logs/video_20220719_093025 - INFO - Incorrect distance between leftwrist_lefthip
2023-04-09 19:17:09,168 - Logs/video_20220719_093025 - INFO - distance_between_leftwrist_lefthip: 28.861739379323623: (30, 60)
2023-04-09 19:17:09,563 - Logs/video_20220719_093025 - INFO - Incorrect Front Savdhan Position
2023-04-09 19:17:09,563 - Logs/video_20220719_093025 - INFO - Incorrect distance between leftwrist_lefthip
2023-04-09 19:17:09,563 - Logs/video_20220719_093025 - INFO - distance_between_leftwrist_lefthip: 27.294688127912362: (30, 60)
